TPCCSubmitter.java:52, TPCCSubmitter.java:51
TraceObject.java:172, TraceObject.java:172
StringCache.java:93, StringCache.java:83
ValueInt.java:63, ValueInt.java:60
TreeIndex.java:259, TreeIndex.java:46
ScanIndex.java:295, ScanIndex.java:206
TreeIndex.java:130, TreeIndex.java:272
TreeNode.java:42, TreeIndex.java:262
TableData.java:121, TableData.java:366
TreeIndex.java:333, TreeIndex.java:187
TreeIndex.java:333, TreeIndex.java:196
TreeIndex.java:68, TreeIndex.java:206
TreeIndex.java:79, TreeIndex.java:74
TreeIndex.java:68, TreeIndex.java:68
ScanIndex.java:130, ScanIndex.java:187
ScanIndex.java:165, ScanIndex.java:165
TableData.java:133, TableData.java:374
TreeIndex.java:272, TreeIndex.java:130
TPCCReporter.java:28, TPCCReporter.java:26
TreeIndex.java:135, TreeNode.java:52
TreeIndex.java:330, TreeIndex.java:135
TreeIndex.java:319, TreeIndex.java:132
TreeIndex.java:197, TreeIndex.java:164
TreeIndex.java:109, TreeIndex.java:135
TreeIndex.java:219, TreeIndex.java:74
ScanIndex.java:295, ScanIndex.java:147
StringCache.java:54, StringCache.java:83
TreeIndex.java:132, TreeIndex.java:274
TreeIndex.java:121, TreeIndex.java:333
TreeIndex.java:132, TreeIndex.java:319
TreeIndex.java:135, TreeIndex.java:333
TreeIndex.java:168, TreeIndex.java:333
TreeIndex.java:130, TreeNode.java:52
TreeIndex.java:88, TreeIndex.java:214
TreeIndex.java:98, TreeIndex.java:74
TreeIndex.java:99, TreeIndex.java:74
StringCache.java:83, StringCache.java:54
TreeIndex.java:130, TreeIndex.java:325
TreeNode.java:42, TreeCursor.java:56
TreeIndex.java:333, TreeIndex.java:135
TreeIndex.java:132, TreeIndex.java:331
Value.java:341, Value.java:351
TreeIndex.java:331, TreeIndex.java:132
TreeIndex.java:76, TreeIndex.java:214
TreeIndex.java:132, TreeIndex.java:114
TableData.java:121, TableData.java:121
ObjectArray.java:100, ObjectArray.java:220
TreeIndex.java:47, TreeIndex.java:68
TreeIndex.java:46, TreeIndex.java:259
TableData.java:133, TableData.java:133
ScanIndex.java:147, ScanIndex.java:147
ValueInt.java:60, ValueInt.java:63
ScanIndex.java:147, ScanIndex.java:295
TreeIndex.java:270, TreeIndex.java:130
TreeIndex.java:130, TreeIndex.java:270
TreeIndex.java:135, TreeIndex.java:330
TreeIndex.java:330, TreeIndex.java:196
TreeIndex.java:330, TreeIndex.java:201
TreeIndex.java:135, TreeIndex.java:196
TreeIndex.java:135, TreeIndex.java:201
TreeIndex.java:135, TreeIndex.java:135
TreeIndex.java:98, TreeIndex.java:214
TreeIndex.java:331, TreeIndex.java:188
TreeIndex.java:319, TreeIndex.java:189
TreeIndex.java:99, TreeIndex.java:214
TreeIndex.java:79, TreeIndex.java:214
TreeIndex.java:79, TreeIndex.java:223
TreeIndex.java:206, TreeIndex.java:47
TreeIndex.java:130, TreeIndex.java:114
TreeIndex.java:97, TreeIndex.java:74
TreeIndex.java:322, TreeIndex.java:130
TreeIndex.java:159, TreeIndex.java:159
TreeIndex.java:330, TreeIndex.java:168
TreeIndex.java:270, TreeIndex.java:190
TreeIndex.java:119, TreeIndex.java:259
TreeIndex.java:79, TreeIndex.java:159
Value.java:351, Value.java:341
TreeIndex.java:130, TreeIndex.java:156
TreeIndex.java:98, TreeIndex.java:158
TreeIndex.java:130, TreeIndex.java:322
TreeIndex.java:270, TreeIndex.java:180
TreeIndex.java:319, TreeIndex.java:181
StringCache.java:54, StringCache.java:48
TreeIndex.java:325, TreeIndex.java:130
TreeIndex.java:87, TreeIndex.java:74
TreeIndex.java:88, TreeIndex.java:74
TreeIndex.java:325, TreeIndex.java:173
TreeIndex.java:333, TreeIndex.java:178
TreeIndex.java:325, TreeIndex.java:180
TreeIndex.java:333, TreeIndex.java:197
TreeIndex.java:325, TreeIndex.java:199
TreeIndex.java:331, TreeIndex.java:203
TreeIndex.java:219, TreeIndex.java:214
TreeIndex.java:197, TreeNode.java:52
TreeIndex.java:159, TreeIndex.java:214
TreeIndex.java:109, TreeIndex.java:196
Record.java:79, Record.java:72
ObjectArray.java:211, ObjectArray.java:211
ObjectArray.java:211, ObjectArray.java:113
TreeIndex.java:79, TreeIndex.java:158
TreeIndex.java:88, TreeIndex.java:239
TreeIndex.java:79, TreeIndex.java:239
TreeIndex.java:197, TreeIndex.java:330
TreeIndex.java:76, TreeIndex.java:74
StringCache.java:48, StringCache.java:93
TreeNode.java:42, TreeIndex.java:53
TreeIndex.java:132, TreeIndex.java:146
TreeIndex.java:135, TreeIndex.java:121
TreeIndex.java:197, TreeIndex.java:333
TreeIndex.java:135, TreeIndex.java:254
TreeIndex.java:219, TreeIndex.java:223
TreeNode.java:52, TreeIndex.java:130
TreeIndex.java:88, TreeIndex.java:223
TreeIndex.java:319, TreeIndex.java:188
TreeIndex.java:135, TreeIndex.java:197
Row.java:79, Row.java:58
StringCache.java:48, StringCache.java:54
TreeIndex.java:322, TreeIndex.java:173
TreeIndex.java:121, TreeIndex.java:135
TreeIndex.java:109, TreeIndex.java:187
TreeIndex.java:114, TreeIndex.java:132
TreeNode.java:52, TreeIndex.java:190
TreeNode.java:52, TreeIndex.java:199
TreeIndex.java:109, TreeIndex.java:121
Record.java:64, Record.java:83
TreeIndex.java:135, TreeIndex.java:109
TreeIndex.java:219, TreeIndex.java:158
TreeIndex.java:135, TreeIndex.java:124
TreeNode.java:52, TreeIndex.java:180
TreeIndex.java:109, TreeIndex.java:197
TreeIndex.java:99, TreeIndex.java:223
TreeIndex.java:173, TreeNode.java:52
Record.java:68, Record.java:72
TreeIndex.java:88, TreeIndex.java:159
TreeIndex.java:159, TreeIndex.java:74
TreeIndex.java:97, TreeIndex.java:158
TreeIndex.java:159, TreeIndex.java:223
TreeIndex.java:196, TreeIndex.java:132
TreeIndex.java:197, TreeIndex.java:130
TreeIndex.java:99, TreeIndex.java:159
TreeIndex.java:135, TreeIndex.java:164
Row.java:49, Row.java:45
TreeIndex.java:216, TreeIndex.java:74
TreeIndex.java:331, TreeIndex.java:171
TreeIndex.java:322, TreeIndex.java:199
TreeIndex.java:87, TreeIndex.java:223
TreeIndex.java:98, TreeIndex.java:223
TreeIndex.java:322, TreeIndex.java:190
TreeIndex.java:333, TreeIndex.java:121
TreeIndex.java:246, TreeIndex.java:214
TreeIndex.java:76, TreeIndex.java:159
TreeIndex.java:274, TreeIndex.java:132
TreeIndex.java:272, TreeIndex.java:199
TreeIndex.java:219, TreeIndex.java:159
TreeIndex.java:233, TreeIndex.java:74
TreeIndex.java:234, TreeIndex.java:74
TreeIndex.java:330, TreeIndex.java:121
TreeIndex.java:114, TreeIndex.java:171
TreeIndex.java:114, TreeIndex.java:203
TreeIndex.java:99, TreeIndex.java:239
TreeIndex.java:97, TreeIndex.java:214
TreeIndex.java:246, TreeIndex.java:74
TreeIndex.java:132, TreeIndex.java:170
TreeIndex.java:216, TreeIndex.java:158
TreeIndex.java:130, TreeIndex.java:145
TreeIndex.java:333, TreeIndex.java:168
TreeIndex.java:97, TreeIndex.java:159
TreeIndex.java:98, TreeIndex.java:239
TreeIndex.java:76, TreeIndex.java:223
TreeNode.java:52, TreeIndex.java:173
TreeIndex.java:245, TreeIndex.java:74
TreeIndex.java:98, TreeIndex.java:159
TreeIndex.java:272, TreeIndex.java:173
TreeIndex.java:274, TreeIndex.java:203
TreeIndex.java:274, TreeIndex.java:171
TreeIndex.java:319, TreeIndex.java:203
TreeIndex.java:246, TreeIndex.java:223
TreeIndex.java:229, TreeIndex.java:74
TreeIndex.java:109, TreeIndex.java:168
TreeIndex.java:109, TreeIndex.java:178
CacheObject.java:98, CacheObject.java:98
TreeIndex.java:121, TreeNode.java:52
TreeIndex.java:196, TreeIndex.java:188
TreeIndex.java:135, TreeIndex.java:163
TreeIndex.java:132, TreeIndex.java:152
TreeIndex.java:216, TreeIndex.java:223
TreeIndex.java:121, TreeIndex.java:196
TreeIndex.java:170, TreeIndex.java:171
TreeIndex.java:87, TreeIndex.java:239
TreeIndex.java:244, TreeIndex.java:74
TreeIndex.java:216, TreeIndex.java:214
TreeIndex.java:229, TreeIndex.java:223
TreeIndex.java:245, TreeIndex.java:223
TreeIndex.java:132, TreeIndex.java:147
TreeIndex.java:97, TreeIndex.java:239
TreeIndex.java:331, TreeIndex.java:189
TreeIndex.java:97, TreeIndex.java:223
TreeIndex.java:114, TreeIndex.java:188
TreeIndex.java:114, TreeIndex.java:199
TreeIndex.java:319, TreeIndex.java:171
TreeIndex.java:233, TreeIndex.java:158
TreeIndex.java:87, TreeIndex.java:214
TreeIndex.java:114, TreeIndex.java:173
TreeIndex.java:325, TreeIndex.java:190
TreeIndex.java:76, TreeIndex.java:239
TreeIndex.java:170, TreeIndex.java:132
TreeIndex.java:170, TreeIndex.java:188
TreeIndex.java:233, TreeIndex.java:214
TreeIndex.java:168, TreeIndex.java:164
TreeIndex.java:197, TreeIndex.java:197
TreeIndex.java:274, TreeIndex.java:188
TreeIndex.java:197, TreeIndex.java:124
TreeIndex.java:219, TreeIndex.java:239
TreeIndex.java:246, TreeIndex.java:159
TreeIndex.java:244, TreeIndex.java:158
TreeIndex.java:216, TreeIndex.java:159
TreeIndex.java:114, TreeIndex.java:130
TreeIndex.java:234, TreeIndex.java:159
TreeIndex.java:87, TreeIndex.java:158
TreeIndex.java:229, TreeIndex.java:214
TreeIndex.java:135, TreeIndex.java:168
TreeIndex.java:322, TreeIndex.java:180
TreeIndex.java:244, TreeIndex.java:223
TreeIndex.java:197, TreeIndex.java:163
TreeIndex.java:272, TreeIndex.java:180
TreeIndex.java:230, TreeIndex.java:214
TreeIndex.java:196, TreeIndex.java:181
TreeIndex.java:196, TreeIndex.java:203
TreeIndex.java:331, TreeIndex.java:181
TreeIndex.java:245, TreeIndex.java:214
TreeIndex.java:196, TreeIndex.java:171
TreeIndex.java:330, TreeIndex.java:197
TreeIndex.java:121, TreeIndex.java:124
TreeIndex.java:121, TreeIndex.java:254
TreeIndex.java:234, TreeIndex.java:214
TreeIndex.java:274, TreeIndex.java:189
TreeIndex.java:135, TreeIndex.java:210
TreeIndex.java:216, TreeIndex.java:239
TreeIndex.java:173, TreeIndex.java:272
TreeIndex.java:245, TreeIndex.java:158
TreeIndex.java:230, TreeIndex.java:74
TreeIndex.java:234, TreeIndex.java:223
TreeIndex.java:168, TreeNode.java:52
TreeIndex.java:152, TreeIndex.java:171
TreeIndex.java:152, TreeIndex.java:203
TreeIndex.java:330, TreeIndex.java:178
TreeIndex.java:121, TreeIndex.java:121
TreeIndex.java:270, TreeIndex.java:173
