NioEndpoint.java:1325, NioEndpoint.java:1334
NioEndpoint.java:1326, NioEndpoint.java:1336
NioEndpoint.java:200, NioEndpoint.java:2201
NioEndpoint.java:2196, NioEndpoint.java:2204
NioEndpoint.java:2197, NioEndpoint.java:2217
MessageBytes.java:726, MessageBytes.java:80
NioEndpoint.java:1826, NioEndpoint.java:1860
URI.java:0, HttpHost.java:0
URI.java:0, HttpMethodBase.java:0
NioChannel.java:54, NioChannel.java:159
NioChannel.java:187, NioChannel.java:150
NioEndpoint.java:1398, NioEndpoint.java:1401
Response.java:51, Response.java:105
NioEndpoint.java:1816, NioEndpoint.java:1840
NioEndpoint.java:1891, NioEndpoint.java:1840
NioEndpoint.java:1814, NioEndpoint.java:1853
NioEndpoint.java:1829, NioEndpoint.java:1889
NioEndpoint.java:1858, NioEndpoint.java:1858
HexUtils.java:40, Http11NioProcessor.java:107
FastHttpDateFormat.java:115, FastHttpDateFormat.java:112
FastHttpDateFormat.java:116, FastHttpDateFormat.java:120
JspCompilationContext.java:572, JspCompilationContext.java:626
ManagerBase.java:741, ManagerBase.java:740
ManagerBase.java:828, ManagerBase.java:828
SecurityUtil.java:29, SecurityUtil.java:37
JspApplicationContextImpl.java:105, JspApplicationContextImpl.java:105
JspApplicationContextImpl.java:106, JspApplicationContextImpl.java:118
JspApplicationContextImpl.java:118, JspApplicationContextImpl.java:118
ELParserTokenManager.java:1144, ELParserTokenManager.java:1276
ELParserTokenManager.java:1123, ELParserTokenManager.java:1207
ELParserTokenManager.java:1139, ELParserTokenManager.java:1279
ELParser.java:1965, ELParser.java:6
ELParser.java:1966, ELParser.java:1925
ELParser.java:1965, ELParser.java:24
ELParser.java:6, ELParser.java:2009
ELParser.java:24, ELParser.java:2009
ELParser.java:2009, ELParser.java:143
ELParser.java:1306, ELParser.java:2009
ELParser.java:1303, ELParser.java:2009
ELParser.java:963, ELParser.java:2009
ELParser.java:143, ELParser.java:2009
ELParser.java:2009, ELParser.java:995
ELParser.java:648, ELParser.java:2009
ELParser.java:995, ELParser.java:2009
ELParser.java:2009, ELParser.java:963
ELParser.java:1966, ELParser.java:2040
ELParser.java:1925, ELParser.java:348
ELParser.java:2040, ELParser.java:348
ELParser.java:55, ELParser.java:2009
ELParser.java:164, ELParser.java:2009
ELParser.java:667, ELParser.java:2009
SimpleNode.java:63, SimpleNode.java:146
SimpleNode.java:69, SimpleNode.java:148
AstInteger.java:42, AstInteger.java:40
AstInteger.java:40, AstInteger.java:42
AstInteger.java:42, AstInteger.java:42
NioEndpoint.java:1326, NioEndpoint.java:1326
RequestInfo.java:165, RequestInfo.java:165
Http11NioProcessor.java:1075, Http11NioProcessor.java:800
InternalNioOutputBuffer.java:443, InternalNioOutputBuffer.java:193
InternalNioOutputBuffer.java:440, InternalNioOutputBuffer.java:193
InternalNioOutputBuffer.java:430, InternalNioOutputBuffer.java:193
InternalNioOutputBuffer.java:783, InternalNioOutputBuffer.java:193
InternalNioOutputBuffer.java:782, InternalNioOutputBuffer.java:193
InternalNioOutputBuffer.java:781, InternalNioOutputBuffer.java:193
InternalNioOutputBuffer.java:774, InternalNioOutputBuffer.java:193
InternalNioOutputBuffer.java:633, InternalNioOutputBuffer.java:193
InternalNioOutputBuffer.java:628, InternalNioOutputBuffer.java:193
InternalNioOutputBuffer.java:625, InternalNioOutputBuffer.java:193
InternalNioOutputBuffer.java:620, InternalNioOutputBuffer.java:193
CookieSpecBase.java:0, InternalNioInputBuffer.java:773
InternalNioInputBuffer.java:776, CookieSpecBase.java:0
InternalNioInputBuffer.java:774, CookieSpecBase.java:0
InternalNioInputBuffer.java:773, CookieSpecBase.java:0
CookieSpecBase.java:0, InternalNioInputBuffer.java:780
InternalNioOutputBuffer.java:208, InternalNioOutputBuffer.java:204
Http11NioProcessor.java:890, Http11NioProcessor.java:807
Http11NioProcessor.java:889, Http11NioProcessor.java:807
Http11NioProcessor.java:820, Http11NioProcessor.java:807
Http11NioProcessor.java:927, Http11NioProcessor.java:807
Http11NioProcessor.java:920, Http11NioProcessor.java:807
Http11NioProcessor.java:1714, Http11NioProcessor.java:808
Http11NioProcessor.java:820, Http11NioProcessor.java:808
Http11NioProcessor.java:889, Http11NioProcessor.java:808
Http11NioProcessor.java:1715, Http11NioProcessor.java:808
Http11NioProcessor.java:1073, Http11NioProcessor.java:809
Http11NioProtocol.java:729, Http11NioProcessor.java:809
Http11NioProcessor.java:956, Http11NioProcessor.java:809
Http11NioProcessor.java:820, Http11NioProcessor.java:809
Http11NioProcessor.java:932, Http11NioProcessor.java:809
Http11NioProcessor.java:916, Http11NioProcessor.java:809
Http11NioProcessor.java:899, Http11NioProcessor.java:809
Http11NioProcessor.java:898, Http11NioProcessor.java:809
InternalNioInputBuffer.java:369, InternalNioInputBuffer.java:411
InternalNioInputBuffer.java:370, InternalNioInputBuffer.java:415
InternalNioInputBuffer.java:372, InternalNioInputBuffer.java:430
InternalNioInputBuffer.java:373, InternalNioInputBuffer.java:515
InternalNioInputBuffer.java:830, InternalNioInputBuffer.java:690
InternalNioInputBuffer.java:833, InternalNioInputBuffer.java:712
InternalNioInputBuffer.java:831, InternalNioInputBuffer.java:723
InternalNioInputBuffer.java:832, InternalNioInputBuffer.java:759
NioEndpoint.java:652, NioEndpoint.java:653
Http11NioProcessor.java:1266, Http11NioProcessor.java:1266
Http11NioProcessor.java:91, Http11NioProcessor.java:796
Http11NioProcessor.java:800, Http11NioProcessor.java:800
Http11NioProcessor.java:93, Http11NioProcessor.java:801
InternalNioInputBuffer.java:199, InternalNioInputBuffer.java:199
InternalNioInputBuffer.java:618, InternalNioInputBuffer.java:199
InternalNioInputBuffer.java:616, InternalNioInputBuffer.java:199
InternalNioInputBuffer.java:615, InternalNioInputBuffer.java:199
InternalNioInputBuffer.java:612, InternalNioInputBuffer.java:199
InternalNioInputBuffer.java:598, InternalNioInputBuffer.java:199
Http11NioProcessor.java:98, Http11NioProcessor.java:802
InternalNioOutputBuffer.java:193, InternalNioOutputBuffer.java:193
InternalNioInputBuffer.java:210, InternalNioInputBuffer.java:210
InternalNioOutputBuffer.java:204, InternalNioOutputBuffer.java:204
Http11NioProcessor.java:807, Http11NioProcessor.java:807
Http11NioProcessor.java:880, Http11NioProcessor.java:807
Http11NioProcessor.java:861, Http11NioProcessor.java:807
Http11NioProcessor.java:808, Http11NioProcessor.java:808
Http11NioProcessor.java:809, Http11NioProcessor.java:809
Http11NioProcessor.java:638, Http11NioProcessor.java:812
Http11NioProcessor.java:670, Http11NioProcessor.java:824
Http11NioProcessor.java:939, Http11NioProcessor.java:1294
AstFloatingPoint.java:42, AstFloatingPoint.java:40
JspServletWrapper.java:96, JspServletWrapper.java:292
JspServletWrapper.java:94, JspServletWrapper.java:312
SimpleCharStream.java:181, SimpleNode.java:44
SimpleNode.java:44, SimpleCharStream.java:236
NioBlockingSelector.java:129, NioBlockingSelector.java:386
SimpleNode.java:121, AstInteger.java:40
ELParserTokenManager.java:1218, ELParser.java:2071
AstString.java:39, AstString.java:38
AstString.java:38, AstString.java:39
URI.java:0, Client.java:142
ByteChunk.java:147, ByteChunk.java:178
ByteChunk.java:148, ByteChunk.java:179
ByteChunk.java:149, ByteChunk.java:180
MessageBytes.java:107, MessageBytes.java:131
MessageBytes.java:114, MessageBytes.java:132
MessageBytes.java:115, MessageBytes.java:133
MessageBytes.java:116, MessageBytes.java:134
MessageBytes.java:117, MessageBytes.java:135
MessageBytes.java:118, MessageBytes.java:136
InternalNioInputBuffer.java:373, InternalNioInputBuffer.java:508
Request.java:443, Request.java:447
Http11NioProcessor.java:1717, Http11NioProcessor.java:1290
Http11NioProcessor.java:1610, Http11NioProcessor.java:1291
Http11NioProcessor.java:1681, Http11NioProcessor.java:1292
Http11NioProcessor.java:1606, Http11NioProcessor.java:1292
Http11NioProcessor.java:1706, Http11NioProcessor.java:1292
ServerCookie.java:107, ServerCookie.java:152
MessageBytes.java:112, MessageBytes.java:307
CharChunk.java:109, CharChunk.java:125
CharChunk.java:110, CharChunk.java:126
CharChunk.java:108, CharChunk.java:128
MessageBytes.java:111, MessageBytes.java:209
RequestInfo.java:237, RequestInfo.java:237
Request.java:406, Request.java:842
Request.java:423, Request.java:1667
Request.java:424, Request.java:1681
MappingData.java:42, Mapper.java:598
MappingData.java:43, Mapper.java:621
MessageBytes.java:111, MessageBytes.java:186
MessageBytes.java:115, MessageBytes.java:187
MessageBytes.java:116, MessageBytes.java:188
MessageBytes.java:117, MessageBytes.java:189
MessageBytes.java:118, MessageBytes.java:190
MessageBytes.java:114, MessageBytes.java:195
MessageBytes.java:107, MessageBytes.java:196
MappingData.java:44, Mapper.java:666
CharChunk.java:109, CharChunk.java:138
CharChunk.java:110, CharChunk.java:139
CharChunk.java:108, CharChunk.java:140
MessageBytes.java:107, MessageBytes.java:161
MessageBytes.java:114, MessageBytes.java:162
MessageBytes.java:115, MessageBytes.java:163
MessageBytes.java:116, MessageBytes.java:164
MessageBytes.java:117, MessageBytes.java:165
MessageBytes.java:118, MessageBytes.java:166
ByteChunk.java:149, ByteChunk.java:138
CharChunk.java:110, CharChunk.java:99
MessageBytes.java:114, MessageBytes.java:99
ELContextImpl.java:64, SimpleCharStream.java:26
SimpleCharStream.java:26, ELContextImpl.java:92
SimpleCharStream.java:26, ELContextImpl.java:81
ELContextImpl.java:92, SimpleCharStream.java:148
SimpleCharStream.java:148, ELContextImpl.java:92
AstFunction.java:126, AstFunction.java:58
AstFunction.java:122, AstFunction.java:46
SimpleNode.java:63, SimpleNode.java:77
ELParser.java:1966, SimpleNode.java:44
ValueExpressionImpl.java:118, ELParser.java:1966
ELParser.java:1966, ValueExpressionImpl.java:187
HostConfiguration.java:0, HttpMethodBase.java:0
ByteChunk.java:568, InternalNioInputBuffer.java:716
ByteChunk.java:561, ByteChunk.java:177
ByteChunk.java:568, InternalNioInputBuffer.java:780
ByteChunk.java:499, ByteChunk.java:177
ByteChunk.java:487, ByteChunk.java:177
JspCompilationContext.java:626, JspCompilationContext.java:572
Response.java:264, Response.java:330
Response.java:573, Response.java:550
MessageBytes.java:111, MessageBytes.java:213
ByteChunk.java:146, ByteChunk.java:498
MessageBytes.java:114, MessageBytes.java:205
Response.java:576, Response.java:221
Response.java:571, Response.java:444
URI.java:0, Page.java:90
Page.java:90, NioBlockingSelector.java:382
Page.java:90, NioBlockingSelector.java:129
Page.java:90, HttpMethodDirector.java:0
Page.java:90, HttpMethodBase.java:0
ByteChunk.java:562, ByteChunk.java:178
ByteChunk.java:562, ByteChunk.java:179
MessageBytes.java:328, MessageBytes.java:131
MimeHeaders.java:132, MimeHeaders.java:266
InternalNioOutputBuffer.java:362, InternalNioOutputBuffer.java:262
InternalNioOutputBuffer.java:363, InternalNioOutputBuffer.java:606
InternalNioOutputBuffer.java:364, InternalNioOutputBuffer.java:386
Page.java:90, HttpConnection.java:0
CoyoteAdapter.java:647, CoyoteAdapter.java:647
CharChunk.java:524, CoyoteAdapter.java:647
Mapper.java:1129, CoyoteAdapter.java:647
Mapper.java:1127, CoyoteAdapter.java:647
Mapper.java:932, CoyoteAdapter.java:647
Mapper.java:924, CoyoteAdapter.java:647
CharChunk.java:681, CoyoteAdapter.java:647
CoyoteAdapter.java:824, CoyoteAdapter.java:647
CoyoteAdapter.java:817, CoyoteAdapter.java:647
CoyoteAdapter.java:814, CoyoteAdapter.java:647
CoyoteAdapter.java:832, CoyoteAdapter.java:647
Http11NioProcessor.java:1046, Http11NioProcessor.java:1293
CharChunk.java:500, CharChunk.java:137
CharChunk.java:491, CharChunk.java:137
SimpleNode.java:121, SimpleNode.java:117
Page.java:90, URI.java:0
InternalNioInputBuffer.java:555, InternalNioInputBuffer.java:716
InternalNioInputBuffer.java:716, InternalNioInputBuffer.java:710
InternalNioInputBuffer.java:780, InternalNioInputBuffer.java:773
InternalNioInputBuffer.java:714, InternalNioInputBuffer.java:780
InternalNioInputBuffer.java:710, InternalNioInputBuffer.java:780
InternalNioInputBuffer.java:777, InternalNioInputBuffer.java:773
ByteChunk.java:177, ByteChunk.java:177
ByteChunk.java:207, ByteChunk.java:177
CharChunk.java:602, CoyoteAdapter.java:647
CharChunk.java:685, CoyoteAdapter.java:647
CoyoteAdapter.java:825, CoyoteAdapter.java:647
CharChunk.java:621, CoyoteAdapter.java:647
ByteChunk.java:541, ByteChunk.java:177
CharChunk.java:127, CharChunk.java:120
CharChunk.java:120, CharChunk.java:120
CharChunk.java:137, CharChunk.java:121
ApplicationFilterChain.java:537, ApplicationFilterChain.java:558
ApplicationFilterChain.java:296, ApplicationFilterChain.java:558
ApplicationFilterChain.java:538, ApplicationFilterChain.java:571
ApplicationFilterChain.java:296, ApplicationFilterChain.java:571
ApplicationFilterChain.java:536, ApplicationFilterChain.java:215
ELParser.java:1966, ELParser.java:2176
URLCodec.java:169, DefaultHttpParams.java:0
JspContextWrapper.java:87, Page.java:90
Page.java:90, DefaultHttpParams.java:0
ELParser.java:1966, SimpleCharStream.java:263
ELParser.java:1966, SimpleCharStream.java:181
ELParser.java:1966, SimpleCharStream.java:236
ELParser.java:1966, SimpleCharStream.java:226
SimpleCharStream.java:263, ELParser.java:234
SimpleCharStream.java:226, ELParser.java:234
SimpleCharStream.java:236, ELParser.java:234
SimpleCharStream.java:181, ELParser.java:234
ELParser.java:234, SimpleCharStream.java:236
Response.java:574, Response.java:192
Page.java:90, NameValuePair.java:0
HttpMethodBase.java:0, URI.java:0
URLCodec.java:169, HttpMethodBase.java:0
InternalNioInputBuffer.java:716, InternalNioInputBuffer.java:555
InternalNioInputBuffer.java:714, InternalNioInputBuffer.java:716
InternalNioInputBuffer.java:710, InternalNioInputBuffer.java:716
InternalNioInputBuffer.java:780, InternalNioInputBuffer.java:710
InternalNioInputBuffer.java:716, InternalNioInputBuffer.java:773
ByteChunk.java:685, ByteChunk.java:177
InternalNioInputBuffer.java:641, InternalNioInputBuffer.java:543
InternalNioInputBuffer.java:556, InternalNioInputBuffer.java:543
InternalNioInputBuffer.java:543, InternalNioInputBuffer.java:543
InternalNioInputBuffer.java:566, InternalNioInputBuffer.java:543
InternalNioInputBuffer.java:565, InternalNioInputBuffer.java:543
InternalNioInputBuffer.java:558, InternalNioInputBuffer.java:543
InternalNioInputBuffer.java:780, InternalNioInputBuffer.java:751
InternalNioInputBuffer.java:774, InternalNioInputBuffer.java:780
InternalNioInputBuffer.java:773, InternalNioInputBuffer.java:780
Http11NioProcessor.java:1293, Http11NioProcessor.java:1293
Http11NioProcessor.java:1493, Http11NioProcessor.java:1493
CharChunk.java:544, Http11NioProcessor.java:1493
Mapper.java:1159, Http11NioProcessor.java:1493
Mapper.java:1157, Http11NioProcessor.java:1493
CharChunk.java:137, CharChunk.java:137
CharChunk.java:537, CharChunk.java:137
CharChunk.java:182, CharChunk.java:137
ByteChunk.java:159, ByteChunk.java:159
ByteChunk.java:177, ByteChunk.java:160
CharChunk.java:151, CharChunk.java:124
CharChunk.java:614, CharChunk.java:137
DefaultAnnotationProcessor.java:79, JspContextWrapper.java:87
DefaultAnnotationProcessor.java:79, JspContextWrapper.java:84
TagHandlerPool.java:38, TagHandlerPool.java:50
ApplicationContext.java:888, ApplicationContext.java:872
ELParser.java:6, ELParser.java:6
ELParser.java:6, ELParser.java:24
ELParser.java:6, ELParser.java:143
ELParser.java:6, ELParser.java:963
ELParser.java:6, ELParser.java:1137
ELParser.java:6, ELParser.java:1140
ELParser.java:6, ELParser.java:995
ELParser.java:6, ELParser.java:164
ELParser.java:6, ELParser.java:55
DefaultAnnotationProcessor.java:216, ValueExpressionImpl.java:115
ValueExpressionImpl.java:115, DefaultAnnotationProcessor.java:221
URI.java:0, HostConfiguration.java:0
URI.java:0, HttpConnection.java:0
Response.java:572, Response.java:513
Response.java:523, Response.java:513
Response.java:571, Response.java:515
Response.java:523, Response.java:515
Response.java:267, Response.java:790
SetLocaleSupport.java:0, SetLocaleSupport.java:0
TimeZoneSupport.java:0, TimeZoneSupport.java:0
ResourceCache.java:294, ResourceCache.java:294
ResourceCache.java:293, ResourceCache.java:400
ResourceCache.java:307, ResourceCache.java:307
ProxyDirContext.java:1465, ProxyDirContext.java:1465
ResourceAttributes.java:733, ResourceAttributes.java:737
ResourceAttributes.java:737, ResourceAttributes.java:737
ResourceAttributes.java:625, ResourceAttributes.java:633
ResourceAttributes.java:633, ResourceAttributes.java:633
ResourceAttributes.java:607, ResourceAttributes.java:597
ResourceCache.java:397, ResourceCache.java:364
Page.java:90, CharChunk.java:71
Token.java:87, DefaultAnnotationProcessor.java:216
HttpMethodBase.java:0, Page.java:90
HeaderGroup.java:0, Page.java:90
URI.java:0, Page.java:177
Page.java:177, URI.java:0
SimpleCharStream.java:260, ELParser.java:1966
ELParser.java:1966, SimpleCharStream.java:91
EngineConfig.java:72, EngineConfig.java:72
SimpleCharStream.java:260, ELParser.java:35
SimpleCharStream.java:115, ELParser.java:35
SimpleCharStream.java:91, ELParser.java:35
Page.java:90, Page.java:177
DefaultAnnotationProcessor.java:117, HttpHost.java:0
ByteChunk.java:548, InternalNioInputBuffer.java:716
InternalNioInputBuffer.java:557, InternalNioInputBuffer.java:716
DefaultHttpParams.java:0, URLCodec.java:169
Digest.java:46, URI.java:0
ByteChunk.java:147, ByteChunk.java:164
ByteChunk.java:148, ByteChunk.java:165
ByteChunk.java:149, ByteChunk.java:166
InternalNioInputBuffer.java:774, InternalNioInputBuffer.java:716
InternalNioInputBuffer.java:773, InternalNioInputBuffer.java:716
URI.java:0, URI.java:0
ByteChunk.java:163, ByteChunk.java:163
ByteChunk.java:313, ByteChunk.java:163
ByteChunk.java:449, ByteChunk.java:163
ByteChunk.java:178, ByteChunk.java:178
ByteChunk.java:215, ByteChunk.java:178
ByteChunk.java:232, ByteChunk.java:178
ByteChunk.java:219, ByteChunk.java:178
ByteChunk.java:179, ByteChunk.java:178
ByteChunk.java:179, ByteChunk.java:179
ByteChunk.java:232, ByteChunk.java:179
ByteChunk.java:267, ByteChunk.java:179
ByteChunk.java:180, ByteChunk.java:180
CharChunk.java:138, CharChunk.java:125
CharChunk.java:500, CharChunk.java:125
CharChunk.java:493, CharChunk.java:125
CharChunk.java:139, CharChunk.java:125
CharChunk.java:139, CharChunk.java:126
CharChunk.java:500, CharChunk.java:126
CharChunk.java:493, CharChunk.java:126
CharChunk.java:140, CharChunk.java:128
ByteChunk.java:146, ByteChunk.java:146
NumberGuessBean.java:38, NumberGuessBean.java:38
NumberGuessBean.java:58, NumberGuessBean.java:55
NumberGuessBean.java:67, NumberGuessBean.java:55
InternalNioInputBuffer.java:499, InternalNioInputBuffer.java:716
InternalNioInputBuffer.java:714, InternalNioInputBuffer.java:777
InternalNioInputBuffer.java:710, InternalNioInputBuffer.java:777
InternalNioInputBuffer.java:780, InternalNioInputBuffer.java:780
InternalNioInputBuffer.java:776, InternalNioInputBuffer.java:780
ApplicationHttpRequest.java:70, ApplicationHttpRequest.java:787
ResourceAttributes.java:737, ResourceAttributes.java:733
ResourceAttributes.java:633, ResourceAttributes.java:625
InternalNioInputBuffer.java:673, InternalNioInputBuffer.java:780
InternalNioInputBuffer.java:804, InternalNioInputBuffer.java:780
Page.java:90, CharChunk.java:67
IdentityInputFilter.java:195, IdentityInputFilter.java:148
IdentityInputFilter.java:196, IdentityInputFilter.java:149
IdentityInputFilter.java:170, IdentityInputFilter.java:149
IdentityInputFilter.java:160, IdentityInputFilter.java:149
ByteChunk.java:566, ByteChunk.java:178
ByteChunk.java:526, ByteChunk.java:177
ByteChunk.java:526, ByteChunk.java:178
ByteChunk.java:526, ByteChunk.java:179
ByteChunk.java:138, ByteChunk.java:180
MessageBytes.java:131, MessageBytes.java:131
MessageBytes.java:711, MessageBytes.java:131
MessageBytes.java:132, MessageBytes.java:132
MessageBytes.java:133, MessageBytes.java:133
MessageBytes.java:134, MessageBytes.java:134
MessageBytes.java:719, MessageBytes.java:135
MessageBytes.java:135, MessageBytes.java:135
MessageBytes.java:708, MessageBytes.java:135
MessageBytes.java:136, MessageBytes.java:136
MessageBytes.java:713, MessageBytes.java:713
MessageBytes.java:720, MessageBytes.java:713
IdentityInputFilter.java:187, IdentityInputFilter.java:187
IdentityInputFilter.java:148, IdentityInputFilter.java:148
IdentityInputFilter.java:149, IdentityInputFilter.java:148
IdentityInputFilter.java:149, IdentityInputFilter.java:149
UDecoder.java:77, ByteChunk.java:745
UDecoder.java:79, ByteChunk.java:745
ByteChunk.java:271, ByteChunk.java:179
DummyCart.java:63, DummyCart.java:35
DummyCart.java:35, DummyCart.java:35
DummyCart.java:52, DummyCart.java:35
DummyCart.java:62, DummyCart.java:39
DummyCart.java:39, DummyCart.java:39
DummyCart.java:51, DummyCart.java:39
CharChunk.java:108, CharChunk.java:108
CharChunk.java:109, CharChunk.java:109
CharChunk.java:110, CharChunk.java:110
MessageBytes.java:111, MessageBytes.java:111
MessageBytes.java:112, MessageBytes.java:112
MimeHeaders.java:466, MimeHeaders.java:466
ByteChunk.java:147, ByteChunk.java:147
ByteChunk.java:148, ByteChunk.java:148
ByteChunk.java:149, ByteChunk.java:149
InternalNioInputBuffer.java:716, InternalNioInputBuffer.java:804
ByteChunk.java:664, ByteChunk.java:177
CharChunk.java:124, CharChunk.java:124
MessageBytes.java:650, MessageBytes.java:639
MessageBytes.java:639, MessageBytes.java:639
MessageBytes.java:649, MessageBytes.java:639
MessageBytes.java:651, MessageBytes.java:639
MessageBytes.java:655, MessageBytes.java:655
Page.java:90, InternalNioInputBuffer.java:716
NioBlockingSelector.java:129, HttpMethodBase.java:0
NioBlockingSelector.java:382, HttpMethodBase.java:0
ByteChunk.java:207, ByteChunk.java:161
ByteChunk.java:315, ByteChunk.java:161
ByteChunk.java:461, ByteChunk.java:161
ByteChunk.java:454, ByteChunk.java:161
ByteChunk.java:160, ByteChunk.java:161
Page.java:90, HttpVersion.java:0
Page.java:90, AuthChallengeProcessor.java:0
InternalNioInputBuffer.java:508, InternalNioInputBuffer.java:716
InternalNioInputBuffer.java:502, InternalNioInputBuffer.java:716
InternalNioInputBuffer.java:508, InternalNioInputBuffer.java:780
InternalNioInputBuffer.java:502, InternalNioInputBuffer.java:780
InternalNioInputBuffer.java:499, InternalNioInputBuffer.java:780
InternalNioInputBuffer.java:777, InternalNioInputBuffer.java:710
InternalNioInputBuffer.java:716, InternalNioInputBuffer.java:751
MessageBytes.java:186, MessageBytes.java:186
MessageBytes.java:205, MessageBytes.java:186
MessageBytes.java:331, MessageBytes.java:186
MessageBytes.java:330, MessageBytes.java:186
MessageBytes.java:187, MessageBytes.java:187
MessageBytes.java:188, MessageBytes.java:188
MessageBytes.java:189, MessageBytes.java:189
MessageBytes.java:190, MessageBytes.java:190
MessageBytes.java:195, MessageBytes.java:195
MessageBytes.java:205, MessageBytes.java:195
MessageBytes.java:196, MessageBytes.java:196
MessageBytes.java:225, MessageBytes.java:196
MessageBytes.java:328, MessageBytes.java:196
ByteChunk.java:224, ByteChunk.java:164
ByteChunk.java:164, ByteChunk.java:164
ByteChunk.java:215, ByteChunk.java:164
ByteChunk.java:232, ByteChunk.java:164
ByteChunk.java:271, ByteChunk.java:165
ByteChunk.java:165, ByteChunk.java:165
ByteChunk.java:223, ByteChunk.java:165
ByteChunk.java:232, ByteChunk.java:165
ByteChunk.java:166, ByteChunk.java:166
MessageBytes.java:114, MessageBytes.java:656
MessageBytes.java:656, MessageBytes.java:656
MessageBytes.java:115, MessageBytes.java:657
MessageBytes.java:657, MessageBytes.java:657
MessageBytes.java:116, MessageBytes.java:658
MessageBytes.java:658, MessageBytes.java:658
MessageBytes.java:117, MessageBytes.java:659
MessageBytes.java:659, MessageBytes.java:659
MessageBytes.java:118, MessageBytes.java:660
MessageBytes.java:660, MessageBytes.java:660
MessageBytes.java:107, MessageBytes.java:661
MessageBytes.java:661, MessageBytes.java:661
MessageBytes.java:225, MessageBytes.java:661
InternalNioOutputBuffer.java:747, InternalNioOutputBuffer.java:747
InternalNioOutputBuffer.java:511, InternalNioOutputBuffer.java:511
InternalNioOutputBuffer.java:512, InternalNioOutputBuffer.java:512
InternalNioOutputBuffer.java:508, InternalNioOutputBuffer.java:508
InternalNioOutputBuffer.java:509, InternalNioOutputBuffer.java:509
InternalNioOutputBuffer.java:558, InternalNioOutputBuffer.java:558
InternalNioOutputBuffer.java:559, InternalNioOutputBuffer.java:559
InternalNioInputBuffer.java:716, InternalNioInputBuffer.java:673
Mapper.java:819, CoyoteAdapter.java:647
Mapper.java:749, CoyoteAdapter.java:647
ProxyDirContext.java:1536, DefaultServlet.java:731
FileDirContext.java:991, FileDirContext.java:989
Page.java:90, ApplicationHttpRequest.java:155
Page.java:90, ApplicationHttpRequest.java:682
JspServletWrapper.java:74, JspServletWrapper.java:296
HttpMethodBase.java:0, NioBlockingSelector.java:386
StandardWrapper.java:799, StandardWrapper.java:1219
StandardWrapper.java:772, StandardWrapper.java:809
StandardWrapper.java:802, StandardWrapper.java:809
StandardWrapperFacade.java:77, StandardWrapperFacade.java:78
StandardWrapperFacade.java:82, StandardWrapperFacade.java:78
StandardWrapperFacade.java:78, StandardWrapperFacade.java:78
JspCompilationContext.java:84, JspCompilationContext.java:572
Page.java:90, HeaderGroup.java:0
Page.java:90, HostConfiguration.java:0
ELParser.java:1966, ELParser.java:1966
DefaultAnnotationProcessor.java:117, ELParserTokenManager.java:1223
DefaultAnnotationProcessor.java:117, ELParserTokenManager.java:1280
Page.java:90, AuthState.java:0
DefaultAnnotationProcessor.java:232, ELParser.java:1962
DefaultAnnotationProcessor.java:226, ELParser.java:1962
DefaultAnnotationProcessor.java:221, ELParser.java:1962
DefaultAnnotationProcessor.java:216, ELParser.java:1962
ELParser.java:1962, DefaultAnnotationProcessor.java:238
ValueExpressionImpl.java:114, ValueExpressionImpl.java:115
ValueExpressionImpl.java:114, ValueExpressionImpl.java:159
ValueExpressionImpl.java:114, ValueExpressionImpl.java:162
Page.java:90, HttpHost.java:0
Page.java:90, ExpressionBuilder.java:75
Page.java:90, ExpressionBuilder.java:145
Page.java:90, panel_tag.java:68
Page.java:90, Client.java:144
Page.java:90, MultiThreadedHttpConnectionManager.java:0
URI.java:0, FunctionMapperFactory.java:37
FunctionMapperFactory.java:37, URI.java:0
InternalNioOutputBuffer.java:508, InternalNioOutputBuffer.java:747
InternalNioOutputBuffer.java:509, InternalNioOutputBuffer.java:747
InternalNioOutputBuffer.java:747, InternalNioOutputBuffer.java:511
InternalNioOutputBuffer.java:747, InternalNioOutputBuffer.java:512
InternalNioOutputBuffer.java:747, InternalNioOutputBuffer.java:508
InternalNioOutputBuffer.java:747, InternalNioOutputBuffer.java:509
C2BConverter.java:266, C2BConverter.java:260
C2BConverter.java:260, C2BConverter.java:260
InternalNioOutputBuffer.java:558, InternalNioOutputBuffer.java:747
InternalNioOutputBuffer.java:559, InternalNioOutputBuffer.java:747
InternalNioInputBuffer.java:716, InternalNioInputBuffer.java:534
URLCodec.java:169, AuthState.java:0
JspRuntimeLibrary.java:357, Page.java:90
NameValuePair.java:0, URLCodec.java:169
URLCodec.java:169, NameValuePair.java:0
InternalNioInputBuffer.java:780, InternalNioInputBuffer.java:804
InternalNioInputBuffer.java:780, InternalNioInputBuffer.java:673
DefaultAnnotationProcessor.java:79, URI.java:0
DefaultHttpParams.java:0, Header.java:0
NumberGuessBean.java:71, NumberGuessBean.java:38
HttpConnection.java:0, HostConfiguration.java:0
NameValuePair.java:0, URI.java:0
URI.java:0, NameValuePair.java:0
NumberGuessBean.java:58, NumberGuessBean.java:58
NumberGuessBean.java:67, NumberGuessBean.java:58
NumberGuessBean.java:55, NumberGuessBean.java:55
InternalNioOutputBuffer.java:511, InternalNioOutputBuffer.java:747
Http11NioProcessor.java:1001, Http11NioProcessor.java:1074
MutableInteger.java:28, MutableInteger.java:28
HttpMethodBase.java:0, HttpConnection.java:0
InternalNioInputBuffer.java:716, InternalNioInputBuffer.java:499
Parameters.java:426, UDecoder.java:79
ByteChunk.java:745, UDecoder.java:79
Parameters.java:426, Parameters.java:426
DummyCart.java:54, DummyCart.java:35
DummyCart.java:53, DummyCart.java:39
Page.java:90, ValueExpressionImpl.java:118
Page.java:90, ExpressionBuilder.java:66
ExpressionBuilder.java:72, URI.java:0
URI.java:0, ExpressionBuilder.java:142
HttpHost.java:0, Page.java:90
ExpressionBuilder.java:145, Page.java:90
Page.java:90, FunctionMapperImpl.java:106
URI.java:0, ValueExpressionImpl.java:114
C2BConverter.java:266, C2BConverter.java:241
Page.java:90, JspFragmentHelper.java:48
ShuffleSimpleTag.java:75, Page.java:90
DefaultAnnotationProcessor.java:226, TileSimpleTag.java:40
DefaultAnnotationProcessor.java:221, TileSimpleTag.java:40
DefaultAnnotationProcessor.java:216, TileSimpleTag.java:40
TileSimpleTag.java:40, DefaultAnnotationProcessor.java:232
DefaultAnnotationProcessor.java:117, URI.java:0
DefaultAnnotationProcessor.java:117, HttpMethodBase.java:0
ProxyDirContext.java:1461, ProxyDirContext.java:1475
NumberGuessBean.java:63, NumberGuessBean.java:49
NumberGuessBean.java:57, NumberGuessBean.java:75
NumberGuessBean.java:54, NumberGuessBean.java:75
NumberGuessBean.java:48, NumberGuessBean.java:75
AutoCloseInputStream.java:0, Page.java:90
Page.java:90, AutoCloseInputStream.java:0
InternalNioInputBuffer.java:360, InternalNioInputBuffer.java:272
InternalNioInputBuffer.java:389, InternalNioInputBuffer.java:272
Request.java:2295, Request.java:1667
Request.java:2293, Request.java:1667
Page.java:90, ReflectionSocketFactory.java:0
Page.java:90, Request.java:2412
Parameters.java:426, UDecoder.java:77
HttpHost.java:0, NioBlockingSelector.java:382
HttpHost.java:0, NioBlockingSelector.java:129
ApplicationFilterChain.java:558, ApplicationFilterChain.java:558
ApplicationFilterChain.java:290, ApplicationFilterChain.java:558
ApplicationFilterChain.java:272, ApplicationFilterChain.java:558
ApplicationFilterChain.java:571, ApplicationFilterChain.java:571
ApplicationFilterChain.java:272, ApplicationFilterChain.java:571
OutputBuffer.java:225, OutputBuffer.java:557
OutputBuffer.java:229, OutputBuffer.java:378
ByteChunk.java:435, ByteChunk.java:147
ByteChunk.java:434, ByteChunk.java:147
ByteChunk.java:232, ByteChunk.java:147
OutputBuffer.java:224, OutputBuffer.java:591
OutputBuffer.java:304, OutputBuffer.java:591
Request.java:405, Request.java:998
Response.java:266, Response.java:463
InternalNioOutputBuffer.java:357, InternalNioOutputBuffer.java:272
IdentityOutputFilter.java:176, IdentityOutputFilter.java:145
IdentityOutputFilter.java:177, IdentityOutputFilter.java:146
RequestInfo.java:143, RequestInfo.java:143
RequestInfo.java:144, RequestInfo.java:144
RequestInfo.java:146, RequestInfo.java:146
RequestInfo.java:152, RequestInfo.java:152
RequestInfo.java:153, RequestInfo.java:153
MessageBytes.java:115, MessageBytes.java:115
MessageBytes.java:116, MessageBytes.java:116
MessageBytes.java:117, MessageBytes.java:117
MessageBytes.java:118, MessageBytes.java:118
ServerCookie.java:104, ServerCookie.java:104
ServerCookie.java:108, ServerCookie.java:108
InternalNioOutputBuffer.java:747, InternalNioOutputBuffer.java:559
Page.java:90, ForEachSupport.java:0
Page.java:90, FunctionMapperImpl.java:107
HttpHost.java:0, CookieSpecBase.java:0
CookieSpecBase.java:0, HttpHost.java:0
HttpHost.java:0, URLCodec.java:169
DefaultAnnotationProcessor.java:117, Client.java:142
DefaultHttpParams.java:0, URI.java:0
NumberGuessBean.java:55, NumberGuessBean.java:58
HttpHost.java:0, NioBlockingSelector.java:386
Page.java:90, Client.java:142
Page.java:90, CookieSpecBase.java:0
Page.java:90, StringCache.java:631
URI.java:0, HttpMethodDirector.java:0
URI.java:0, DefaultHttpParams.java:0
Http11NioProcessor.java:1074, Http11NioProcessor.java:1001
ValueExpressionImpl.java:116, NameValuePair.java:0
NameValuePair.java:0, ValueExpressionImpl.java:184
ContextConfig.java:253, ContextConfig.java:253
TldConfig.java:729, TldConfig.java:729
NamingContextListener.java:205, NamingContextListener.java:205
NamingContextListener.java:208, NamingContextListener.java:205
NamingContextListener.java:207, NamingContextListener.java:205
NamingContextListener.java:208, NamingContextListener.java:208
NamingContextListener.java:209, NamingContextListener.java:209
StandardContext.java:994, StandardContext.java:1007
StandardWrapper.java:665, ContainerBase.java:1087
ContainerBase.java:1297, ContainerBase.java:1087
StandardWrapper.java:772, StandardWrapper.java:1431
StandardWrapper.java:310, StandardWrapper.java:328
StandardWrapper.java:599, StandardWrapper.java:328
StandardWrapper.java:792, StandardWrapper.java:1358
StandardWrapper.java:882, StandardWrapper.java:1461
ChannelSocket.java:283, ChannelSocket.java:683
ContainerBase.java:123, ContainerBase.java:1554
NamingContextListener.java:205, NamingContextListener.java:207
NamingContextListener.java:205, NamingContextListener.java:208
NioEndpoint.java:1523, NioEndpoint.java:1410
ChannelSocket.java:656, ChannelSocket.java:496
ChannelSocket.java:663, ChannelSocket.java:496
ChannelSocket.java:682, ChannelSocket.java:496
ThreadPool.java:590, ThreadPool.java:570
