:1, TPCCSubmitter.java:51
:1, TPCCSubmitter.java:52
:1, TraceObject.java:172
:1, StringCache.java:83
:1, ValueInt.java:60
:1, TreeIndex.java:46
:1, ScanIndex.java:206
:1, TreeIndex.java:272
:1, TreeIndex.java:262
:1, TreeCursor.java:49
:1, TreeCursor.java:56
:1, TableData.java:366
:1, TreeIndex.java:187
:1, TreeIndex.java:196
:1, TreeIndex.java:206
:1, TreeIndex.java:74
:1, TreeIndex.java:76
:1, TreeIndex.java:68
:1, ScanIndex.java:187
:1, ScanIndex.java:188
:1, ScanIndex.java:191
:1, ScanIndex.java:165
:1, TableData.java:374
:1, TableData.java:121
:1, ScanIndex.java:122
:1, ScanIndex.java:128
:1, ScanIndex.java:130
:1, TreeIndex.java:130
:1, TreeIndex.java:79
:1, TableData.java:133
:1, TPCCReporter.java:26
:1, TreeIndex.java:114
:1, TreeIndex.java:53
:1, TreeNode.java:52
:1, TreeIndex.java:109
:1, TreeIndex.java:119
:1, TreeIndex.java:121
:1, TreeIndex.java:135
:1, TreeIndex.java:87
:1, TreeIndex.java:132
:1, TreeIndex.java:164
:1, TreeIndex.java:173
:1, TreeIndex.java:203
:1, TreeIndex.java:124
:1, TreeIndex.java:210
:1, ScanIndex.java:147
:1, TreeIndex.java:274
:1, TreeIndex.java:331
:1, TreeIndex.java:333
:1, TreeIndex.java:319
:1, TreeIndex.java:146
:1, TreeIndex.java:214
:1, TreeIndex.java:219
:1, StringCache.java:54
:1, TreeIndex.java:325
:1, Value.java:351
:1, TreeIndex.java:83
:1, TreeIndex.java:88
:1, ObjectArray.java:220
:1, ObjectArray.java:97
:1, ObjectArray.java:100
:1, TreeIndex.java:259
:1, TreeIndex.java:41
:1, TreeIndex.java:105
:1, ValueInt.java:63
:1, ScanIndex.java:295
:1, TreeIndex.java:97
:1, TreeIndex.java:118
:1, TreeIndex.java:270
:1, TreeIndex.java:145
:1, TreeIndex.java:330
:1, TreeIndex.java:158
:1, TreeIndex.java:159
:1, TreeIndex.java:163
:1, TreeIndex.java:168
:1, TreeIndex.java:180
:1, TreeIndex.java:201
:1, TreeIndex.java:216
:1, TreeIndex.java:254
:1, TreeIndex.java:152
:1, TreeIndex.java:156
:1, TreeIndex.java:181
:1, TreeIndex.java:193
:1, TreeIndex.java:197
:1, TreeIndex.java:188
:1, TreeIndex.java:189
:1, TreeIndex.java:223
:1, TreeIndex.java:233
:1, TreeIndex.java:234
:1, TreeIndex.java:47
:1, Value.java:341
:1, TreeIndex.java:160
:1, TreeIndex.java:190
:1, TreeCursor.java:32
:1, TreeIndex.java:322
:1, StringCache.java:48
:1, TreeIndex.java:96
:1, TreeIndex.java:98
:1, TreeIndex.java:99
:1, TreeIndex.java:178
:1, TreeIndex.java:199
:1, Record.java:72
:1, Record.java:68
:1, ObjectArray.java:211
:1, Record.java:64
:1, ObjectArray.java:113
:1, TreeIndex.java:171
:1, TreeIndex.java:170
:1, TreeIndex.java:239
:1, TreeIndex.java:245
:1, TreeIndex.java:246
:1, StringCache.java:93
:1, TreeIndex.java:148
:1, TreeIndex.java:244
:1, TreeIndex.java:229
:1, TreeIndex.java:230
:1, Record.java:79
:1, Row.java:58
:1, Record.java:83
:1, TreeIndex.java:151
:1, Row.java:45
:1, TreeIndex.java:264
:1, TreeIndex.java:179
