:1, LightServer.java:13
:1, Geometry.java:91
:1, Geometry.java:126
:1, KDTree.java:778
:1, Geometry.java:108
:1, TriangleMesh.java:356
:1, TriangleMesh.java:622
:1, TriangleMesh.java:627
:1, TriangleMesh.java:630
:1, TriangleMesh.java:660
:1, TriangleMesh.java:665
:1, TriangleMesh.java:668
:1, TriangleMesh.java:641
:1, TriangleMesh.java:646
:1, TriangleMesh.java:649
:1, TriangleMesh.java:385
:1, TriangleMesh.java:395
:1, TriangleMesh.java:396
:1, TriangleMesh.java:397
:1, TriangleMesh.java:398
:1, TriangleMesh.java:415
:1, TriangleMesh.java:426
:1, TriangleMesh.java:427
:1, TriangleMesh.java:428
:1, TriangleMesh.java:429
:1, TriangleMesh.java:430
:1, TriangleMesh.java:431
:1, TriangleMesh.java:432
:1, TriangleMesh.java:447
:1, TriangleMesh.java:476
:1, BucketRenderer.java:24
:1, BucketRenderer.java:233
:1, InstantGI.java:86
:1, Ray.java:85
:1, Ray.java:86
:1, Ray.java:87
:1, InstantGI.java:87
:1, InstantGI.java:92
:1, Color.java:337
:1, Color.java:338
:1, Color.java:339
:1, Color.java:266
