Control.java:1, NioEndpoint.java:2201
Control.java:1, NioEndpoint.java:2204
Control.java:1, NioEndpoint.java:1401
Control.java:1, NioEndpoint.java:2217
Control.java:1, Http11NioProtocol.java:698
Control.java:1, Http11NioProtocol.java:701
Control.java:1, LogFactory.java:282
Control.java:1, MessageBytes.java:80
Control.java:1, HttpMessages.java:56
Control.java:1, StringManager.java:108
Control.java:1, NioChannel.java:146
Control.java:1, NioEndpoint.java:2077
Control.java:1, NioEndpoint.java:2078
Control.java:1, NioEndpoint.java:1850
Control.java:1, NioEndpoint.java:1860
Control.java:1, HttpHost.java:0
Control.java:1, HttpMethodBase.java:0
Control.java:1, Http11NioProtocol.java:766
Control.java:1, NioEndpoint.java:992
Control.java:1, SocketProperties.java:203
Control.java:1, SocketProperties.java:235
Control.java:1, Http11NioProtocol.java:57
Control.java:1, SocketProperties.java:223
Control.java:1, Response.java:105
Control.java:1, NioEndpoint.java:649
Control.java:1, Http11NioProcessor.java:107
Control.java:1, FastHttpDateFormat.java:112
Control.java:1, FastHttpDateFormat.java:120
Control.java:1, Http11NioProtocol.java:843
Control.java:1, ApplicationFilterFactory.java:81
Control.java:1, JspCompilationContext.java:626
Control.java:1, ManagerBase.java:740
Control.java:1, ManagerBase.java:828
Control.java:1, SecurityUtil.java:37
Control.java:1, JspApplicationContextImpl.java:105
Control.java:1, JspApplicationContextImpl.java:118
Control.java:1, ELParserTokenManager.java:1276
Control.java:1, ELParserTokenManager.java:1207
Control.java:1, ELParserTokenManager.java:1279
Control.java:1, ELParserTokenManager.java:1336
Control.java:1, ELParser.java:6
Control.java:1, ELParser.java:1925
Control.java:1, ELParser.java:24
Control.java:1, ELParser.java:2009
Control.java:1, ELParser.java:143
Control.java:1, ELParser.java:963
Control.java:1, ELParser.java:1303
Control.java:1, ELParser.java:1306
Control.java:1, ELParser.java:995
Control.java:1, ELParser.java:648
Control.java:1, ELParser.java:974
Control.java:1, ELParser.java:723
Control.java:1, ELParser.java:667
Control.java:1, ELParser.java:2040
Control.java:1, ELParser.java:164
Control.java:1, ELParser.java:55
Control.java:1, ELParser.java:348
Control.java:1, ELParser.java:640
Control.java:1, ELParser.java:458
Control.java:1, ELParser.java:290
Control.java:1, ELParser.java:234
Control.java:1, ELParser.java:2176
Control.java:1, ELParser.java:2180
Control.java:1, ELParser.java:35
Control.java:1, ELParserTokenManager.java:1324
Control.java:1, SimpleNode.java:146
Control.java:1, SimpleNode.java:148
Control.java:1, AstInteger.java:40
Control.java:1, AstInteger.java:42
Control.java:1, NioEndpoint.java:1334
Control.java:1, NioEndpoint.java:1341
Control.java:1, NioEndpoint.java:1326
Control.java:1, RequestInfo.java:165
Control.java:1, Http11NioProcessor.java:800
Control.java:1, InternalNioOutputBuffer.java:193
Control.java:1, InternalNioInputBuffer.java:773
Control.java:1, InternalNioInputBuffer.java:774
Control.java:1, InternalNioInputBuffer.java:776
Control.java:1, CookieSpecBase.java:0
Control.java:1, InternalNioInputBuffer.java:780
Control.java:1, InternalNioOutputBuffer.java:204
Control.java:1, Http11NioProcessor.java:807
Control.java:1, Http11NioProcessor.java:808
Control.java:1, Http11NioProcessor.java:809
Control.java:1, InternalNioInputBuffer.java:411
Control.java:1, InternalNioInputBuffer.java:415
Control.java:1, InternalNioInputBuffer.java:420
Control.java:1, InternalNioInputBuffer.java:430
Control.java:1, ByteChunk.java:178
Control.java:1, ByteChunk.java:179
Control.java:1, ByteChunk.java:180
Control.java:1, MessageBytes.java:131
Control.java:1, MessageBytes.java:132
Control.java:1, MessageBytes.java:133
Control.java:1, MessageBytes.java:134
Control.java:1, MessageBytes.java:135
Control.java:1, MessageBytes.java:136
Control.java:1, Http11NioProcessor.java:1492
Control.java:1, InternalNioInputBuffer.java:515
Control.java:1, ByteChunk.java:177
Control.java:1, InternalNioInputBuffer.java:548
Control.java:1, InternalNioInputBuffer.java:663
Control.java:1, InternalNioInputBuffer.java:690
Control.java:1, MimeHeaders.java:218
Control.java:1, InternalNioInputBuffer.java:712
Control.java:1, InternalNioInputBuffer.java:723
Control.java:1, InternalNioInputBuffer.java:759
Control.java:1, NioEndpoint.java:653
Control.java:1, Http11NioProcessor.java:1266
Control.java:1, Http11NioProcessor.java:796
Control.java:1, Request.java:522
Control.java:1, Http11NioProcessor.java:801
Control.java:1, InternalNioInputBuffer.java:199
Control.java:1, Http11NioProcessor.java:802
Control.java:1, Http11NioProcessor.java:803
Control.java:1, NioEndpoint.java:988
Control.java:1, InternalNioInputBuffer.java:210
Control.java:1, Http11NioProcessor.java:804
Control.java:1, Http11NioProcessor.java:812
Control.java:1, Http11NioProcessor.java:813
Control.java:1, Http11NioProcessor.java:824
Control.java:1, Http11NioProcessor.java:827
Control.java:1, InternalNioInputBuffer.java:580
Control.java:1, InternalNioInputBuffer.java:618
Control.java:1, InternalNioInputBuffer.java:427
Control.java:1, InternalNioInputBuffer.java:458
Control.java:1, InternalNioInputBuffer.java:462
Control.java:1, InternalNioInputBuffer.java:464
Control.java:1, Request.java:181
Control.java:1, MessageBytes.java:130
Control.java:1, InternalNioInputBuffer.java:480
Control.java:1, InternalNioInputBuffer.java:499
Control.java:1, InternalNioInputBuffer.java:502
Control.java:1, InternalNioInputBuffer.java:508
Control.java:1, InternalNioInputBuffer.java:514
Control.java:1, Request.java:185
Control.java:1, InternalNioInputBuffer.java:520
Control.java:1, Request.java:189
Control.java:1, InternalNioInputBuffer.java:534
Control.java:1, InternalNioInputBuffer.java:543
Control.java:1, InternalNioInputBuffer.java:555
Control.java:1, InternalNioInputBuffer.java:557
Control.java:1, InternalNioInputBuffer.java:566
Control.java:1, Request.java:205
Control.java:1, Http11NioProcessor.java:835
Control.java:1, InternalNioInputBuffer.java:673
Control.java:1, InternalNioInputBuffer.java:710
Control.java:1, InternalNioInputBuffer.java:714
Control.java:1, InternalNioInputBuffer.java:716
Control.java:1, MimeHeaders.java:217
Control.java:1, MimeHeaders.java:224
Control.java:1, InternalNioInputBuffer.java:722
Control.java:1, InternalNioInputBuffer.java:751
Control.java:1, InternalNioInputBuffer.java:781
Control.java:1, InternalNioInputBuffer.java:782
Control.java:1, InternalNioInputBuffer.java:777
Control.java:1, InternalNioInputBuffer.java:778
Control.java:1, InternalNioInputBuffer.java:789
Control.java:1, InternalNioInputBuffer.java:804
Control.java:1, InternalNioInputBuffer.java:818
Control.java:1, InternalNioInputBuffer.java:819
Control.java:1, InternalNioInputBuffer.java:640
Control.java:1, Request.java:447
Control.java:1, Http11NioProcessor.java:1290
Control.java:1, Http11NioProcessor.java:1291
Control.java:1, Http11NioProcessor.java:1292
Control.java:1, Http11NioProcessor.java:1294
Control.java:1, MessageBytes.java:307
Control.java:1, AstFloatingPoint.java:40
Control.java:1, MessageBytes.java:186
Control.java:1, MimeHeaders.java:225
Control.java:1, Request.java:296
Control.java:1, CharChunk.java:138
Control.java:1, CharChunk.java:139
Control.java:1, CharChunk.java:140
Control.java:1, MessageBytes.java:161
Control.java:1, MessageBytes.java:162
Control.java:1, MessageBytes.java:163
Control.java:1, MessageBytes.java:164
Control.java:1, MessageBytes.java:165
Control.java:1, MessageBytes.java:166
Control.java:1, Request.java:224
Control.java:1, InternalNioInputBuffer.java:262
Control.java:1, InternalNioInputBuffer.java:272
Control.java:1, RequestInfo.java:237
Control.java:1, ByteChunk.java:138
Control.java:1, CharChunk.java:99
Control.java:1, CharChunk.java:100
Control.java:1, MessageBytes.java:99
Control.java:1, MessageBytes.java:187
Control.java:1, MessageBytes.java:188
Control.java:1, MessageBytes.java:189
Control.java:1, MessageBytes.java:190
Control.java:1, MessageBytes.java:196
Control.java:1, Request.java:842
Control.java:1, Request.java:1667
Control.java:1, Request.java:1681
Control.java:1, MessageBytes.java:520
Control.java:1, ByteChunk.java:164
Control.java:1, ByteChunk.java:165
Control.java:1, ByteChunk.java:166
Control.java:1, CharChunk.java:125
Control.java:1, CharChunk.java:126
Control.java:1, CharChunk.java:128
Control.java:1, MessageBytes.java:205
Control.java:1, MessageBytes.java:207
Control.java:1, Mapper.java:598
Control.java:1, Http11NioProcessor.java:842
Control.java:1, Http11NioProcessor.java:843
Control.java:1, Http11NioProcessor.java:1293
Control.java:1, Mapper.java:621
Control.java:1, Http11NioProcessor.java:1295
Control.java:1, Http11NioProcessor.java:1298
Control.java:1, MessageBytes.java:316
Control.java:1, Http11NioProcessor.java:1319
Control.java:1, Http11NioProcessor.java:1326
Control.java:1, Request.java:165
Control.java:1, MimeHeaders.java:289
Control.java:1, Ascii.java:90
Control.java:1, MessageBytes.java:195
Control.java:1, Mapper.java:666
Control.java:1, Http11NioProcessor.java:1350
Control.java:1, Http11NioProcessor.java:1367
Control.java:1, MessageBytes.java:233
Control.java:1, Http11NioProcessor.java:1394
Control.java:1, InternalNioInputBuffer.java:241
Control.java:1, Http11NioProcessor.java:1429
Control.java:1, Request.java:298
Control.java:1, MimeHeaders.java:304
Control.java:1, MimeHeaders.java:290
Control.java:1, Http11NioProcessor.java:1485
Control.java:1, Http11NioProcessor.java:1493
Control.java:1, Http11NioProcessor.java:1515
Control.java:1, Request.java:216
Control.java:1, MessageBytes.java:160
Control.java:1, CharChunk.java:137
Control.java:1, Request.java:517
Control.java:1, Request.java:695
Control.java:1, Cookies.java:140
Control.java:1, Http11NioProcessor.java:1531
Control.java:1, Http11NioProcessor.java:1451
Control.java:1, InternalNioInputBuffer.java:263
Control.java:1, InternalNioInputBuffer.java:274
Control.java:1, Http11NioProcessor.java:1457
Control.java:1, Http11NioProcessor.java:1520
Control.java:1, NioEndpoint.java:996
Control.java:1, Http11NioProcessor.java:1458
Control.java:1, Request.java:377
Control.java:1, Http11NioProcessor.java:1460
Control.java:1, Http11NioProcessor.java:1462
Control.java:1, Http11NioProcessor.java:876
Control.java:1, Http11NioProcessor.java:883
Control.java:1, Request.java:478
Control.java:1, Response.java:171
Control.java:1, Cookies.java:154
Control.java:1, CoyoteAdapter.java:280
Control.java:1, Request.java:177
Control.java:1, Connector.java:906
Control.java:1, Request.java:193
Control.java:1, MessageBytes.java:522
Control.java:1, ByteChunk.java:159
Control.java:1, ByteChunk.java:160
Control.java:1, ByteChunk.java:163
Control.java:1, Connector.java:810
Control.java:1, MessageBytes.java:523
Control.java:1, Request.java:170
Control.java:1, Connector.java:834
Control.java:1, Connector.java:733
Control.java:1, Connector.java:761
Control.java:1, MessageBytes.java:241
Control.java:1, CharChunk.java:120
Control.java:1, CharChunk.java:121
Control.java:1, CharChunk.java:124
Control.java:1, Connector.java:856
Control.java:1, Request.java:1654
Control.java:1, Request.java:2195
Control.java:1, Request.java:1803
Control.java:1, Request.java:2394
Control.java:1, Request.java:389
Control.java:1, Request.java:393
Control.java:1, Connector.java:938
Control.java:1, Connector.java:511
Control.java:1, Request.java:591
Control.java:1, MessageBytes.java:269
Control.java:1, Mapper.java:599
Control.java:1, Mapper.java:1037
Control.java:1, JspServletWrapper.java:292
Control.java:1, Mapper.java:602
Control.java:1, JspCompilationContext.java:572
Control.java:1, Mapper.java:603
Control.java:1, JspServletWrapper.java:296
Control.java:1, JspServletWrapper.java:312
Control.java:1, Mapper.java:604
Control.java:1, Mapper.java:982
Control.java:1, Mapper.java:992
Control.java:1, Mapper.java:660
Control.java:1, Mapper.java:661
Control.java:1, Mapper.java:699
Control.java:1, Mapper.java:704
Control.java:1, Mapper.java:706
Control.java:1, Mapper.java:739
Control.java:1, Mapper.java:943
Control.java:1, Mapper.java:945
Control.java:1, Mapper.java:947
Control.java:1, Connector.java:377
Control.java:1, CoyoteAdapter.java:489
Control.java:1, StandardContext.java:1106
Control.java:1, Request.java:361
Control.java:1, Cookies.java:142
Control.java:1, MimeHeaders.java:186
Control.java:1, MimeHeaders.java:172
Control.java:1, Cookies.java:299
Control.java:1, Cookies.java:160
Control.java:1, Cookies.java:163
Control.java:1, Cookies.java:136
Control.java:1, StringCache.java:329
Control.java:1, StringCache.java:331
Control.java:1, CoyoteAdapter.java:588
Control.java:1, DirectJDKLog.java:87
Control.java:1, Connector.java:428
Control.java:1, ContainerBase.java:641
Control.java:1, StandardPipeline.java:556
Control.java:1, StandardPipeline.java:559
Control.java:1, ContainerBase.java:576
Control.java:1, Request.java:755
Control.java:1, SingleSignOn.java:368
Control.java:1, Request.java:2389
Control.java:1, StringCache.java:215
Control.java:1, StringCache.java:217
Control.java:1, StringCache.java:219
Control.java:1, SimpleNode.java:44
Control.java:1, SimpleCharStream.java:236
Control.java:1, NioBlockingSelector.java:386
Control.java:1, AstInteger.java:47
Control.java:1, ELParser.java:2071
Control.java:1, ELParser.java:2072
Control.java:1, ELParser.java:2005
Control.java:1, AstString.java:38
Control.java:1, AstString.java:39
Control.java:1, Client.java:142
Control.java:1, ServerCookie.java:152
Control.java:1, MessageBytes.java:209
Control.java:1, ByteChunk.java:498
Control.java:1, ByteChunk.java:568
Control.java:1, MessageBytes.java:213
Control.java:1, SimpleCharStream.java:26
Control.java:1, ELContextImpl.java:92
Control.java:1, ELContextImpl.java:81
Control.java:1, SimpleCharStream.java:148
Control.java:1, AstFunction.java:58
Control.java:1, AstFunction.java:46
Control.java:1, SimpleNode.java:77
Control.java:1, SimpleNode.java:117
Control.java:1, ELParser.java:1966
Control.java:1, ValueExpressionImpl.java:187
Control.java:1, ValueExpressionImpl.java:188
Control.java:1, Response.java:330
Control.java:1, OutputBuffer.java:192
Control.java:1, Response.java:550
Control.java:1, Response.java:761
Control.java:1, Response.java:496
Control.java:1, Request.java:2282
Control.java:1, Request.java:1039
Control.java:1, Request.java:267
Control.java:1, Request.java:318
Control.java:1, Parameters.java:85
Control.java:1, Parameters.java:251
Control.java:1, Response.java:221
Control.java:1, Response.java:1195
Control.java:1, Request.java:2455
Control.java:1, Request.java:1395
Control.java:1, Request.java:1398
Control.java:1, Request.java:2239
Control.java:1, ApplicationFilterChain.java:558
Control.java:1, Parameters.java:188
Control.java:1, ApplicationFilterChain.java:571
Control.java:1, ApplicationFilterChain.java:215
Control.java:1, Response.java:609
Control.java:1, OutputBuffer.java:485
Control.java:1, Response.java:444
Control.java:1, OutputBuffer.java:495
Control.java:1, OutputBuffer.java:500
Control.java:1, CoyoteWriter.java:139
Control.java:1, C2BConverter.java:241
Control.java:1, ByteChunk.java:446
Control.java:1, OutputBuffer.java:440
Control.java:1, Page.java:90
Control.java:1, NioBlockingSelector.java:382
Control.java:1, NioBlockingSelector.java:129
Control.java:1, HttpMethodDirector.java:0
Control.java:1, Response.java:192
Control.java:1, Response.java:463
Control.java:1, OutputBuffer.java:259
Control.java:1, ByteChunk.java:232
Control.java:1, OutputBuffer.java:303
Control.java:1, OutputBuffer.java:304
Control.java:1, Response.java:523
Control.java:1, MimeHeaders.java:266
Control.java:1, Response.java:422
Control.java:1, MessageBytes.java:656
Control.java:1, MessageBytes.java:657
Control.java:1, MessageBytes.java:658
Control.java:1, MessageBytes.java:659
Control.java:1, MessageBytes.java:660
Control.java:1, MessageBytes.java:661
Control.java:1, InternalNioOutputBuffer.java:262
Control.java:1, IdentityOutputFilter.java:154
Control.java:1, InternalNioOutputBuffer.java:272
Control.java:1, IdentityOutputFilter.java:145
Control.java:1, IdentityOutputFilter.java:146
Control.java:1, InternalNioOutputBuffer.java:716
Control.java:1, InternalNioOutputBuffer.java:606
Control.java:1, Response.java:561
Control.java:1, InternalNioOutputBuffer.java:386
Control.java:1, Request.java:395
Control.java:1, InputBuffer.java:219
Control.java:1, InputBuffer.java:220
Control.java:1, InputBuffer.java:221
Control.java:1, CharChunk.java:108
Control.java:1, CharChunk.java:109
Control.java:1, CharChunk.java:110
Control.java:1, InputBuffer.java:233
Control.java:1, ByteChunk.java:146
Control.java:1, ByteChunk.java:147
Control.java:1, ByteChunk.java:148
Control.java:1, ByteChunk.java:149
Control.java:1, InputBuffer.java:235
Control.java:1, InputBuffer.java:241
Control.java:1, InputBuffer.java:242
Control.java:1, Request.java:397
Control.java:1, Request.java:398
Control.java:1, Request.java:400
Control.java:1, Request.java:401
Control.java:1, Request.java:402
Control.java:1, Request.java:405
Control.java:1, Request.java:407
Control.java:1, Request.java:408
Control.java:1, Request.java:409
Control.java:1, Request.java:410
Control.java:1, Request.java:411
Control.java:1, Request.java:412
Control.java:1, StandardSession.java:635
Control.java:1, ParameterMap.java:119
Control.java:1, MessageBytes.java:111
Control.java:1, MessageBytes.java:112
Control.java:1, MessageBytes.java:115
Control.java:1, MessageBytes.java:116
Control.java:1, MessageBytes.java:117
Control.java:1, MessageBytes.java:118
Control.java:1, MessageBytes.java:107
Control.java:1, MappingData.java:50
Control.java:1, OutputBuffer.java:225
Control.java:1, Response.java:267
Control.java:1, Response.java:247
Control.java:1, InternalNioInputBuffer.java:388
Control.java:1, RequestInfo.java:143
Control.java:1, Request.java:526
Control.java:1, RequestInfo.java:144
Control.java:1, RequestInfo.java:146
Control.java:1, RequestInfo.java:152
Control.java:1, RequestInfo.java:153
Control.java:1, Request.java:489
Control.java:1, Request.java:490
Control.java:1, MimeHeaders.java:466
Control.java:1, Request.java:494
Control.java:1, Request.java:495
Control.java:1, Request.java:496
Control.java:1, ServerCookie.java:104
Control.java:1, ServerCookie.java:108
Control.java:1, MultiMap.java:60
Control.java:1, Parameters.java:97
Control.java:1, Parameters.java:98
Control.java:1, Parameters.java:99
Control.java:1, Parameters.java:100
Control.java:1, MessageBytes.java:114
Control.java:1, HttpConnection.java:0
Control.java:1, Response.java:570
Control.java:1, Response.java:575
Control.java:1, Response.java:578
Control.java:1, CoyoteAdapter.java:647
Control.java:1, URI.java:0
Control.java:1, AstDotSuffix.java:37
Control.java:1, DefaultHttpParams.java:0
Control.java:1, SimpleCharStream.java:263
Control.java:1, SimpleCharStream.java:181
Control.java:1, SimpleCharStream.java:226
Control.java:1, NameValuePair.java:0
Control.java:1, JspContextWrapper.java:87
Control.java:1, JspContextWrapper.java:84
Control.java:1, TagHandlerPool.java:50
Control.java:1, ApplicationContext.java:872
Control.java:1, TagHandlerPool.java:68
Control.java:1, ELParser.java:1137
Control.java:1, ELParser.java:1140
Control.java:1, ValueExpressionImpl.java:115
Control.java:1, DefaultAnnotationProcessor.java:221
Control.java:1, DefaultAnnotationProcessor.java:226
Control.java:1, DefaultAnnotationProcessor.java:232
Control.java:1, DefaultAnnotationProcessor.java:238
Control.java:1, HostConfiguration.java:0
Control.java:1, Response.java:513
Control.java:1, Response.java:515
Control.java:1, Response.java:790
Control.java:1, SetLocaleSupport.java:0
Control.java:1, TimeZoneSupport.java:0
Control.java:1, ResourceCache.java:294
Control.java:1, ResourceCache.java:400
Control.java:1, ResourceAttributes.java:737
Control.java:1, ResourceAttributes.java:633
Control.java:1, ResourceAttributes.java:597
Control.java:1, ResourceCache.java:364
Control.java:1, ProxyDirContext.java:1475
Control.java:1, Resource.java:88
Control.java:1, CharChunk.java:71
Control.java:1, DefaultAnnotationProcessor.java:216
Control.java:1, Page.java:177
Control.java:1, SimpleCharStream.java:91
Control.java:1, SimpleCharStream.java:115
Control.java:1, EngineConfig.java:72
Control.java:1, URLCodec.java:169
Control.java:1, Request.java:1081
Control.java:1, Parameters.java:201
Control.java:1, Parameters.java:426
Control.java:1, NumberGuessBean.java:38
Control.java:1, NumberGuessBean.java:55
Control.java:1, ApplicationHttpRequest.java:787
Control.java:1, OutputBuffer.java:557
Control.java:1, OutputBuffer.java:378
Control.java:1, OutputBuffer.java:386
Control.java:1, CharChunk.java:67
Control.java:1, IdentityInputFilter.java:148
Control.java:1, IdentityInputFilter.java:149
Control.java:1, ByteChunk.java:745
Control.java:1, UDecoder.java:79
Control.java:1, DummyCart.java:35
Control.java:1, DummyCart.java:39
Control.java:1, UDecoder.java:77
Control.java:1, ByteChunk.java:161
Control.java:1, HttpVersion.java:0
Control.java:1, AuthChallengeProcessor.java:0
Control.java:1, ProxyDirContext.java:1465
Control.java:1, DefaultServlet.java:731
Control.java:1, ResourceAttributes.java:625
Control.java:1, FileDirContext.java:989
Control.java:1, ResourceAttributes.java:717
Control.java:1, ResourceAttributes.java:728
Control.java:1, ResourceAttributes.java:733
Control.java:1, FileDirContext.java:1028
Control.java:1, ResourceAttributes.java:536
Control.java:1, ApplicationHttpRequest.java:155
Control.java:1, ApplicationHttpRequest.java:682
Control.java:1, StandardWrapper.java:1219
Control.java:1, StandardWrapper.java:809
Control.java:1, StandardWrapperFacade.java:78
Control.java:1, JspServletWrapper.java:314
Control.java:1, JspServletWrapper.java:317
Control.java:1, JspCompilationContext.java:213
Control.java:1, JspCompilationContext.java:216
Control.java:1, JspCompilationContext.java:231
Control.java:1, JspCompilationContext.java:479
Control.java:1, JspCompilationContext.java:385
Control.java:1, JspServletWrapper.java:443
Control.java:1, JspServletWrapper.java:449
Control.java:1, JspCompilationContext.java:304
Control.java:1, ResourceCache.java:296
Control.java:1, ResourceCache.java:297
Control.java:1, ProxyDirContext.java:290
Control.java:1, ProxyDirContext.java:293
Control.java:1, ProxyDirContext.java:294
Control.java:1, ProxyDirContext.java:835
Control.java:1, ProxyDirContext.java:838
Control.java:1, ResourceAttributes.java:789
Control.java:1, FileDirContext.java:1041
Control.java:1, ResourceAttributes.java:538
Control.java:1, ResourceAttributes.java:539
Control.java:1, ResourceAttributes.java:540
Control.java:1, JspCompilationContext.java:450
Control.java:1, JspCompilationContext.java:451
Control.java:1, JspCompilationContext.java:444
Control.java:1, JspCompilationContext.java:663
Control.java:1, JspCompilationContext.java:370
Control.java:1, JspCompilationContext.java:371
Control.java:1, JspServletWrapper.java:197
Control.java:1, JspServletWrapper.java:256
Control.java:1, JspServletWrapper.java:133
Control.java:1, JspServletWrapper.java:137
Control.java:1, JspCompilationContext.java:170
Control.java:1, JspCompilationContext.java:179
Control.java:1, JspServletWrapper.java:146
Control.java:1, JspServletWrapper.java:159
Control.java:1, JspServletWrapper.java:161
Control.java:1, JspCompilationContext.java:487
Control.java:1, JspServletWrapper.java:166
Control.java:1, HeaderGroup.java:0
Control.java:1, if_jsp.java:128
Control.java:1, ELParserTokenManager.java:1223
Control.java:1, ELParserTokenManager.java:1280
Control.java:1, AuthState.java:0
Control.java:1, ELParser.java:1962
Control.java:1, ValueExpressionImpl.java:159
Control.java:1, ValueExpressionImpl.java:162
Control.java:1, ExpressionBuilder.java:75
Control.java:1, ExpressionBuilder.java:145
Control.java:1, panel_tag.java:68
Control.java:1, Client.java:144
Control.java:1, MultiThreadedHttpConnectionManager.java:0
Control.java:1, FunctionMapperFactory.java:37
Control.java:1, C2BConverter.java:260
Control.java:1, InternalNioOutputBuffer.java:747
Control.java:1, InternalNioOutputBuffer.java:511
Control.java:1, InternalNioOutputBuffer.java:512
Control.java:1, InternalNioOutputBuffer.java:508
Control.java:1, InternalNioOutputBuffer.java:509
