ChannelSocket.java:864, ChannelSocket.java:872
NioEndpoint.java:1325, NioEndpoint.java:1334
NioEndpoint.java:1324, NioEndpoint.java:1336
NioChannel.java:54, NioChannel.java:159
NioChannel.java:187, NioChannel.java:150
NioEndpoint.java:1326, NioEndpoint.java:1336
NioEndpoint.java:200, NioEndpoint.java:2201
NioEndpoint.java:2196, NioEndpoint.java:2204
NioEndpoint.java:1398, NioEndpoint.java:1401
NioEndpoint.java:2197, NioEndpoint.java:2217
NioEndpoint.java:421, NioEndpoint.java:2217
Http11NioProtocol.java:595, Http11NioProtocol.java:698
Http11NioProtocol.java:597, Http11NioProtocol.java:701
LogFactory.java:129, LogFactory.java:282
StringManager.java:149, StringManager.java:159
Http11NioProtocol.java:633, Http11NioProtocol.java:766
Http11NioProtocol.java:209, Http11NioProtocol.java:766
NioEndpoint.java:434, NioEndpoint.java:992
SocketProperties.java:311, SocketProperties.java:203
SocketProperties.java:283, SocketProperties.java:235
Http11NioProtocol.java:217, Http11NioProtocol.java:57
MessageBytes.java:726, MessageBytes.java:80
NioEndpoint.java:434, NioEndpoint.java:456
SocketProperties.java:295, SocketProperties.java:223
HttpMessages.java:36, HttpMessages.java:56
HttpMessages.java:33, HttpMessages.java:56
StringManager.java:77, StringManager.java:108
NioEndpoint.java:648, NioEndpoint.java:649
StringManager.java:149, StringManager.java:162
Http11NioProtocol.java:633, Http11NioProtocol.java:771
Http11NioProtocol.java:117, Http11NioProtocol.java:57
Http11NioProtocol.java:633, Http11NioProtocol.java:772
Http11NioProtocol.java:214, Http11NioProtocol.java:57
Http11NioProtocol.java:633, Http11NioProtocol.java:773
Http11NioProtocol.java:215, Http11NioProtocol.java:57
Http11NioProtocol.java:633, Http11NioProtocol.java:774
Http11NioProtocol.java:220, Http11NioProtocol.java:57
Http11NioProtocol.java:633, Http11NioProtocol.java:775
Http11NioProtocol.java:233, Http11NioProtocol.java:57
Http11NioProtocol.java:633, Http11NioProtocol.java:776
Http11NioProtocol.java:229, Http11NioProtocol.java:57
Http11NioProtocol.java:633, Http11NioProtocol.java:777
Http11NioProtocol.java:230, Http11NioProtocol.java:57
Http11NioProtocol.java:633, Http11NioProtocol.java:778
Http11NioProtocol.java:232, Http11NioProtocol.java:57
Http11NioProtocol.java:633, Http11NioProtocol.java:779
Http11NioProtocol.java:231, Http11NioProtocol.java:57
Http11NioProtocol.java:633, Http11NioProtocol.java:780
Http11NioProtocol.java:221, Http11NioProtocol.java:57
Http11NioProtocol.java:633, Http11NioProtocol.java:781
Http11NioProtocol.java:216, Http11NioProtocol.java:57
Http11NioProtocol.java:633, Http11NioProtocol.java:782
Http11NioProtocol.java:633, Http11NioProtocol.java:788
Http11NioProtocol.java:858, Http11NioProtocol.java:843
Http11NioProtocol.java:786, Http11NioProtocol.java:791
Http11NioProtocol.java:829, Http11NioProtocol.java:792
DirectJDKLog.java:71, DirectJDKLog.java:87
Http11NioProtocol.java:593, Http11NioProtocol.java:794
RequestGroupInfo.java:27, RequestGroupInfo.java:36
Http11NioProtocol.java:633, Http11NioProtocol.java:795
Http11NioProtocol.java:209, Http11NioProtocol.java:334
Http11NioProtocol.java:209, Http11NioProtocol.java:350
NioEndpoint.java:406, NioEndpoint.java:405
Http11NioProtocol.java:592, Http11NioProtocol.java:795
Registry.java:84, Registry.java:151
Registry.java:78, Registry.java:779
Registry.java:104, Registry.java:405
Registry.java:108, Registry.java:407
Registry.java:78, Registry.java:624
Registry.java:111, Registry.java:904
Registry.java:78, Registry.java:820
DirectJDKLog.java:71, DirectJDKLog.java:95
Registry.java:111, Registry.java:824
Registry.java:78, Registry.java:645
Registry.java:78, Registry.java:712
MbeansDescriptorsIntrospectionSource.java:99, MbeansDescriptorsIntrospectionSource.java:258
MbeansDescriptorsIntrospectionSource.java:109, MbeansDescriptorsIntrospectionSource.java:143
MbeansDescriptorsIntrospectionSource.java:109, MbeansDescriptorsIntrospectionSource.java:144
MbeansDescriptorsIntrospectionSource.java:41, MbeansDescriptorsIntrospectionSource.java:332
MbeansDescriptorsIntrospectionSource.java:41, MbeansDescriptorsIntrospectionSource.java:387
Registry.java:104, Registry.java:388
BaseModelMBean.java:104, BaseModelMBean.java:1113
MapperListener.java:100, MapperListener.java:203
MapperListener.java:57, MapperListener.java:209
Http11NioProtocol.java:633, Http11NioProtocol.java:712
Http11NioProtocol.java:209, Http11NioProtocol.java:712
NioEndpoint.java:652, NioEndpoint.java:653
NioEndpoint.java:163, NioEndpoint.java:988
NioChannel.java:55, NioChannel.java:146
NioEndpoint.java:2071, NioEndpoint.java:2077
NioEndpoint.java:173, NioEndpoint.java:996
CoyoteAdapter.java:77, CoyoteAdapter.java:261
StringManager.java:234, StringManager.java:245
CoyoteAdapter.java:77, CoyoteAdapter.java:263
Connector.java:713, Connector.java:700
CoyoteAdapter.java:77, CoyoteAdapter.java:275
Connector.java:272, Connector.java:856
CoyoteAdapter.java:77, CoyoteAdapter.java:280
Connector.java:128, Connector.java:906
CoyoteAdapter.java:77, CoyoteAdapter.java:365
Connector.java:178, Connector.java:810
CoyoteAdapter.java:77, CoyoteAdapter.java:366
Connector.java:185, Connector.java:834
CoyoteAdapter.java:77, CoyoteAdapter.java:374
Connector.java:156, Connector.java:733
CoyoteAdapter.java:77, CoyoteAdapter.java:375
Connector.java:165, Connector.java:761
CoyoteAdapter.java:77, CoyoteAdapter.java:616
CoyoteAdapter.java:77, CoyoteAdapter.java:448
Connector.java:229, Connector.java:938
CoyoteAdapter.java:77, CoyoteAdapter.java:457
Connector.java:260, Connector.java:511
Mapper.java:97, Mapper.java:599
Mapper.java:1242, Mapper.java:1037
Mapper.java:93, Mapper.java:1037
Mapper.java:1242, Mapper.java:601
Mapper.java:93, Mapper.java:601
Mapper.java:1242, Mapper.java:602
Mapper.java:95, Mapper.java:602
Mapper.java:1242, Mapper.java:603
Mapper.java:94, Mapper.java:603
Mapper.java:242, Mapper.java:603
Mapper.java:1242, Mapper.java:604
Mapper.java:94, Mapper.java:604
Mapper.java:233, Mapper.java:604
Mapper.java:237, Mapper.java:982
Mapper.java:237, Mapper.java:992
Mapper.java:1242, Mapper.java:1001
Mapper.java:237, Mapper.java:1001
Mapper.java:1242, Mapper.java:632
Mapper.java:237, Mapper.java:632
Mapper.java:1242, Mapper.java:633
Mapper.java:237, Mapper.java:633
Mapper.java:1242, Mapper.java:657
Mapper.java:238, Mapper.java:660
Mapper.java:237, Mapper.java:661
Mapper.java:237, Mapper.java:685
Mapper.java:412, Mapper.java:699
Mapper.java:407, Mapper.java:982
Mapper.java:1242, Mapper.java:992
Mapper.java:407, Mapper.java:992
Mapper.java:407, Mapper.java:854
Mapper.java:407, Mapper.java:855
Mapper.java:407, Mapper.java:856
Mapper.java:377, Mapper.java:857
Mapper.java:386, Mapper.java:704
Mapper.java:399, Mapper.java:739
CoyoteAdapter.java:77, CoyoteAdapter.java:463
Connector.java:104, Connector.java:377
StandardContext.java:290, StandardContext.java:1106
CoyoteAdapter.java:77, CoyoteAdapter.java:293
Connector.java:445, Connector.java:428
Connector.java:445, Connector.java:432
ContainerBase.java:230, ContainerBase.java:641
StandardPipeline.java:130, StandardPipeline.java:556
StandardPipeline.java:408, StandardPipeline.java:559
ContainerBase.java:595, ContainerBase.java:576
StandardPipeline.java:453, StandardPipeline.java:556
StandardPipeline.java:453, StandardPipeline.java:557
ValveBase.java:278, SingleSignOn.java:368
ValveBase.java:278, SingleSignOn.java:379
ValveBase.java:278, SingleSignOn.java:392
ValveBase.java:151, ValveBase.java:139
ContainerBase.java:348, ContainerBase.java:328
ContainerBase.java:348, ContainerBase.java:329
WebappLoader.java:639, WebappLoader.java:221
AuthenticatorBase.java:80, AuthenticatorBase.java:385
AuthenticatorBase.java:269, AuthenticatorBase.java:388
StandardContext.java:1475, StandardContext.java:1430
AuthenticatorBase.java:112, AuthenticatorBase.java:391
ContainerBase.java:420, ContainerBase.java:400
ContainerBase.java:420, ContainerBase.java:401
AuthenticatorBase.java:269, AuthenticatorBase.java:413
ContainerBase.java:540, ContainerBase.java:521
StringCache.java:96, StringCache.java:329
StringCache.java:47, StringCache.java:331
AuthenticatorBase.java:269, AuthenticatorBase.java:424
ContainerBase.java:236, ContainerBase.java:653
ContainerBase.java:595, ContainerBase.java:655
ContainerBase.java:595, ContainerBase.java:656
ContainerBase.java:673, ContainerBase.java:653
ContainerBase.java:673, ContainerBase.java:654
AuthenticatorBase.java:269, AuthenticatorBase.java:426
StandardContext.java:2155, StandardContext.java:2697
StandardContext.java:2154, RealmBase.java:478
SecurityConstraint.java:222, SecurityConstraint.java:285
RealmBase.java:71, RealmBase.java:486
SecurityConstraint.java:221, RealmBase.java:493
SecurityCollection.java:191, SecurityCollection.java:250
StandardContext.java:2139, RealmBase.java:502
SecurityConstraint.java:221, RealmBase.java:504
SecurityCollection.java:96, SecurityCollection.java:204
StandardContext.java:2154, RealmBase.java:508
AuthenticatorBase.java:145, AuthenticatorBase.java:439
AuthenticatorBase.java:151, AuthenticatorBase.java:444
AuthenticatorBase.java:80, AuthenticatorBase.java:458
SecurityConstraint.java:98, SecurityConstraint.java:162
RealmBase.java:71, RealmBase.java:912
SecurityConstraint.java:202, SecurityConstraint.java:121
SecurityConstraint.java:62, SecurityConstraint.java:110
SecurityConstraint.java:201, SecurityConstraint.java:254
AuthenticatorBase.java:80, AuthenticatorBase.java:488
AuthenticatorBase.java:269, BasicAuthenticator.java:181
UserDatabaseRealm.java:253, UserDatabaseRealm.java:196
MemoryUserDatabase.java:143, MemoryUserDatabase.java:355
MemoryUserDatabase.java:143, MemoryUserDatabase.java:356
AbstractUser.java:112, AbstractUser.java:98
RealmBase.java:118, RealmBase.java:1143
RealmBase.java:1350, RealmBase.java:325
UserDatabaseRealm.java:253, UserDatabaseRealm.java:212
MemoryUser.java:84, MemoryUser.java:107
MemoryUser.java:84, MemoryUser.java:108
AbstractRole.java:96, AbstractRole.java:83
MemoryUser.java:78, MemoryUser.java:95
MemoryUser.java:78, MemoryUser.java:96
AuthenticatorBase.java:80, AuthenticatorBase.java:706
AuthenticatorBase.java:112, AuthenticatorBase.java:716
AuthenticatorBase.java:845, AuthenticatorBase.java:732
AuthenticatorBase.java:162, AuthenticatorBase.java:631
AuthenticatorBase.java:169, AuthenticatorBase.java:633
AuthenticatorBase.java:162, AuthenticatorBase.java:634
AuthenticatorBase.java:132, AuthenticatorBase.java:281
ValveBase.java:118, ValveBase.java:210
ValveBase.java:118, ValveBase.java:211
AuthenticatorBase.java:132, AuthenticatorBase.java:296
AuthenticatorBase.java:132, AuthenticatorBase.java:284
AuthenticatorBase.java:162, AuthenticatorBase.java:641
AuthenticatorBase.java:162, AuthenticatorBase.java:647
AuthenticatorBase.java:125, AuthenticatorBase.java:607
AuthenticatorBase.java:105, AuthenticatorBase.java:609
AuthenticatorBase.java:125, AuthenticatorBase.java:609
AuthenticatorBase.java:125, AuthenticatorBase.java:619
AuthenticatorBase.java:845, AuthenticatorBase.java:750
SecurityUtil.java:72, SecurityUtil.java:408
AuthenticatorBase.java:845, AuthenticatorBase.java:758
ValveBase.java:278, SingleSignOn.java:602
SingleSignOn.java:77, SingleSignOn.java:606
SingleSignOn.java:77, SingleSignOn.java:607
Connector.java:116, Connector.java:455
StandardManager.java:114, StandardManager.java:284
ManagerBase.java:445, ManagerBase.java:796
ManagerBase.java:285, ManagerBase.java:272
ContainerBase.java:218, ContainerBase.java:576
StandardEngine.java:194, StandardEngine.java:203
ManagerBase.java:134, ManagerBase.java:959
ManagerBase.java:513, ManagerBase.java:913
ManagerBase.java:516, ManagerBase.java:913
ManagerBase.java:516, ManagerBase.java:916
ManagerBase.java:516, ManagerBase.java:918
ManagerBase.java:134, ManagerBase.java:963
ManagerBase.java:178, ManagerBase.java:982
ManagerBase.java:178, ManagerBase.java:738
ManagerBase.java:178, ManagerBase.java:739
ManagerBase.java:183, ManagerBase.java:740
ManagerBase.java:183, ManagerBase.java:741
StandardContext.java:933, StandardContext.java:921
StandardManager.java:398, ManagerBase.java:828
StandardContext.java:731, StandardContext.java:725
StandardContext.java:709, StandardContext.java:1133
AuthenticatorBase.java:845, AuthenticatorBase.java:774
ValveBase.java:278, SingleSignOn.java:457
SingleSignOn.java:77, SingleSignOn.java:663
SingleSignOn.java:77, SingleSignOn.java:664
SingleSignOn.java:104, SingleSignOn.java:463
SingleSignOn.java:104, SingleSignOn.java:464
AuthenticatorBase.java:80, AuthenticatorBase.java:504
AuthenticatorBase.java:269, AuthenticatorBase.java:507
LoginConfig.java:85, LoginConfig.java:81
RealmBase.java:71, RealmBase.java:770
SecurityConstraint.java:200, RealmBase.java:790
UserDatabaseRealm.java:253, UserDatabaseRealm.java:161
MemoryUserDatabase.java:129, MemoryUserDatabase.java:340
MemoryUserDatabase.java:129, MemoryUserDatabase.java:341
MemoryUser.java:84, MemoryUser.java:182
MemoryUser.java:84, MemoryUser.java:183
RealmBase.java:71, RealmBase.java:792
RealmBase.java:161, RealmBase.java:801
AuthenticatorBase.java:80, AuthenticatorBase.java:522
StandardContextValve.java:98, StandardContextValve.java:129
StandardContext.java:441, StandardContext.java:5011
StandardWrapper.java:330, StandardWrapper.java:599
StandardContextValve.java:98, StandardContextValve.java:162
StandardContext.java:908, StandardContext.java:896
ValveBase.java:118, ValveBase.java:106
StandardContext.java:1007, StandardContext.java:994
StandardWrapper.java:227, StandardWrapper.java:792
StandardWrapper.java:221, StandardWrapper.java:799
StandardWrapper.java:159, StandardWrapper.java:802
StandardWrapper.java:159, StandardWrapper.java:804
StandardWrapper.java:81, StandardWrapper.java:806
StandardWrapper.java:221, StandardWrapper.java:1006
StandardWrapper.java:159, StandardWrapper.java:1006
StandardWrapper.java:503, StandardWrapper.java:1010
StandardWrapper.java:553, StandardWrapper.java:1022
ContainerBase.java:182, ContainerBase.java:328
ContainerBase.java:595, ContainerBase.java:330
ContainerBase.java:595, ContainerBase.java:331
StandardContext.java:1653, StandardContext.java:1640
WebappClassLoader.java:110, WebappClassLoader.java:1266
WebappClassLoader.java:1501, WebappClassLoader.java:1271
WebappClassLoader.java:243, WebappClassLoader.java:2197
WebappClassLoader.java:220, WebappClassLoader.java:1302
WebappClassLoader.java:221, WebappClassLoader.java:1313
WebappClassLoader.java:432, WebappClassLoader.java:1327
WebappClassLoader.java:110, WebappClassLoader.java:1351
WebappClassLoader.java:110, WebappClassLoader.java:859
WebappClassLoader.java:1501, WebappClassLoader.java:863
WebappClassLoader.java:221, WebappClassLoader.java:868
WebappClassLoader.java:110, WebappClassLoader.java:887
WebappClassLoader.java:1501, WebappClassLoader.java:1896
WebappClassLoader.java:243, WebappClassLoader.java:1904
WebappClassLoader.java:294, WebappClassLoader.java:1911
WebappClassLoader.java:273, WebappClassLoader.java:1912
WebappClassLoader.java:249, WebappClassLoader.java:1989
WebappClassLoader.java:378, WebappClassLoader.java:892
WebappClassLoader.java:110, WebappClassLoader.java:921
WebappClassLoader.java:110, WebappClassLoader.java:1368
WebappClassLoader.java:218, WebappClassLoader.java:1370
WebappClassLoader.java:110, WebappClassLoader.java:1376
StringManager.java:234, StringManager.java:249
StandardContext.java:376, StandardContext.java:1407
StandardContext.java:4405, StandardContext.java:715
DefaultAnnotationProcessor.java:52, DefaultAnnotationProcessor.java:149
StandardHost.java:402, StandardHost.java:380
StandardWrapper.java:274, StandardWrapper.java:1158
StandardWrapper.java:165, StandardWrapper.java:1161
InstanceSupport.java:66, InstanceSupport.java:221
StandardWrapper.java:145, StandardWrapper.java:1173
StandardWrapperFacade.java:48, StandardWrapperFacade.java:72
StandardWrapperFacade.java:48, StandardWrapperFacade.java:87
StandardWrapper.java:191, StandardWrapper.java:905
StandardWrapper.java:191, StandardWrapper.java:906
ServerFactory.java:72, ServerFactory.java:54
ServerFactory.java:72, ServerFactory.java:56
StandardServer.java:207, StandardServer.java:194
StandardWrapperFacade.java:65, StandardWrapperFacade.java:77
StandardWrapperFacade.java:48, StandardWrapperFacade.java:78
ContainerBase.java:595, StandardWrapper.java:1503
ContainerBase.java:595, StandardWrapper.java:1505
ContainerBase.java:595, StandardWrapper.java:1508
StandardContext.java:1725, StandardContext.java:1724
StandardContext.java:1725, StandardContext.java:1729
ApplicationContext.java:119, ApplicationContext.java:845
StandardWrapperFacade.java:65, StandardWrapperFacade.java:78
StandardWrapperFacade.java:65, StandardWrapperFacade.java:79
StandardWrapperFacade.java:65, StandardWrapperFacade.java:82
ApplicationContextFacade.java:79, ApplicationContextFacade.java:317
ApplicationContext.java:94, ApplicationContext.java:174
StandardHost.java:191, StandardHost.java:177
ApplicationContextFacade.java:79, ApplicationContextFacade.java:251
ApplicationContext.java:83, ApplicationContext.java:644
ContainerBase.java:387, ContainerBase.java:385
ContainerBase.java:387, ContainerBase.java:386
DirectJDKLog.java:71, DirectJDKLog.java:152
DirectJDKLog.java:71, DirectJDKLog.java:165
SystemLogHandler.java:62, SystemLogHandler.java:123
SystemLogHandler.java:46, SystemLogHandler.java:133
StandardWrapper.java:178, StandardWrapper.java:1177
StandardWrapper.java:165, StandardWrapper.java:1195
StandardWrapper.java:221, StandardWrapper.java:1219
StandardWrapper.java:221, StandardWrapper.java:1220
ContainerBase.java:176, ContainerBase.java:1354
StandardWrapper.java:273, StandardWrapper.java:1226
StandardWrapper.java:503, StandardWrapper.java:1228
StandardWrapper.java:159, StandardWrapper.java:809
StandardWrapper.java:221, StandardWrapper.java:812
StandardWrapper.java:139, StandardWrapper.java:814
StandardWrapper.java:221, StandardWrapper.java:826
StandardWrapper.java:81, StandardWrapper.java:827
StandardWrapper.java:159, StandardWrapper.java:834
StandardWrapper.java:165, StandardWrapper.java:371
StandardContext.java:368, StandardContext.java:2793
StandardWrapper.java:171, StandardWrapper.java:381
StandardContext.java:537, StandardContext.java:1772
InstanceSupport.java:66, InstanceSupport.java:270
Connector.java:278, Connector.java:879
ContainerBase.java:158, ContainerBase.java:846
ContainerBase.java:158, ContainerBase.java:847
StandardContext.java:119, StandardContext.java:4171
DirectJDKLog.java:71, DirectJDKLog.java:83
StandardContext.java:119, StandardContext.java:4172
ContainerBase.java:248, StandardContext.java:4172
StringManager.java:74, StringManager.java:118
StringManager.java:74, StringManager.java:121
NioEndpoint.java:2072, NioEndpoint.java:2078
NioEndpoint.java:1819, NioEndpoint.java:1850
NioSelectorPool.java:69, NioSelectorPool.java:66
NioSelectorPool.java:69, NioSelectorPool.java:74
NioSelectorPool.java:130, NioSelectorPool.java:156
NioBlockingSelector.java:54, NioBlockingSelector.java:131
NioBlockingSelector.java:200, NioBlockingSelector.java:290
NioBlockingSelector.java:202, NioBlockingSelector.java:214
NioBlockingSelector.java:55, NioBlockingSelector.java:214
NioEndpoint.java:1826, NioEndpoint.java:1860
StandardWrapper.java:221, StandardWrapper.java:882
StandardWrapper.java:139, StandardWrapper.java:883
StandardWrapper.java:330, StandardWrapper.java:310
NioEndpoint.java:1386, NioEndpoint.java:1417
NioEndpoint.java:1391, NioEndpoint.java:1418
URI.java:0, HttpHost.java:0
URI.java:0, HttpMethodBase.java:0
Response.java:51, Response.java:105
NioEndpoint.java:1816, NioEndpoint.java:1840
NioEndpoint.java:1814, NioEndpoint.java:1853
NioEndpoint.java:1829, NioEndpoint.java:1889
NioEndpoint.java:1818, NioEndpoint.java:1842
NioEndpoint.java:1858, NioEndpoint.java:1858
NioEndpoint.java:1827, NioEndpoint.java:1843
HexUtils.java:40, Http11NioProcessor.java:107
FastHttpDateFormat.java:115, FastHttpDateFormat.java:112
FastHttpDateFormat.java:116, FastHttpDateFormat.java:120
Ascii.java:51, Ascii.java:90
HexUtils.java:40, Http11NioProcessor.java:1520
Parameters.java:537, Parameters.java:91
Mapper.java:407, Mapper.java:1001
Mapper.java:389, Mapper.java:706
Mapper.java:1242, Mapper.java:982
Mapper.java:381, Mapper.java:982
Mapper.java:394, Mapper.java:982
Mapper.java:394, Mapper.java:992
Mapper.java:394, Mapper.java:941
Mapper.java:377, Mapper.java:947
StandardContext.java:2154, RealmBase.java:522
RealmBase.java:71, RealmBase.java:530
SecurityConstraint.java:221, RealmBase.java:537
StandardContext.java:2139, RealmBase.java:548
StandardContext.java:2154, RealmBase.java:588
RealmBase.java:71, RealmBase.java:596
SecurityConstraint.java:221, RealmBase.java:605
StandardContext.java:2139, RealmBase.java:614
StandardContext.java:2154, RealmBase.java:645
RealmBase.java:71, RealmBase.java:653
SecurityConstraint.java:221, RealmBase.java:660
StandardContext.java:2139, RealmBase.java:670
RealmBase.java:71, RealmBase.java:686
AuthenticatorBase.java:80, AuthenticatorBase.java:431
Ascii.java:58, Ascii.java:90
ValveBase.java:118, StandardContextValve.java:168
StandardWrapper.java:1219, StandardWrapper.java:799
StandardWrapper.java:993, StandardWrapper.java:802
StandardWrapper.java:1219, StandardWrapper.java:826
StandardWrapper.java:139, StandardWrapper.java:832
StandardWrapper.java:993, StandardWrapper.java:834
ApplicationFilterFactory.java:82, ApplicationFilterFactory.java:81
ApplicationFilterFactory.java:82, ApplicationFilterFactory.java:84
StandardContext.java:2269, StandardContext.java:2793
FilterMap.java:67, FilterMap.java:219
FilterMap.java:104, FilterMap.java:107
FilterMap.java:124, FilterMap.java:127
StandardContext.java:2268, ApplicationFilterFactory.java:163
StandardContext.java:2268, ApplicationFilterFactory.java:166
FilterMap.java:137, FilterMap.java:127
FilterMap.java:136, ApplicationFilterFactory.java:252
FilterMap.java:114, FilterMap.java:117
FilterMap.java:96, FilterMap.java:86
FilterMap.java:95, ApplicationFilterFactory.java:334
StandardContext.java:2268, ApplicationFilterFactory.java:193
StandardContext.java:2268, ApplicationFilterFactory.java:196
FilterMap.java:83, FilterMap.java:86
JspServlet.java:61, JspServlet.java:249
JspServlet.java:102, JspServlet.java:300
JspRuntimeContext.java:166, JspRuntimeContext.java:188
JspServlet.java:102, JspServlet.java:304
JspServlet.java:76, JspServlet.java:308
ApplicationContextFacade.java:79, ApplicationContextFacade.java:176
ApplicationContext.java:83, ApplicationContext.java:486
StandardContext.java:4065, ContainerBase.java:710
StandardContext.java:4065, ContainerBase.java:711
ApplicationContext.java:83, ApplicationContext.java:488
ApplicationContext.java:83, ApplicationContext.java:489
ProxyDirContext.java:71, ProxyDirContext.java:1440
ProxyDirContext.java:195, ProxyDirContext.java:1444
ProxyDirContext.java:195, ProxyDirContext.java:1445
ProxyDirContext.java:71, ProxyDirContext.java:1449
ResourceCache.java:400, ResourceCache.java:293
ResourceCache.java:294, ResourceCache.java:294
ProxyDirContext.java:1452, ResourceCache.java:354
ResourceCache.java:397, ResourceCache.java:364
ProxyDirContext.java:1452, ResourceCache.java:364
ProxyDirContext.java:1452, ResourceCache.java:373
ProxyDirContext.java:1452, ResourceCache.java:296
ResourceCache.java:59, ResourceCache.java:301
ProxyDirContext.java:64, ProxyDirContext.java:1531
FileDirContext.java:135, FileDirContext.java:784
FileDirContext.java:170, FileDirContext.java:787
FileDirContext.java:144, FileDirContext.java:800
FileDirContext.java:154, FileDirContext.java:805
FileDirContext.java:144, FileDirContext.java:812
FileDirContext.java:144, FileDirContext.java:814
FileDirContext.java:144, FileDirContext.java:819
ProxyDirContext.java:64, ProxyDirContext.java:1546
ProxyDirContext.java:79, ProxyDirContext.java:1563
ProxyDirContext.java:78, ProxyDirContext.java:1600
ProxyDirContext.java:71, ProxyDirContext.java:1603
ProxyDirContext.java:71, ProxyDirContext.java:1605
ResourceCache.java:130, ResourceCache.java:205
ProxyDirContext.java:71, ProxyDirContext.java:1606
ProxyDirContext.java:1452, ResourceCache.java:392
JspServlet.java:75, JspServlet.java:335
JspServlet.java:100, JspServlet.java:335
JspServlet.java:102, JspServlet.java:335
StandardWrapperFacade.java:78, StandardWrapperFacade.java:77
StandardWrapperFacade.java:78, StandardWrapperFacade.java:82
JspServlet.java:102, JspServlet.java:337
JspRuntimeContext.java:166, JspRuntimeContext.java:178
EmbeddedServletOptions.java:51, EmbeddedServletOptions.java:252
JspServletWrapper.java:96, JspServletWrapper.java:292
JspCompilationContext.java:84, JspCompilationContext.java:572
JspServletWrapper.java:74, JspServletWrapper.java:296
JspServletWrapper.java:94, JspServletWrapper.java:312
EmbeddedServletOptions.java:143, EmbeddedServletOptions.java:330
EmbeddedServletOptions.java:600, EmbeddedServletOptions.java:309
EmbeddedServletOptions.java:169, EmbeddedServletOptions.java:245
ResourceCache.java:307, ResourceCache.java:307
ProxyDirContext.java:87, ProxyDirContext.java:232
ProxyDirContext.java:88, ProxyDirContext.java:240
BaseDirContext.java:86, FileDirContext.java:432
StringManager.java:68, StringManager.java:87
ResourceCache.java:59, ResourceCache.java:320
ResourceCache.java:59, ResourceCache.java:321
ProxyDirContext.java:188, ProxyDirContext.java:291
EmbeddedServletOptions.java:581, EmbeddedServletOptions.java:287
JspRuntimeContext.java:113, JspRuntimeContext.java:226
WebappClassLoader.java:690, WebappClassLoader.java:1911
WebappClassLoader.java:611, WebappClassLoader.java:1912
WebappClassLoader.java:611, WebappClassLoader.java:1923
WebappClassLoader.java:610, WebappClassLoader.java:1923
WebappClassLoader.java:410, WebappClassLoader.java:1925
ProxyDirContext.java:64, ProxyDirContext.java:299
BaseDirContext.java:86, FileDirContext.java:209
WebappClassLoader.java:690, WebappClassLoader.java:1994
WebappClassLoader.java:1501, WebappClassLoader.java:1751
WebappClassLoader.java:690, WebappClassLoader.java:1751
WebappClassLoader.java:690, WebappClassLoader.java:1753
WebappClassLoader.java:690, WebappClassLoader.java:1754
WebappClassLoader.java:690, WebappClassLoader.java:1756
WebappClassLoader.java:698, WebappClassLoader.java:1756
WebappClassLoader.java:695, WebappClassLoader.java:1756
WebappClassLoader.java:697, WebappClassLoader.java:1756
WebappClassLoader.java:690, WebappClassLoader.java:2001
WebappClassLoader.java:249, WebappClassLoader.java:2079
WebappClassLoader.java:249, WebappClassLoader.java:2080
JspCompilationContext.java:572, JspCompilationContext.java:626
WebappClassLoader.java:110, WebappClassLoader.java:1292
ApplicationContextFacade.java:79, ApplicationContextFacade.java:335
ApplicationContext.java:100, ApplicationContext.java:754
ApplicationContext.java:94, ApplicationContext.java:756
ApplicationContext.java:94, ApplicationContext.java:759
ApplicationContext.java:83, ApplicationContext.java:762
ApplicationContext.java:83, ApplicationContext.java:771
ApplicationContext.java:83, ApplicationContext.java:788
ContextListener.java:113, ContextListener.java:129
ContextListener.java:113, ContextListener.java:130
ApplicationContext.java:83, ApplicationContext.java:791
JspServletWrapper.java:96, JspServletWrapper.java:317
JspFactoryImpl.java:51, JspFactoryImpl.java:95
JspCompilationContext.java:103, JspCompilationContext.java:385
JspCompilationContext.java:105, JspCompilationContext.java:479
JspServletWrapper.java:166, JspServletWrapper.java:133
JspServletWrapper.java:165, JspServletWrapper.java:170
JspServletWrapper.java:165, JspServletWrapper.java:367
JspServletWrapper.java:165, JspServletWrapper.java:374
JspFactoryImpl.java:51, JspFactoryImpl.java:98
ManagerBase.java:741, ManagerBase.java:740
SessionListener.java:116, SessionListener.java:156
SessionListener.java:116, SessionListener.java:157
ManagerBase.java:828, ManagerBase.java:828
JasperLoader.java:52, JasperLoader.java:108
JasperLoader.java:51, JasperLoader.java:128
SecurityUtil.java:29, SecurityUtil.java:37
JspApplicationContextImpl.java:57, JspApplicationContextImpl.java:105
JspApplicationContextImpl.java:105, JspApplicationContextImpl.java:105
JspApplicationContextImpl.java:106, JspApplicationContextImpl.java:118
JspApplicationContextImpl.java:118, JspApplicationContextImpl.java:118
ELParserTokenManager.java:1144, ELParserTokenManager.java:1276
ELParserTokenManager.java:1123, ELParserTokenManager.java:1207
ELParserTokenManager.java:1139, ELParserTokenManager.java:1279
ELParserTokenManager.java:1084, ELParserTokenManager.java:1336
ELParser.java:1965, ELParser.java:6
ELParser.java:1966, ELParser.java:1925
ELParser.java:1965, ELParser.java:24
ELParser.java:6, ELParser.java:2009
ELParser.java:24, ELParser.java:2009
ELParser.java:2009, ELParser.java:143
ELParser.java:2009, ELParser.java:963
ELParser.java:2009, ELParser.java:1303
ELParser.java:2009, ELParser.java:1306
ELParser.java:1306, ELParser.java:2009
ELParser.java:2009, ELParser.java:995
ELParser.java:2009, ELParser.java:648
ELParser.java:6, ELParser.java:974
ELParser.java:6, ELParser.java:723
ELParser.java:648, ELParser.java:2009
ELParser.java:2009, ELParser.java:667
ELParser.java:1966, ELParser.java:2040
ELParser.java:2009, ELParser.java:164
ELParser.java:2009, ELParser.java:55
ELParser.java:1925, ELParser.java:348
ELParser.java:2040, ELParser.java:348
ELParser.java:55, ELParser.java:2009
ELParser.java:6, ELParser.java:640
ELParser.java:6, ELParser.java:458
ELParser.java:6, ELParser.java:348
ELParser.java:6, ELParser.java:290
ELParser.java:6, ELParser.java:234
ELParser.java:6, ELParser.java:2176
ELParser.java:6, ELParser.java:2180
ELParser.java:6, ELParser.java:35
ELParserTokenManager.java:1084, ELParserTokenManager.java:1324
SimpleNode.java:63, SimpleNode.java:146
SimpleNode.java:69, SimpleNode.java:148
AstInteger.java:42, AstInteger.java:40
SimpleNode.java:121, AstInteger.java:42
AstInteger.java:40, AstInteger.java:42
AstInteger.java:42, AstInteger.java:42
JspFactoryImpl.java:51, JspFactoryImpl.java:120
StandardWrapper.java:1219, StandardWrapper.java:882
HexUtils.java:63, MessageBytes.java:639
NioEndpoint.java:1324, NioEndpoint.java:1341
NioEndpoint.java:1326, NioEndpoint.java:1326
Http11NioProcessor.java:1266, Http11NioProcessor.java:1266
Http11NioProcessor.java:91, Http11NioProcessor.java:796
Request.java:148, Request.java:522
RequestInfo.java:165, RequestInfo.java:165
Http11NioProcessor.java:800, Http11NioProcessor.java:800
Http11NioProcessor.java:1075, Http11NioProcessor.java:800
Http11NioProcessor.java:93, Http11NioProcessor.java:801
InternalNioInputBuffer.java:199, InternalNioInputBuffer.java:199
InternalNioInputBuffer.java:618, InternalNioInputBuffer.java:199
Http11NioProcessor.java:98, Http11NioProcessor.java:802
InternalNioOutputBuffer.java:193, InternalNioOutputBuffer.java:193
InternalNioOutputBuffer.java:443, InternalNioOutputBuffer.java:193
Http11NioProcessor.java:93, Http11NioProcessor.java:803
Http11NioProcessor.java:89, Http11NioProcessor.java:803
InternalNioInputBuffer.java:210, InternalNioInputBuffer.java:210
Http11NioProcessor.java:98, Http11NioProcessor.java:804
CookieSpecBase.java:0, InternalNioInputBuffer.java:773
CookieSpecBase.java:0, InternalNioInputBuffer.java:774
CookieSpecBase.java:0, InternalNioInputBuffer.java:776
InternalNioInputBuffer.java:776, CookieSpecBase.java:0
CookieSpecBase.java:0, InternalNioInputBuffer.java:780
Http11NioProcessor.java:89, Http11NioProcessor.java:804
InternalNioOutputBuffer.java:204, InternalNioOutputBuffer.java:204
InternalNioOutputBuffer.java:208, InternalNioOutputBuffer.java:204
Http11NioProcessor.java:890, Http11NioProcessor.java:807
Http11NioProcessor.java:820, Http11NioProcessor.java:807
Http11NioProcessor.java:1714, Http11NioProcessor.java:808
Http11NioProcessor.java:820, Http11NioProcessor.java:808
Http11NioProcessor.java:1073, Http11NioProcessor.java:809
Http11NioProtocol.java:729, Http11NioProcessor.java:809
Http11NioProcessor.java:638, Http11NioProcessor.java:812
Http11NioProcessor.java:89, Http11NioProcessor.java:813
Http11NioProcessor.java:670, Http11NioProcessor.java:824
Http11NioProcessor.java:93, Http11NioProcessor.java:827
InternalNioInputBuffer.java:369, InternalNioInputBuffer.java:411
InternalNioInputBuffer.java:370, InternalNioInputBuffer.java:415
InternalNioInputBuffer.java:365, InternalNioInputBuffer.java:420
InternalNioInputBuffer.java:364, InternalNioInputBuffer.java:420
InternalNioInputBuffer.java:199, InternalNioInputBuffer.java:598
InternalNioInputBuffer.java:199, InternalNioInputBuffer.java:612
InternalNioInputBuffer.java:199, InternalNioInputBuffer.java:615
InternalNioInputBuffer.java:199, InternalNioInputBuffer.java:616
InternalNioInputBuffer.java:60, InternalNioInputBuffer.java:580
InternalNioInputBuffer.java:199, InternalNioInputBuffer.java:618
InternalNioInputBuffer.java:60, InternalNioInputBuffer.java:618
InternalNioInputBuffer.java:60, InternalNioInputBuffer.java:427
InternalNioInputBuffer.java:372, InternalNioInputBuffer.java:430
InternalNioInputBuffer.java:60, InternalNioInputBuffer.java:458
InternalNioInputBuffer.java:60, InternalNioInputBuffer.java:462
InternalNioInputBuffer.java:57, InternalNioInputBuffer.java:464
Request.java:92, Request.java:181
InternalNioInputBuffer.java:60, InternalNioInputBuffer.java:464
MessageBytes.java:60, MessageBytes.java:130
ByteChunk.java:177, ByteChunk.java:177
ByteChunk.java:541, ByteChunk.java:177
ByteChunk.java:147, ByteChunk.java:178
ByteChunk.java:148, ByteChunk.java:179
ByteChunk.java:149, ByteChunk.java:180
MessageBytes.java:107, MessageBytes.java:131
MessageBytes.java:114, MessageBytes.java:132
MessageBytes.java:115, MessageBytes.java:133
MessageBytes.java:116, MessageBytes.java:134
MessageBytes.java:117, MessageBytes.java:135
MessageBytes.java:118, MessageBytes.java:136
InternalNioInputBuffer.java:60, InternalNioInputBuffer.java:480
InternalNioInputBuffer.java:60, InternalNioInputBuffer.java:499
InternalNioInputBuffer.java:60, InternalNioInputBuffer.java:502
InternalNioInputBuffer.java:60, InternalNioInputBuffer.java:508
CookieSpecBase.java:0, Http11NioProcessor.java:1492
InternalNioInputBuffer.java:57, InternalNioInputBuffer.java:514
Request.java:93, Request.java:185
InternalNioInputBuffer.java:60, InternalNioInputBuffer.java:514
InternalNioInputBuffer.java:373, InternalNioInputBuffer.java:515
InternalNioInputBuffer.java:57, InternalNioInputBuffer.java:520
Request.java:94, Request.java:189
InternalNioInputBuffer.java:60, InternalNioInputBuffer.java:520
ByteChunk.java:499, ByteChunk.java:177
InternalNioInputBuffer.java:60, InternalNioInputBuffer.java:534
InternalNioInputBuffer.java:641, InternalNioInputBuffer.java:543
InternalNioInputBuffer.java:371, InternalNioInputBuffer.java:548
InternalNioInputBuffer.java:60, InternalNioInputBuffer.java:555
InternalNioInputBuffer.java:60, InternalNioInputBuffer.java:557
InternalNioInputBuffer.java:641, InternalNioInputBuffer.java:556
InternalNioInputBuffer.java:716, InternalNioInputBuffer.java:555
InternalNioInputBuffer.java:716, InternalNioInputBuffer.java:557
InternalNioInputBuffer.java:641, InternalNioInputBuffer.java:558
InternalNioInputBuffer.java:641, InternalNioInputBuffer.java:565
InternalNioInputBuffer.java:57, InternalNioInputBuffer.java:566
Request.java:97, Request.java:205
InternalNioInputBuffer.java:60, InternalNioInputBuffer.java:566
InternalNioInputBuffer.java:641, InternalNioInputBuffer.java:566
Http11NioProcessor.java:93, Http11NioProcessor.java:835
InternalNioInputBuffer.java:368, InternalNioInputBuffer.java:663
InternalNioInputBuffer.java:60, InternalNioInputBuffer.java:673
InternalNioInputBuffer.java:823, InternalNioInputBuffer.java:690
InternalNioInputBuffer.java:830, InternalNioInputBuffer.java:690
InternalNioInputBuffer.java:60, InternalNioInputBuffer.java:710
InternalNioInputBuffer.java:60, InternalNioInputBuffer.java:714
InternalNioInputBuffer.java:60, InternalNioInputBuffer.java:716
InternalNioInputBuffer.java:714, InternalNioInputBuffer.java:716
InternalNioInputBuffer.java:716, InternalNioInputBuffer.java:710
InternalNioInputBuffer.java:716, InternalNioInputBuffer.java:714
InternalNioInputBuffer.java:780, InternalNioInputBuffer.java:710
InternalNioInputBuffer.java:823, InternalNioInputBuffer.java:712
InternalNioInputBuffer.java:58, InternalNioInputBuffer.java:712
InternalNioInputBuffer.java:60, InternalNioInputBuffer.java:712
MimeHeaders.java:103, MimeHeaders.java:217
MimeHeaders.java:132, MimeHeaders.java:218
MimeHeaders.java:103, MimeHeaders.java:224
MimeHeaders.java:225, MimeHeaders.java:224
ByteChunk.java:561, ByteChunk.java:177
InternalNioInputBuffer.java:833, InternalNioInputBuffer.java:712
InternalNioInputBuffer.java:780, InternalNioInputBuffer.java:714
InternalNioInputBuffer.java:823, InternalNioInputBuffer.java:722
InternalNioInputBuffer.java:823, InternalNioInputBuffer.java:723
InternalNioInputBuffer.java:831, InternalNioInputBuffer.java:723
InternalNioInputBuffer.java:60, InternalNioInputBuffer.java:751
InternalNioInputBuffer.java:780, InternalNioInputBuffer.java:751
InternalNioInputBuffer.java:823, InternalNioInputBuffer.java:759
InternalNioInputBuffer.java:832, InternalNioInputBuffer.java:759
InternalNioInputBuffer.java:60, InternalNioInputBuffer.java:773
InternalNioInputBuffer.java:780, InternalNioInputBuffer.java:773
InternalNioInputBuffer.java:60, InternalNioInputBuffer.java:774
InternalNioInputBuffer.java:780, InternalNioInputBuffer.java:774
InternalNioInputBuffer.java:60, InternalNioInputBuffer.java:776
InternalNioInputBuffer.java:780, InternalNioInputBuffer.java:776
InternalNioInputBuffer.java:60, InternalNioInputBuffer.java:780
InternalNioInputBuffer.java:823, InternalNioInputBuffer.java:780
InternalNioInputBuffer.java:780, InternalNioInputBuffer.java:780
InternalNioInputBuffer.java:823, InternalNioInputBuffer.java:781
InternalNioInputBuffer.java:823, InternalNioInputBuffer.java:782
InternalNioInputBuffer.java:777, InternalNioInputBuffer.java:773
InternalNioInputBuffer.java:777, InternalNioInputBuffer.java:774
InternalNioInputBuffer.java:777, InternalNioInputBuffer.java:776
InternalNioInputBuffer.java:777, InternalNioInputBuffer.java:780
InternalNioInputBuffer.java:60, InternalNioInputBuffer.java:777
InternalNioInputBuffer.java:823, InternalNioInputBuffer.java:777
InternalNioInputBuffer.java:780, InternalNioInputBuffer.java:777
InternalNioInputBuffer.java:823, InternalNioInputBuffer.java:778
InternalNioInputBuffer.java:716, InternalNioInputBuffer.java:773
InternalNioInputBuffer.java:716, InternalNioInputBuffer.java:774
InternalNioInputBuffer.java:823, InternalNioInputBuffer.java:789
InternalNioInputBuffer.java:60, InternalNioInputBuffer.java:804
InternalNioInputBuffer.java:823, InternalNioInputBuffer.java:818
InternalNioInputBuffer.java:60, InternalNioInputBuffer.java:818
InternalNioInputBuffer.java:823, InternalNioInputBuffer.java:819
ByteChunk.java:568, InternalNioInputBuffer.java:716
Http11NioProcessor.java:1492, InternalNioInputBuffer.java:780
Http11NioProcessor.java:1520, InternalNioInputBuffer.java:780
ByteChunk.java:207, ByteChunk.java:177
InternalNioInputBuffer.java:673, InternalNioInputBuffer.java:716
MimeHeaders.java:103, MimeHeaders.java:225
InternalNioInputBuffer.java:367, InternalNioInputBuffer.java:640
InternalNioInputBuffer.java:641, InternalNioInputBuffer.java:641
Http11NioProcessor.java:91, Http11NioProcessor.java:842
Request.java:447, Request.java:447
Request.java:443, Request.java:447
Http11NioProcessor.java:670, Http11NioProcessor.java:843
Http11NioProcessor.java:1300, Http11NioProcessor.java:1290
Http11NioProcessor.java:1717, Http11NioProcessor.java:1290
Http11NioProcessor.java:1291, Http11NioProcessor.java:1291
Http11NioProcessor.java:1610, Http11NioProcessor.java:1291
Http11NioProcessor.java:1681, Http11NioProcessor.java:1292
Http11NioProcessor.java:1706, Http11NioProcessor.java:1292
Http11NioProcessor.java:1293, Http11NioProcessor.java:1293
Http11NioProcessor.java:1046, Http11NioProcessor.java:1293
Http11NioProcessor.java:1294, Http11NioProcessor.java:1294
Http11NioProcessor.java:939, Http11NioProcessor.java:1294
Http11NioProcessor.java:102, Http11NioProcessor.java:1295
Http11NioProcessor.java:91, Http11NioProcessor.java:1298
MessageBytes.java:112, MessageBytes.java:307
MessageBytes.java:60, MessageBytes.java:316
ByteChunk.java:177, ByteChunk.java:541
AstFloatingPoint.java:42, AstFloatingPoint.java:40
MessageBytes.java:111, MessageBytes.java:186
Http11NioProcessor.java:91, Http11NioProcessor.java:1319
Http11NioProcessor.java:91, Http11NioProcessor.java:1326
Request.java:105, Request.java:165
MimeHeaders.java:103, MimeHeaders.java:289
MimeHeaders.java:225, MimeHeaders.java:289
MessageBytes.java:60, MessageBytes.java:335
ByteChunk.java:177, ByteChunk.java:561
Http11NioProcessor.java:205, Http11NioProcessor.java:1350
Http11NioProcessor.java:91, Http11NioProcessor.java:1367
MessageBytes.java:60, MessageBytes.java:233
Http11NioProcessor.java:93, Http11NioProcessor.java:1394
InternalNioInputBuffer.java:229, InternalNioInputBuffer.java:241
Http11NioProcessor.java:91, Http11NioProcessor.java:1429
Request.java:488, Request.java:296
Request.java:105, Request.java:298
MimeHeaders.java:103, MimeHeaders.java:304
MimeHeaders.java:225, MimeHeaders.java:304
MimeHeaders.java:103, MimeHeaders.java:290
MimeHeaders.java:225, MimeHeaders.java:290
MessageBytes.java:60, MessageBytes.java:99
ByteChunk.java:177, ByteChunk.java:207
Http11NioProcessor.java:1486, Http11NioProcessor.java:1485
InternalNioInputBuffer.java:780, Http11NioProcessor.java:1489
InternalNioInputBuffer.java:780, Http11NioProcessor.java:1492
Http11NioProcessor.java:1486, Http11NioProcessor.java:1493
Http11NioProcessor.java:1493, Http11NioProcessor.java:1493
CharChunk.java:544, Http11NioProcessor.java:1493
Http11NioProcessor.java:91, Http11NioProcessor.java:1515
Request.java:85, Request.java:216
Http11NioProcessor.java:1486, Http11NioProcessor.java:1515
MessageBytes.java:61, MessageBytes.java:160
CharChunk.java:137, CharChunk.java:137
CharChunk.java:537, CharChunk.java:137
CharChunk.java:109, CharChunk.java:138
CharChunk.java:110, CharChunk.java:139
CharChunk.java:108, CharChunk.java:140
MessageBytes.java:107, MessageBytes.java:161
MessageBytes.java:114, MessageBytes.java:162
MessageBytes.java:115, MessageBytes.java:163
MessageBytes.java:116, MessageBytes.java:164
MessageBytes.java:117, MessageBytes.java:165
MessageBytes.java:118, MessageBytes.java:166
InternalNioInputBuffer.java:780, Http11NioProcessor.java:1520
Http11NioProcessor.java:91, Http11NioProcessor.java:1531
Request.java:493, Request.java:224
Http11NioProcessor.java:93, Http11NioProcessor.java:1451
InternalNioInputBuffer.java:226, Http11NioProcessor.java:1451
InternalNioInputBuffer.java:366, InternalNioInputBuffer.java:262
InternalNioInputBuffer.java:67, InternalNioInputBuffer.java:263
InternalNioInputBuffer.java:231, InternalNioInputBuffer.java:272
InternalNioInputBuffer.java:272, InternalNioInputBuffer.java:272
InternalNioInputBuffer.java:360, InternalNioInputBuffer.java:272
InternalNioInputBuffer.java:57, InternalNioInputBuffer.java:274
Http11NioProcessor.java:89, Http11NioProcessor.java:1457
Http11NioProcessor.java:91, Http11NioProcessor.java:1458
Request.java:138, Request.java:377
Http11NioProcessor.java:91, Http11NioProcessor.java:1460
Http11NioProcessor.java:91, Http11NioProcessor.java:1462
Http11NioProcessor.java:638, Http11NioProcessor.java:876
Http11NioProcessor.java:1262, Http11NioProcessor.java:883
Http11NioProcessor.java:91, Http11NioProcessor.java:883
Http11NioProcessor.java:96, Http11NioProcessor.java:883
Request.java:112, Request.java:478
Request.java:473, Request.java:478
Response.java:83, Response.java:171
Response.java:166, Response.java:171
RequestInfo.java:237, RequestInfo.java:237
Request.java:90, Request.java:177
ByteChunk.java:149, ByteChunk.java:138
MessageBytes.java:61, MessageBytes.java:99
CharChunk.java:110, CharChunk.java:99
CharChunk.java:108, CharChunk.java:100
MessageBytes.java:114, MessageBytes.java:99
MessageBytes.java:115, MessageBytes.java:187
MessageBytes.java:116, MessageBytes.java:188
MessageBytes.java:117, MessageBytes.java:189
MessageBytes.java:118, MessageBytes.java:190
MessageBytes.java:107, MessageBytes.java:196
Request.java:406, Request.java:842
Request.java:423, Request.java:1667
Request.java:424, Request.java:1681
Request.java:95, Request.java:193
MessageBytes.java:107, MessageBytes.java:520
MessageBytes.java:60, MessageBytes.java:522
ByteChunk.java:159, ByteChunk.java:159
ByteChunk.java:177, ByteChunk.java:160
ByteChunk.java:177, ByteChunk.java:161
ByteChunk.java:207, ByteChunk.java:161
ByteChunk.java:163, ByteChunk.java:163
ByteChunk.java:313, ByteChunk.java:163
ByteChunk.java:147, ByteChunk.java:164
ByteChunk.java:148, ByteChunk.java:165
ByteChunk.java:149, ByteChunk.java:166
MessageBytes.java:60, MessageBytes.java:523
ByteChunk.java:163, ByteChunk.java:449
ByteChunk.java:177, ByteChunk.java:454
ByteChunk.java:177, ByteChunk.java:461
ByteChunk.java:163, ByteChunk.java:313
ByteChunk.java:177, ByteChunk.java:315
ByteChunk.java:177, ByteChunk.java:737
Request.java:124, Request.java:170
ByteChunk.java:177, ByteChunk.java:685
ByteChunk.java:177, ByteChunk.java:689
MessageBytes.java:61, MessageBytes.java:241
CharChunk.java:127, CharChunk.java:120
CharChunk.java:137, CharChunk.java:121
CharChunk.java:137, CharChunk.java:122
CharChunk.java:500, CharChunk.java:122
CharChunk.java:151, CharChunk.java:124
CharChunk.java:109, CharChunk.java:125
CharChunk.java:110, CharChunk.java:126
CharChunk.java:127, CharChunk.java:127
CharChunk.java:108, CharChunk.java:128
CharChunk.java:137, CharChunk.java:182
CharChunk.java:500, CharChunk.java:137
CharChunk.java:137, CharChunk.java:681
CharChunk.java:137, CharChunk.java:685
Request.java:136, Request.java:389
MessageBytes.java:114, MessageBytes.java:205
MessageBytes.java:107, MessageBytes.java:207
Request.java:137, Request.java:393
Request.java:585, Request.java:591
MessageBytes.java:61, MessageBytes.java:269
CharChunk.java:151, CharChunk.java:151
MappingData.java:42, Mapper.java:598
Http11NioProcessor.java:1493, Mapper.java:1157
Http11NioProcessor.java:1493, Mapper.java:1159
CharChunk.java:137, CharChunk.java:537
Http11NioProcessor.java:1493, CharChunk.java:544
MappingData.java:43, Mapper.java:621
CharChunk.java:137, CharChunk.java:595
CharChunk.java:137, CharChunk.java:614
MappingData.java:34, Mapper.java:661
MessageBytes.java:114, MessageBytes.java:195
MappingData.java:44, Mapper.java:666
CharChunk.java:137, CharChunk.java:517
MappingData.java:36, Mapper.java:943
MappingData.java:35, Mapper.java:945
Request.java:383, Request.java:517
Request.java:384, Request.java:695
MappingData.java:39, CoyoteAdapter.java:489
Request.java:133, Request.java:361
Cookies.java:113, Cookies.java:140
Cookies.java:78, Cookies.java:142
MimeHeaders.java:103, MimeHeaders.java:186
MimeHeaders.java:225, MimeHeaders.java:186
MimeHeaders.java:103, MimeHeaders.java:172
Cookies.java:112, Cookies.java:154
Cookies.java:43, Cookies.java:154
Cookies.java:43, Cookies.java:160
Cookies.java:43, Cookies.java:163
Cookies.java:43, Cookies.java:136
Request.java:422, Request.java:1654
Request.java:191, Request.java:755
Request.java:399, Request.java:2195
Request.java:403, Request.java:1803
Request.java:119, Request.java:2389
Request.java:416, Request.java:2394
Request.java:421, Request.java:2282
Request.java:421, Request.java:2284
Request.java:421, Request.java:2295
Request.java:421, Request.java:2299
StandardSession.java:182, StandardSession.java:576
StandardSession.java:606, StandardSession.java:580
StandardSession.java:497, StandardSession.java:588
Request.java:421, Request.java:2301
Request.java:421, Request.java:2302
Request.java:421, Request.java:2303
MessageBytes.java:111, MessageBytes.java:209
MessageBytes.java:111, MessageBytes.java:211
Cookies.java:63, Cookies.java:299
Cookies.java:66, Cookies.java:299
CoyoteAdapter.java:54, CoyoteAdapter.java:588
StringCache.java:78, StringCache.java:215
StringCache.java:43, StringCache.java:217
StringCache.java:59, StringCache.java:217
StringCache.java:66, StringCache.java:219
StringCache.java:51, StringCache.java:229
ManagerBase.java:178, ManagerBase.java:860
SimpleCharStream.java:181, SimpleNode.java:44
SimpleNode.java:44, SimpleCharStream.java:236
NioBlockingSelector.java:129, NioBlockingSelector.java:386
SimpleNode.java:121, AstInteger.java:40
SimpleNode.java:121, AstInteger.java:47
ELParserTokenManager.java:1218, ELParser.java:2071
ELParserTokenManager.java:1218, ELParser.java:2072
ELParserTokenManager.java:1218, ELParser.java:2005
AstString.java:39, AstString.java:38
AstString.java:38, AstString.java:39
AstString.java:56, AstString.java:39
URI.java:0, Client.java:142
InternalNioInputBuffer.java:373, InternalNioInputBuffer.java:508
InternalNioInputBuffer.java:780, InternalNioInputBuffer.java:716
InternalNioInputBuffer.java:777, InternalNioInputBuffer.java:751
InternalNioInputBuffer.java:773, InternalNioInputBuffer.java:780
InternalNioInputBuffer.java:716, InternalNioInputBuffer.java:776
InternalNioInputBuffer.java:716, InternalNioInputBuffer.java:780
InternalNioInputBuffer.java:774, InternalNioInputBuffer.java:780
ByteChunk.java:568, InternalNioInputBuffer.java:780
InternalNioInputBuffer.java:780, InternalNioInputBuffer.java:804
InternalNioInputBuffer.java:780, InternalNioInputBuffer.java:673
Http11NioProcessor.java:1492, InternalNioInputBuffer.java:716
CookieSpecBase.java:0, InternalNioInputBuffer.java:710
CookieSpecBase.java:0, InternalNioInputBuffer.java:714
Cookies.java:363, InternalNioInputBuffer.java:716
Cookies.java:214, InternalNioInputBuffer.java:780
Cookies.java:380, InternalNioInputBuffer.java:780
Cookies.java:490, InternalNioInputBuffer.java:780
Cookies.java:458, InternalNioInputBuffer.java:780
Cookies.java:355, InternalNioInputBuffer.java:780
ByteChunk.java:548, InternalNioInputBuffer.java:780
ByteChunk.java:548, InternalNioInputBuffer.java:777
CoyoteAdapter.java:673, InternalNioInputBuffer.java:780
Cookies.java:363, InternalNioInputBuffer.java:780
ServerCookie.java:107, ServerCookie.java:152
Cookies.java:560, InternalNioInputBuffer.java:777
Cookies.java:560, InternalNioInputBuffer.java:780
ByteChunk.java:146, ByteChunk.java:498
MessageBytes.java:111, MessageBytes.java:213
MessageBytes.java:111, MessageBytes.java:215
InternalNioInputBuffer.java:673, InternalNioInputBuffer.java:780
ByteChunk.java:146, ByteChunk.java:499
InternalNioInputBuffer.java:716, ByteChunk.java:548
InternalNioInputBuffer.java:780, ByteChunk.java:568
CookieSpecBase.java:0, ByteChunk.java:568
InternalNioInputBuffer.java:716, Http11NioProcessor.java:1520
CoyoteAdapter.java:647, CoyoteAdapter.java:647
CharChunk.java:602, CoyoteAdapter.java:647
CharChunk.java:621, CoyoteAdapter.java:647
Mapper.java:1129, CoyoteAdapter.java:647
CharChunk.java:681, CoyoteAdapter.java:647
Mapper.java:924, CoyoteAdapter.java:647
Mapper.java:932, CoyoteAdapter.java:647
CharChunk.java:524, CoyoteAdapter.java:647
CoyoteAdapter.java:647, CoyoteAdapter.java:814
CoyoteAdapter.java:647, CoyoteAdapter.java:817
CoyoteAdapter.java:647, CoyoteAdapter.java:824
CoyoteAdapter.java:647, CoyoteAdapter.java:825
CoyoteAdapter.java:647, CoyoteAdapter.java:832
CoyoteAdapter.java:647, CharChunk.java:681
CoyoteAdapter.java:647, CharChunk.java:685
CoyoteAdapter.java:647, Mapper.java:1127
CoyoteAdapter.java:647, Mapper.java:1129
CoyoteAdapter.java:647, CharChunk.java:602
CoyoteAdapter.java:647, CharChunk.java:621
CoyoteAdapter.java:647, Mapper.java:924
CoyoteAdapter.java:647, Mapper.java:932
CoyoteAdapter.java:647, CharChunk.java:524
MimeHeaders.java:225, MimeHeaders.java:172
InternalNioInputBuffer.java:780, Cookies.java:355
InternalNioInputBuffer.java:780, Cookies.java:363
InternalNioInputBuffer.java:780, Cookies.java:560
InternalNioInputBuffer.java:777, Cookies.java:560
InternalNioInputBuffer.java:780, Cookies.java:373
InternalNioInputBuffer.java:780, Cookies.java:380
InternalNioInputBuffer.java:780, Cookies.java:385
InternalNioInputBuffer.java:780, Cookies.java:392
InternalNioInputBuffer.java:780, Cookies.java:417
InternalNioInputBuffer.java:780, Cookies.java:453
InternalNioInputBuffer.java:780, Cookies.java:458
InternalNioInputBuffer.java:780, Cookies.java:214
InternalNioInputBuffer.java:777, Cookies.java:214
InternalNioInputBuffer.java:780, Cookies.java:490
Cookies.java:163, Cookies.java:160
ServerCookie.java:45, ServerCookie.java:140
ServerCookie.java:46, ServerCookie.java:144
ServerCookie.java:48, ServerCookie.java:128
Cookies.java:163, Cookies.java:136
InternalNioInputBuffer.java:780, ByteChunk.java:548
CharChunk.java:124, CharChunk.java:124
InternalNioInputBuffer.java:780, CoyoteAdapter.java:673
CoyoteAdapter.java:673, CoyoteAdapter.java:673
InternalNioInputBuffer.java:777, CoyoteAdapter.java:673
MessageBytes.java:61, MessageBytes.java:209
CharChunk.java:137, CharChunk.java:491
CharChunk.java:137, CharChunk.java:500
MessageBytes.java:60, MessageBytes.java:213
ByteChunk.java:177, ByteChunk.java:487
ByteChunk.java:177, ByteChunk.java:499
ServerCookie.java:49, ServerCookie.java:116
ServerCookie.java:53, ServerCookie.java:112
implicit_002dobjects_jsp.java:13, implicit_002dobjects_jsp.java:114
ELContextImpl.java:64, SimpleCharStream.java:26
SimpleCharStream.java:26, ELContextImpl.java:92
SimpleCharStream.java:26, ELContextImpl.java:81
ELContextImpl.java:92, SimpleCharStream.java:148
ProtectedFunctionMapper.java:43, ProtectedFunctionMapper.java:191
ProtectedFunctionMapper.java:176, ProtectedFunctionMapper.java:194
implicit_002dobjects_jsp.java:13, implicit_002dobjects_jsp.java:128
SimpleCharStream.java:148, ELContextImpl.java:92
AstFunction.java:126, AstFunction.java:58
implicit_002dobjects_jsp.java:13, implicit_002dobjects_jsp.java:134
AstFunction.java:122, AstFunction.java:46
implicit_002dobjects_jsp.java:13, implicit_002dobjects_jsp.java:140
SimpleNode.java:63, SimpleNode.java:77
SimpleNode.java:121, SimpleNode.java:117
ELParser.java:1966, SimpleNode.java:44
implicit_002dobjects_jsp.java:13, implicit_002dobjects_jsp.java:146
ValueExpressionImpl.java:118, ELParser.java:1966
ELParser.java:1966, ValueExpressionImpl.java:187
ELParser.java:1966, ValueExpressionImpl.java:188
implicit_002dobjects_jsp.java:13, implicit_002dobjects_jsp.java:152
HostConfiguration.java:0, HttpMethodBase.java:0
WebappClassLoader.java:1859, WebappClassLoader.java:2199
ApplicationFilterChain.java:537, ApplicationFilterChain.java:558
ApplicationFilterChain.java:538, ApplicationFilterChain.java:571
ApplicationFilterChain.java:536, ApplicationFilterChain.java:215
ApplicationFilterChain.java:535, ApplicationFilterChain.java:215
ApplicationFilterChain.java:538, ApplicationFilterChain.java:272
ApplicationFilterChain.java:537, ApplicationFilterChain.java:272
ApplicationFilterChain.java:537, ApplicationFilterChain.java:290
JspCompilationContext.java:626, JspCompilationContext.java:572
Response.java:264, Response.java:330
OutputBuffer.java:230, OutputBuffer.java:192
Response.java:573, Response.java:550
Response.java:263, Response.java:761
Response.java:568, Response.java:496
Response.java:265, Response.java:1195
Request.java:386, Request.java:1395
Request.java:387, Request.java:1398
Request.java:386, Request.java:878
Request.java:387, Request.java:882
MessageBytes.java:111, MessageBytes.java:205
Request.java:389, Request.java:2239
Request.java:389, Request.java:2247
functions_jsp.java:15, functions_jsp.java:107
Response.java:265, Response.java:757
Request.java:421, Request.java:2285
Request.java:402, Request.java:1039
Request.java:490, Request.java:267
Request.java:489, Request.java:318
Parameters.java:100, Parameters.java:85
Parameters.java:97, Parameters.java:251
ByteChunk.java:161, ByteChunk.java:160
ByteChunk.java:161, ByteChunk.java:161
ByteChunk.java:161, ByteChunk.java:454
ByteChunk.java:161, ByteChunk.java:461
ByteChunk.java:161, ByteChunk.java:315
ByteChunk.java:161, ByteChunk.java:207
ByteChunk.java:148, ByteChunk.java:267
ByteChunk.java:148, ByteChunk.java:232
Parameters.java:426, Parameters.java:426
Request.java:402, Request.java:2430
Response.java:576, Response.java:221
ByteChunk.java:147, ByteChunk.java:179
ByteChunk.java:147, ByteChunk.java:219
ByteChunk.java:147, ByteChunk.java:232
ByteChunk.java:147, ByteChunk.java:215
CharChunk.java:109, CharChunk.java:139
CharChunk.java:110, CharChunk.java:493
CharChunk.java:109, CharChunk.java:493
CharChunk.java:109, CharChunk.java:500
CharChunk.java:110, CharChunk.java:500
CharChunk.java:108, CharChunk.java:108
CharChunk.java:109, CharChunk.java:109
CharChunk.java:110, CharChunk.java:110
ByteChunk.java:148, ByteChunk.java:271
ByteChunk.java:146, ByteChunk.java:146
ByteChunk.java:148, ByteChunk.java:148
Request.java:397, Request.java:2455
ByteChunk.java:147, ByteChunk.java:147
ByteChunk.java:149, ByteChunk.java:149
Request.java:398, Request.java:2455
functions_jsp.java:15, functions_jsp.java:121
Parameters.java:98, Parameters.java:188
functions_jsp.java:16, functions_jsp.java:127
ProtectedFunctionMapper.java:76, ProtectedFunctionMapper.java:191
ProtectedFunctionMapper.java:76, ProtectedFunctionMapper.java:192
functions_jsp.java:16, functions_jsp.java:133
functions_jsp.java:19, functions_jsp.java:139
Response.java:262, Response.java:609
OutputBuffer.java:236, OutputBuffer.java:485
Response.java:571, Response.java:444
OutputBuffer.java:237, OutputBuffer.java:495
OutputBuffer.java:500, OutputBuffer.java:500
OutputBuffer.java:233, OutputBuffer.java:500
CoyoteWriter.java:82, CoyoteWriter.java:139
C2BConverter.java:266, C2BConverter.java:241
ByteChunk.java:148, ByteChunk.java:446
OutputBuffer.java:226, OutputBuffer.java:440
ApplicationFilterChain.java:538, ApplicationFilterChain.java:296
ApplicationFilterChain.java:537, ApplicationFilterChain.java:296
ApplicationFilterChain.java:535, ApplicationFilterChain.java:532
ApplicationFilterChain.java:535, ApplicationFilterChain.java:535
ApplicationFilterChain.java:536, ApplicationFilterChain.java:536
ApplicationFilterChain.java:537, ApplicationFilterChain.java:537
ApplicationFilterChain.java:538, ApplicationFilterChain.java:538
Response.java:263, Response.java:629
OutputBuffer.java:236, OutputBuffer.java:497
OutputBuffer.java:237, OutputBuffer.java:498
OutputBuffer.java:237, OutputBuffer.java:500
OutputBuffer.java:500, OutputBuffer.java:501
OutputBuffer.java:230, OutputBuffer.java:435
OutputBuffer.java:500, OutputBuffer.java:438
OutputBuffer.java:500, OutputBuffer.java:439
ByteChunk.java:148, ByteChunk.java:329
ByteChunk.java:148, ByteChunk.java:332
ByteChunk.java:148, ByteChunk.java:333
URI.java:0, Page.java:90
Page.java:90, NioBlockingSelector.java:382
Page.java:90, NioBlockingSelector.java:129
Page.java:90, HttpMethodDirector.java:0
Page.java:90, HttpMethodBase.java:0
hello_jsp.java:28, hello_jsp.java:110
hello_jsp.java:28, hello_jsp.java:113
Response.java:574, Response.java:192
Response.java:266, Response.java:463
OutputBuffer.java:229, OutputBuffer.java:259
OutputBuffer.java:311, OutputBuffer.java:303
OutputBuffer.java:224, OutputBuffer.java:304
Response.java:572, Response.java:523
MimeHeaders.java:132, MimeHeaders.java:266
Response.java:569, Response.java:422
MessageBytes.java:650, MessageBytes.java:639
MessageBytes.java:651, MessageBytes.java:639
MessageBytes.java:655, MessageBytes.java:655
MessageBytes.java:114, MessageBytes.java:656
MessageBytes.java:115, MessageBytes.java:657
MessageBytes.java:116, MessageBytes.java:658
MessageBytes.java:117, MessageBytes.java:659
MessageBytes.java:118, MessageBytes.java:660
MessageBytes.java:107, MessageBytes.java:661
InternalNioOutputBuffer.java:362, InternalNioOutputBuffer.java:262
IdentityOutputFilter.java:154, IdentityOutputFilter.java:154
IdentityOutputFilter.java:118, IdentityOutputFilter.java:154
InternalNioOutputBuffer.java:272, InternalNioOutputBuffer.java:272
InternalNioOutputBuffer.java:357, InternalNioOutputBuffer.java:272
IdentityOutputFilter.java:176, IdentityOutputFilter.java:145
IdentityOutputFilter.java:177, IdentityOutputFilter.java:146
InternalNioOutputBuffer.java:361, InternalNioOutputBuffer.java:716
InternalNioOutputBuffer.java:461, InternalNioOutputBuffer.java:461
InternalNioOutputBuffer.java:479, InternalNioOutputBuffer.java:479
InternalNioOutputBuffer.java:747, InternalNioOutputBuffer.java:747
InternalNioOutputBuffer.java:493, InternalNioOutputBuffer.java:493
InternalNioOutputBuffer.java:494, InternalNioOutputBuffer.java:494
InternalNioOutputBuffer.java:508, InternalNioOutputBuffer.java:508
InternalNioOutputBuffer.java:509, InternalNioOutputBuffer.java:509
InternalNioOutputBuffer.java:511, InternalNioOutputBuffer.java:511
InternalNioOutputBuffer.java:512, InternalNioOutputBuffer.java:512
InternalNioOutputBuffer.java:558, InternalNioOutputBuffer.java:558
InternalNioOutputBuffer.java:559, InternalNioOutputBuffer.java:559
InternalNioOutputBuffer.java:363, InternalNioOutputBuffer.java:606
ByteChunk.java:178, ByteChunk.java:178
ByteChunk.java:232, ByteChunk.java:178
ByteChunk.java:178, ByteChunk.java:179
ByteChunk.java:179, ByteChunk.java:179
ByteChunk.java:232, ByteChunk.java:179
ByteChunk.java:180, ByteChunk.java:180
ByteChunk.java:179, ByteChunk.java:232
ByteChunk.java:178, ByteChunk.java:232
ByteChunk.java:178, ByteChunk.java:215
Response.java:582, Response.java:561
Http11NioProcessor.java:1074, Http11NioProcessor.java:1074
InternalNioOutputBuffer.java:364, InternalNioOutputBuffer.java:386
Request.java:395, Request.java:395
InputBuffer.java:219, InputBuffer.java:219
InputBuffer.java:220, InputBuffer.java:220
InputBuffer.java:221, InputBuffer.java:221
InputBuffer.java:233, InputBuffer.java:233
InputBuffer.java:235, InputBuffer.java:235
InputBuffer.java:241, InputBuffer.java:241
InputBuffer.java:242, InputBuffer.java:242
Request.java:397, Request.java:397
Request.java:398, Request.java:398
Request.java:400, Request.java:400
Request.java:401, Request.java:401
Request.java:402, Request.java:402
Request.java:405, Request.java:405
Request.java:407, Request.java:407
Request.java:408, Request.java:408
Request.java:409, Request.java:409
Request.java:410, Request.java:410
Request.java:411, Request.java:411
Request.java:412, Request.java:412
StandardSession.java:635, StandardSession.java:635
ParameterMap.java:119, ParameterMap.java:119
ParameterMap.java:142, ParameterMap.java:119
MessageBytes.java:111, MessageBytes.java:111
MessageBytes.java:112, MessageBytes.java:112
MessageBytes.java:115, MessageBytes.java:115
MessageBytes.java:116, MessageBytes.java:116
MessageBytes.java:117, MessageBytes.java:117
MessageBytes.java:118, MessageBytes.java:118
MessageBytes.java:107, MessageBytes.java:107
MappingData.java:50, MappingData.java:50
OutputBuffer.java:225, OutputBuffer.java:225
Response.java:267, Response.java:267
Response.java:577, Response.java:247
InternalNioInputBuffer.java:375, InternalNioInputBuffer.java:388
RequestInfo.java:143, RequestInfo.java:143
Request.java:486, Request.java:526
RequestInfo.java:144, RequestInfo.java:144
RequestInfo.java:146, RequestInfo.java:146
RequestInfo.java:152, RequestInfo.java:152
RequestInfo.java:153, RequestInfo.java:153
Request.java:489, Request.java:489
Request.java:490, Request.java:490
MimeHeaders.java:466, MimeHeaders.java:466
Request.java:494, Request.java:494
Request.java:495, Request.java:495
Request.java:496, Request.java:496
ServerCookie.java:104, ServerCookie.java:104
ServerCookie.java:108, ServerCookie.java:108
MultiMap.java:63, MultiMap.java:60
Parameters.java:97, Parameters.java:97
Parameters.java:98, Parameters.java:98
Parameters.java:99, Parameters.java:99
Parameters.java:100, Parameters.java:100
MessageBytes.java:114, MessageBytes.java:114
Page.java:90, HttpConnection.java:0
Response.java:570, Response.java:570
Response.java:575, Response.java:575
Response.java:578, Response.java:578
repeat_jsp.java:28, repeat_jsp.java:95
Mapper.java:1127, CoyoteAdapter.java:647
repeat_jsp.java:28, repeat_jsp.java:101
OutputBuffer.java:230, OutputBuffer.java:202
OutputBuffer.java:230, OutputBuffer.java:261
Response.java:573, Response.java:533
OutputBuffer.java:230, OutputBuffer.java:300
Response.java:568, Response.java:521
Response.java:571, Response.java:523
MimeHeaders.java:132, MimeHeaders.java:224
MimeHeaders.java:132, MimeHeaders.java:227
MessageBytes.java:107, MessageBytes.java:328
MessageBytes.java:111, MessageBytes.java:330
MessageBytes.java:111, MessageBytes.java:331
ByteChunk.java:148, ByteChunk.java:223
ByteChunk.java:147, ByteChunk.java:224
MessageBytes.java:650, MessageBytes.java:649
MessageBytes.java:651, MessageBytes.java:650
MessageBytes.java:650, MessageBytes.java:650
MessageBytes.java:651, MessageBytes.java:651
InternalNioOutputBuffer.java:362, InternalNioOutputBuffer.java:272
IdentityOutputFilter.java:176, IdentityOutputFilter.java:146
InternalNioOutputBuffer.java:361, InternalNioOutputBuffer.java:717
InternalNioOutputBuffer.java:361, InternalNioOutputBuffer.java:461
InternalNioOutputBuffer.java:361, InternalNioOutputBuffer.java:479
InternalNioOutputBuffer.java:361, InternalNioOutputBuffer.java:747
InternalNioOutputBuffer.java:361, InternalNioOutputBuffer.java:493
InternalNioOutputBuffer.java:361, InternalNioOutputBuffer.java:494
MimeHeaders.java:132, MimeHeaders.java:156
MimeHeaders.java:132, MimeHeaders.java:164
MimeHeaders.java:132, MimeHeaders.java:172
MessageBytes.java:107, MessageBytes.java:225
InternalNioOutputBuffer.java:361, InternalNioOutputBuffer.java:508
InternalNioOutputBuffer.java:361, InternalNioOutputBuffer.java:509
InternalNioOutputBuffer.java:361, InternalNioOutputBuffer.java:511
InternalNioOutputBuffer.java:361, InternalNioOutputBuffer.java:512
InternalNioOutputBuffer.java:361, InternalNioOutputBuffer.java:671
InternalNioOutputBuffer.java:361, InternalNioOutputBuffer.java:672
InternalNioOutputBuffer.java:361, InternalNioOutputBuffer.java:558
InternalNioOutputBuffer.java:361, InternalNioOutputBuffer.java:559
InternalNioOutputBuffer.java:361, InternalNioOutputBuffer.java:609
InternalNioOutputBuffer.java:361, InternalNioOutputBuffer.java:611
OutputBuffer.java:224, OutputBuffer.java:306
ByteChunk.java:147, ByteChunk.java:434
ByteChunk.java:148, ByteChunk.java:434
OutputBuffer.java:229, OutputBuffer.java:343
InternalNioOutputBuffer.java:363, InternalNioOutputBuffer.java:577
InternalNioOutputBuffer.java:362, InternalNioOutputBuffer.java:586
InternalNioOutputBuffer.java:362, InternalNioOutputBuffer.java:589
InternalNioOutputBuffer.java:272, InternalNioOutputBuffer.java:589
IdentityOutputFilter.java:176, IdentityOutputFilter.java:104
IdentityOutputFilter.java:177, IdentityOutputFilter.java:105
IdentityOutputFilter.java:177, IdentityOutputFilter.java:107
IdentityOutputFilter.java:177, IdentityOutputFilter.java:116
IdentityOutputFilter.java:154, IdentityOutputFilter.java:118
ByteChunk.java:147, ByteChunk.java:435
ByteChunk.java:148, ByteChunk.java:435
OutputBuffer.java:311, OutputBuffer.java:311
OutputBuffer.java:229, OutputBuffer.java:274
InternalNioOutputBuffer.java:363, InternalNioOutputBuffer.java:377
InternalNioOutputBuffer.java:362, InternalNioOutputBuffer.java:389
InternalNioOutputBuffer.java:362, InternalNioOutputBuffer.java:390
InternalNioOutputBuffer.java:272, InternalNioOutputBuffer.java:390
IdentityOutputFilter.java:177, IdentityOutputFilter.java:165
InternalNioOutputBuffer.java:364, InternalNioOutputBuffer.java:394
ParameterMap.java:119, ParameterMap.java:142
OutputBuffer.java:224, OutputBuffer.java:224
OutputBuffer.java:226, OutputBuffer.java:226
OutputBuffer.java:229, OutputBuffer.java:229
OutputBuffer.java:230, OutputBuffer.java:230
C2BConverter.java:266, C2BConverter.java:260
C2BConverter.java:266, C2BConverter.java:266
OutputBuffer.java:236, OutputBuffer.java:236
OutputBuffer.java:237, OutputBuffer.java:237
Response.java:262, Response.java:262
Response.java:263, Response.java:263
Response.java:264, Response.java:264
Response.java:266, Response.java:266
CoyoteWriter.java:82, CoyoteWriter.java:82
Response.java:582, Response.java:586
Request.java:486, Request.java:486
MultiMap.java:63, MultiMap.java:63
InternalNioInputBuffer.java:375, InternalNioInputBuffer.java:375
Response.java:568, Response.java:568
Response.java:569, Response.java:569
Response.java:571, Response.java:571
Response.java:572, Response.java:572
Response.java:573, Response.java:573
Response.java:574, Response.java:574
Response.java:577, Response.java:577
MimeHeaders.java:132, MimeHeaders.java:129
MimeHeaders.java:132, MimeHeaders.java:132
Response.java:582, Response.java:582
InternalNioOutputBuffer.java:362, InternalNioOutputBuffer.java:356
InternalNioOutputBuffer.java:272, InternalNioOutputBuffer.java:357
IdentityOutputFilter.java:176, IdentityOutputFilter.java:176
IdentityOutputFilter.java:177, IdentityOutputFilter.java:177
InternalNioOutputBuffer.java:361, InternalNioOutputBuffer.java:361
InternalNioOutputBuffer.java:362, InternalNioOutputBuffer.java:362
InternalNioOutputBuffer.java:363, InternalNioOutputBuffer.java:363
InternalNioOutputBuffer.java:364, InternalNioOutputBuffer.java:364
Page.java:90, URI.java:0
ResourceCache.java:293, ResourceCache.java:400
InternalNioInputBuffer.java:555, InternalNioInputBuffer.java:716
InternalNioInputBuffer.java:714, InternalNioInputBuffer.java:780
Cookies.java:490, InternalNioInputBuffer.java:777
CoyoteAdapter.java:673, InternalNioInputBuffer.java:777
ProxyDirContext.java:1465, ProxyDirContext.java:1465
InternalNioInputBuffer.java:777, ByteChunk.java:548
book_jsp.java:34, book_jsp.java:152
book_jsp.java:34, book_jsp.java:157
SimpleNode.java:121, AstDotSuffix.java:37
book_jsp.java:13, book_jsp.java:110
ELParser.java:1966, ELParser.java:2176
ELParser.java:1966, ELParser.java:2180
book_jsp.java:13, book_jsp.java:119
book_jsp.java:13, book_jsp.java:128
URLCodec.java:169, DefaultHttpParams.java:0
hello_jsp.java:28, hello_jsp.java:114
hello_jsp.java:28, hello_jsp.java:117
JspContextWrapper.java:87, Page.java:90
Page.java:90, DefaultHttpParams.java:0
InternalNioInputBuffer.java:716, InternalNioInputBuffer.java:673
InternalNioInputBuffer.java:716, InternalNioInputBuffer.java:716
InternalNioInputBuffer.java:777, InternalNioInputBuffer.java:777
InternalNioInputBuffer.java:716, InternalNioInputBuffer.java:804
Cookies.java:355, InternalNioInputBuffer.java:777
InternalNioInputBuffer.java:716, ByteChunk.java:568
ByteChunk.java:177, ByteChunk.java:664
panel_jsp.java:28, panel_jsp.java:130
InternalNioInputBuffer.java:777, Cookies.java:355
ELParser.java:1966, SimpleCharStream.java:263
ELParser.java:1966, SimpleCharStream.java:181
ELParser.java:1966, SimpleCharStream.java:236
ELParser.java:1966, SimpleCharStream.java:226
SimpleCharStream.java:263, ELParser.java:234
SimpleCharStream.java:226, ELParser.java:234
ELParser.java:234, SimpleCharStream.java:236
ELParser.java:234, SimpleCharStream.java:226
panel_jsp.java:28, panel_jsp.java:140
panel_jsp.java:28, panel_jsp.java:150
panel_jsp.java:28, panel_jsp.java:160
panel_jsp.java:28, panel_jsp.java:170
panel_jsp.java:28, panel_jsp.java:190
panel_jsp.java:28, panel_jsp.java:201
panel_jsp.java:28, panel_jsp.java:180
Page.java:90, NameValuePair.java:0
HttpMethodBase.java:0, URI.java:0
URLCodec.java:169, HttpMethodBase.java:0
products_jsp.java:28, products_jsp.java:92
DefaultAnnotationProcessor.java:79, JspContextWrapper.java:87
DefaultAnnotationProcessor.java:79, JspContextWrapper.java:84
TagHandlerPool.java:38, TagHandlerPool.java:50
ApplicationContext.java:888, ApplicationContext.java:872
TagHandlerPool.java:39, TagHandlerPool.java:68
ELParser.java:6, ELParser.java:6
ELParser.java:6, ELParser.java:24
ELParser.java:6, ELParser.java:143
ELParser.java:6, ELParser.java:963
ELParser.java:6, ELParser.java:1137
ELParser.java:6, ELParser.java:1140
ELParser.java:6, ELParser.java:995
ELParser.java:6, ELParser.java:164
ELParser.java:6, ELParser.java:55
products_jsp.java:28, products_jsp.java:101
products_jsp.java:28, products_jsp.java:108
DefaultAnnotationProcessor.java:216, ValueExpressionImpl.java:115
ValueExpressionImpl.java:115, DefaultAnnotationProcessor.java:221
ValueExpressionImpl.java:115, DefaultAnnotationProcessor.java:226
ValueExpressionImpl.java:115, DefaultAnnotationProcessor.java:232
ValueExpressionImpl.java:115, DefaultAnnotationProcessor.java:238
products_jsp.java:28, products_jsp.java:117
URI.java:0, HostConfiguration.java:0
URI.java:0, HttpConnection.java:0
Mapper.java:394, Mapper.java:1001
Mapper.java:1242, Mapper.java:941
Mapper.java:1242, Mapper.java:947
CookieSpecBase.java:0, Http11NioProcessor.java:1520
Response.java:572, Response.java:513
Response.java:571, Response.java:515
Response.java:267, Response.java:790
basic_jspx.java:31, basic_jspx.java:86
basic_jspx.java:29, basic_jspx.java:99
TagHandlerPool.java:80, TagHandlerPool.java:117
TagHandlerPool.java:81, TagHandlerPool.java:127
SetLocaleSupport.java:0, SetLocaleSupport.java:0
Request.java:405, Request.java:1018
Request.java:405, Request.java:2533
Response.java:570, Response.java:402
Response.java:569, Response.java:405
Response.java:569, Response.java:406
Response.java:569, Response.java:408
Response.java:569, Response.java:413
Response.java:267, Response.java:846
basic_jspx.java:29, basic_jspx.java:111
TagHandlerPool.java:80, TagHandlerPool.java:143
TagHandlerPool.java:79, TagHandlerPool.java:143
TagHandlerPool.java:79, TagHandlerPool.java:144
TagHandlerPool.java:80, TagHandlerPool.java:144
TimeZoneSupport.java:0, TimeZoneSupport.java:0
basic_jspx.java:31, basic_jspx.java:90
TagHandlerPool.java:81, TagHandlerPool.java:150
TagHandlerPool.java:81, TagHandlerPool.java:152
OutputBuffer.java:237, OutputBuffer.java:520
OutputBuffer.java:233, OutputBuffer.java:520
OutputBuffer.java:237, OutputBuffer.java:523
Mapper.java:404, Mapper.java:810
Mapper.java:404, Mapper.java:811
Mapper.java:377, Mapper.java:811
Mapper.java:240, Mapper.java:819
Mapper.java:240, Mapper.java:823
ResourceAttributes.java:733, ResourceAttributes.java:737
ResourceAttributes.java:737, ResourceAttributes.java:737
ResourceAttributes.java:625, ResourceAttributes.java:633
ResourceAttributes.java:633, ResourceAttributes.java:633
ResourceAttributes.java:607, ResourceAttributes.java:597
ProxyDirContext.java:1597, ProxyDirContext.java:1475
CacheEntry.java:38, ProxyDirContext.java:1475
ProxyDirContext.java:1552, ProxyDirContext.java:1475
Resource.java:108, Resource.java:88
ProxyDirContext.java:1600, ProxyDirContext.java:1475
Page.java:90, CharChunk.java:71
textRotate_jspx.java:31, textRotate_jspx.java:110
textRotate_jspx.java:13, textRotate_jspx.java:114
textRotate_jspx.java:31, textRotate_jspx.java:122
textRotate_jspx.java:32, textRotate_jspx.java:131
Token.java:87, DefaultAnnotationProcessor.java:216
Token.java:87, DefaultAnnotationProcessor.java:221
Token.java:87, DefaultAnnotationProcessor.java:226
Token.java:87, DefaultAnnotationProcessor.java:232
Token.java:87, DefaultAnnotationProcessor.java:238
textRotate_jspx.java:32, textRotate_jspx.java:165
textRotate_jspx.java:32, textRotate_jspx.java:175
TagHandlerPool.java:79, TagHandlerPool.java:118
TagHandlerPool.java:80, TagHandlerPool.java:118
ForEachSupport.java:0, ForEachSupport.java:0
textRotate_jspx.java:32, textRotate_jspx.java:204
HttpMethodBase.java:0, Page.java:90
HeaderGroup.java:0, Page.java:90
InternalNioInputBuffer.java:557, InternalNioInputBuffer.java:716
URI.java:0, Page.java:177
Page.java:177, URI.java:0
InternalNioInputBuffer.java:774, InternalNioInputBuffer.java:716
Cookies.java:458, InternalNioInputBuffer.java:777
jspattribute_jsp.java:28, jspattribute_jsp.java:105
jspattribute_jsp.java:28, jspattribute_jsp.java:108
InternalNioInputBuffer.java:777, Cookies.java:363
SimpleCharStream.java:260, ELParser.java:1966
ELParser.java:1966, SimpleCharStream.java:91
ELParser.java:1966, SimpleCharStream.java:115
EngineConfig.java:72, EngineConfig.java:72
SimpleCharStream.java:260, ELParser.java:35
SimpleCharStream.java:115, ELParser.java:35
StandardWrapper.java:809, StandardWrapper.java:772
Page.java:90, Page.java:177
shuffle_jsp.java:28, shuffle_jsp.java:123
shuffle_jsp.java:28, shuffle_jsp.java:222
shuffle_jsp.java:28, shuffle_jsp.java:145
shuffle_jsp.java:28, shuffle_jsp.java:299
shuffle_jsp.java:28, shuffle_jsp.java:245
shuffle_jsp.java:28, shuffle_jsp.java:322
shuffle_jsp.java:28, shuffle_jsp.java:186
shuffle_jsp.java:28, shuffle_jsp.java:358
shuffle_jsp.java:28, shuffle_jsp.java:340
shuffle_jsp.java:28, shuffle_jsp.java:168
shuffle_jsp.java:28, shuffle_jsp.java:263
shuffle_jsp.java:28, shuffle_jsp.java:176
shuffle_jsp.java:28, shuffle_jsp.java:194
shuffle_jsp.java:28, shuffle_jsp.java:253
shuffle_jsp.java:28, shuffle_jsp.java:204
shuffle_jsp.java:28, shuffle_jsp.java:348
shuffle_jsp.java:28, shuffle_jsp.java:330
shuffle_jsp.java:28, shuffle_jsp.java:281
shuffle_jsp.java:28, shuffle_jsp.java:271
shuffle_jsp.java:28, shuffle_jsp.java:366
shuffle_jsp.java:28, shuffle_jsp.java:289
shuffle_jsp.java:28, shuffle_jsp.java:212
shuffle_jsp.java:28, shuffle_jsp.java:235
shuffle_jsp.java:28, shuffle_jsp.java:312
shuffle_jsp.java:28, shuffle_jsp.java:158
shuffle_jsp.java:28, shuffle_jsp.java:135
DefaultAnnotationProcessor.java:117, HttpHost.java:0
ByteChunk.java:548, InternalNioInputBuffer.java:716
dynamicattrs_jsp.java:28, dynamicattrs_jsp.java:127
dynamicattrs_jsp.java:28, dynamicattrs_jsp.java:142
dynamicattrs_jsp.java:28, dynamicattrs_jsp.java:152
dynamicattrs_jsp.java:28, dynamicattrs_jsp.java:155
dynamicattrs_jsp.java:28, dynamicattrs_jsp.java:165
dynamicattrs_jsp.java:28, dynamicattrs_jsp.java:174
DefaultHttpParams.java:0, URLCodec.java:169
Digest.java:46, URI.java:0
Request.java:402, Request.java:1081
Request.java:489, Request.java:319
Request.java:489, Request.java:320
Request.java:489, Request.java:306
Request.java:490, Request.java:270
Request.java:490, Request.java:271
Parameters.java:97, Parameters.java:253
Parameters.java:98, Parameters.java:201
NumberGuessBean.java:38, NumberGuessBean.java:38
NumberGuessBean.java:58, NumberGuessBean.java:55
NumberGuessBean.java:67, NumberGuessBean.java:55
URI.java:0, URI.java:0
InternalNioInputBuffer.java:499, InternalNioInputBuffer.java:716
InternalNioInputBuffer.java:714, InternalNioInputBuffer.java:777
InternalNioInputBuffer.java:716, InternalNioInputBuffer.java:751
Cookies.java:363, InternalNioInputBuffer.java:777
InternalNioInputBuffer.java:716, Http11NioProcessor.java:1492
InternalNioInputBuffer.java:716, Cookies.java:560
InternalNioInputBuffer.java:716, Cookies.java:214
InternalNioInputBuffer.java:777, Cookies.java:373
InternalNioInputBuffer.java:777, Cookies.java:380
ApplicationHttpRequest.java:70, ApplicationHttpRequest.java:787
OutputBuffer.java:225, OutputBuffer.java:557
OutputBuffer.java:229, OutputBuffer.java:378
OutputBuffer.java:311, OutputBuffer.java:386
InternalNioOutputBuffer.java:508, InternalNioOutputBuffer.java:747
InternalNioOutputBuffer.java:509, InternalNioOutputBuffer.java:508
InternalNioOutputBuffer.java:747, InternalNioOutputBuffer.java:509
InternalNioOutputBuffer.java:747, InternalNioOutputBuffer.java:511
InternalNioOutputBuffer.java:747, InternalNioOutputBuffer.java:512
InternalNioOutputBuffer.java:511, InternalNioOutputBuffer.java:747
InternalNioOutputBuffer.java:512, InternalNioOutputBuffer.java:747
InternalNioOutputBuffer.java:747, InternalNioOutputBuffer.java:508
InternalNioOutputBuffer.java:509, InternalNioOutputBuffer.java:747
InternalNioOutputBuffer.java:508, InternalNioOutputBuffer.java:512
InternalNioOutputBuffer.java:558, InternalNioOutputBuffer.java:747
InternalNioOutputBuffer.java:559, InternalNioOutputBuffer.java:747
Cookies.java:214, InternalNioInputBuffer.java:777
InternalNioInputBuffer.java:780, InternalNioInputBuffer.java:534
InternalNioInputBuffer.java:780, InternalNioInputBuffer.java:555
InternalNioInputBuffer.java:777, InternalNioInputBuffer.java:555
CacheEntry.java:40, ProxyDirContext.java:1465
ResourceAttributes.java:737, ResourceAttributes.java:733
ResourceAttributes.java:633, ResourceAttributes.java:625
Http11NioProcessor.java:1001, Http11NioProcessor.java:1074
MutableInteger.java:28, MutableInteger.java:28
SimpleLog.java:259, SimpleLog.java:368
Page.java:90, CharChunk.java:67
IdentityInputFilter.java:195, IdentityInputFilter.java:148
IdentityInputFilter.java:196, IdentityInputFilter.java:149
ByteChunk.java:526, ByteChunk.java:177
MessageBytes.java:713, MessageBytes.java:713
MessageBytes.java:720, MessageBytes.java:713
IdentityInputFilter.java:187, IdentityInputFilter.java:187
MimeHeaders.java:225, MimeHeaders.java:306
MessageBytes.java:60, MessageBytes.java:713
ByteChunk.java:177, ByteChunk.java:526
MessageBytes.java:713, MessageBytes.java:720
InternalNioInputBuffer.java:716, InternalNioInputBuffer.java:499
InternalNioInputBuffer.java:716, InternalNioInputBuffer.java:502
InternalNioInputBuffer.java:716, InternalNioInputBuffer.java:508
UDecoder.java:77, ByteChunk.java:745
UDecoder.java:79, ByteChunk.java:745
ByteChunk.java:745, UDecoder.java:79
Parameters.java:426, UDecoder.java:79
DummyCart.java:63, DummyCart.java:35
DummyCart.java:62, DummyCart.java:39
DummyCart.java:22, DummyCart.java:27
DummyCart.java:22, DummyCart.java:43
DummyCart.java:22, DummyCart.java:44
InternalNioInputBuffer.java:777, Cookies.java:453
InternalNioInputBuffer.java:777, Cookies.java:458
Parameters.java:426, UDecoder.java:77
UDecoder.java:77, UDecoder.java:76
UDecoder.java:77, UDecoder.java:78
UDecoder.java:77, UDecoder.java:79
UDecoder.java:79, UDecoder.java:76
UDecoder.java:79, UDecoder.java:78
UDecoder.java:79, UDecoder.java:79
UDecoder.java:77, Parameters.java:426
UDecoder.java:79, Parameters.java:426
DummyCart.java:62, DummyCart.java:51
DummyCart.java:62, DummyCart.java:53
DummyCart.java:63, DummyCart.java:54
DummyCart.java:62, DummyCart.java:62
DummyCart.java:63, DummyCart.java:63
Page.java:90, InternalNioInputBuffer.java:716
NioBlockingSelector.java:129, HttpMethodBase.java:0
Page.java:90, HttpVersion.java:0
Page.java:90, AuthChallengeProcessor.java:0
InternalNioInputBuffer.java:508, InternalNioInputBuffer.java:716
InternalNioInputBuffer.java:508, InternalNioInputBuffer.java:780
InternalNioInputBuffer.java:777, InternalNioInputBuffer.java:710
CoyoteAdapter.java:647, Mapper.java:749
CoyoteAdapter.java:647, Mapper.java:819
JspServletWrapper.java:77, JspServletWrapper.java:314
JspServletWrapper.java:83, JspServletWrapper.java:443
JspServletWrapper.java:78, JspServletWrapper.java:133
ResourceCache.java:397, ResourceCache.java:373
Mapper.java:819, CoyoteAdapter.java:647
ProxyDirContext.java:1536, DefaultServlet.java:731
ResourceAttributes.java:237, ResourceAttributes.java:625
FileDirContext.java:991, FileDirContext.java:989
ResourceAttributes.java:261, ResourceAttributes.java:717
ResourceAttributes.java:255, ResourceAttributes.java:728
ResourceAttributes.java:249, ResourceAttributes.java:733
FileDirContext.java:1030, FileDirContext.java:1028
ResourceAttributes.java:231, ResourceAttributes.java:597
ResourceAttributes.java:225, ResourceAttributes.java:536
ProxyDirContext.java:1597, ProxyDirContext.java:290
ProxyDirContext.java:1552, ProxyDirContext.java:293
ProxyDirContext.java:1552, ProxyDirContext.java:294
ProxyDirContext.java:1597, ProxyDirContext.java:835
ProxyDirContext.java:1536, ProxyDirContext.java:838
ResourceAttributes.java:261, ResourceAttributes.java:789
FileDirContext.java:1030, FileDirContext.java:1041
ResourceAttributes.java:539, ResourceAttributes.java:536
ResourceAttributes.java:539, ResourceAttributes.java:537
Resource.java:108, FileDirContext.java:926
Resource.java:108, Resource.java:75
Resource.java:108, Resource.java:76
InternalNioOutputBuffer.java:747, InternalNioOutputBuffer.java:558
InternalNioOutputBuffer.java:747, InternalNioOutputBuffer.java:559
Page.java:90, ApplicationHttpRequest.java:155
Page.java:90, ApplicationHttpRequest.java:682
HttpMethodBase.java:0, NioBlockingSelector.java:386
StandardWrapper.java:799, StandardWrapper.java:1219
StandardWrapper.java:772, StandardWrapper.java:809
StandardWrapper.java:802, StandardWrapper.java:809
StandardWrapperFacade.java:77, StandardWrapperFacade.java:78
StandardWrapperFacade.java:82, StandardWrapperFacade.java:78
StandardWrapperFacade.java:78, StandardWrapperFacade.java:78
JspCompilationContext.java:105, JspCompilationContext.java:213
JspCompilationContext.java:105, JspCompilationContext.java:216
JspCompilationContext.java:106, JspCompilationContext.java:231
JspServletWrapper.java:83, JspServletWrapper.java:449
JspCompilationContext.java:107, JspCompilationContext.java:304
ResourceCache.java:397, ResourceCache.java:296
ResourceCache.java:397, ResourceCache.java:297
FileDirContext.java:1030, ResourceAttributes.java:538
FileDirContext.java:1030, ResourceAttributes.java:539
ResourceAttributes.java:225, ResourceAttributes.java:539
ResourceAttributes.java:225, ResourceAttributes.java:540
JspCompilationContext.java:103, JspCompilationContext.java:450
JspCompilationContext.java:103, JspCompilationContext.java:451
JspCompilationContext.java:124, JspCompilationContext.java:444
JspCompilationContext.java:105, JspCompilationContext.java:663
JspCompilationContext.java:103, JspCompilationContext.java:370
JspCompilationContext.java:103, JspCompilationContext.java:371
JspServletWrapper.java:78, JspServletWrapper.java:197
JspServletWrapper.java:92, JspServletWrapper.java:256
JspServletWrapper.java:78, JspServletWrapper.java:137
JspCompilationContext.java:122, JspCompilationContext.java:170
JspCompilationContext.java:122, JspCompilationContext.java:179
JspServletWrapper.java:93, JspServletWrapper.java:146
JspServletWrapper.java:93, JspServletWrapper.java:159
JspServletWrapper.java:77, JspServletWrapper.java:161
JspCompilationContext.java:122, JspCompilationContext.java:487
JspServletWrapper.java:78, JspServletWrapper.java:166
Page.java:90, HeaderGroup.java:0
Page.java:90, HostConfiguration.java:0
if_jsp.java:25, if_jsp.java:128
ELParser.java:1966, ELParser.java:1966
if_jsp.java:25, if_jsp.java:142
if_jsp.java:26, if_jsp.java:151
if_jsp.java:26, if_jsp.java:171
foreach_jsp.java:26, foreach_jsp.java:139
foreach_jsp.java:26, foreach_jsp.java:172
foreach_jsp.java:27, foreach_jsp.java:182
DefaultAnnotationProcessor.java:117, ELParserTokenManager.java:1223
DefaultAnnotationProcessor.java:117, ELParserTokenManager.java:1280
foreach_jsp.java:27, foreach_jsp.java:213
Page.java:90, AuthState.java:0
choose_jsp.java:27, choose_jsp.java:128
DefaultAnnotationProcessor.java:232, ELParser.java:1962
ELParser.java:1962, DefaultAnnotationProcessor.java:238
choose_jsp.java:28, choose_jsp.java:175
choose_jsp.java:29, choose_jsp.java:217
choose_jsp.java:29, choose_jsp.java:237
choose_jsp.java:29, choose_jsp.java:246
choose_jsp.java:29, choose_jsp.java:266
choose_jsp.java:29, choose_jsp.java:275
WhenTag.java:0, WhenTag.java:0
choose_jsp.java:29, choose_jsp.java:295
choose_jsp.java:30, choose_jsp.java:304
choose_jsp.java:30, choose_jsp.java:322
choose_jsp.java:28, choose_jsp.java:208
ChooseTag.java:0, ChooseTag.java:0
SimpleNode.java:63, SimpleNode.java:147
SimpleNode.java:63, SimpleNode.java:148
SimpleNode.java:63, AstEqual.java:37
SimpleNode.java:69, AstEqual.java:37
SimpleNode.java:121, AstIdentifier.java:61
SimpleNode.java:63, AstEqual.java:38
SimpleNode.java:69, AstEqual.java:38
AstInteger.java:42, AstInteger.java:47
ValueExpressionImpl.java:114, ValueExpressionImpl.java:115
ValueExpressionImpl.java:114, ValueExpressionImpl.java:159
ValueExpressionImpl.java:114, ValueExpressionImpl.java:162
choose_jsp.java:27, choose_jsp.java:165
Page.java:90, HttpHost.java:0
Page.java:90, ExpressionBuilder.java:75
Page.java:90, ExpressionBuilder.java:145
ProxyDirContext.java:1461, ProxyDirContext.java:1475
Page.java:90, panel_tag.java:68
Page.java:90, Client.java:144
Page.java:90, MultiThreadedHttpConnectionManager.java:0
FormatDateTag.java:0, FormatDateTag.java:0
FormatDateSupport.java:0, FormatDateTag.java:0
FormatDateTag.java:0, FormatDateSupport.java:0
URI.java:0, FunctionMapperFactory.java:37
FunctionMapperFactory.java:37, URI.java:0
InternalNioInputBuffer.java:716, InternalNioInputBuffer.java:534
SetTag.java:0, SetTag.java:0
SetSupport.java:0, SetTag.java:0
SetSupport.java:0, SetSupport.java:0
SetTag.java:0, SetSupport.java:0
URLCodec.java:169, AuthState.java:0
JspRuntimeLibrary.java:357, Page.java:90
NameValuePair.java:0, URLCodec.java:169
URLCodec.java:169, NameValuePair.java:0
DefaultAnnotationProcessor.java:79, URI.java:0
DefaultHttpParams.java:0, Header.java:0
Header.java:0, DefaultHttpParams.java:0
NumberGuessBean.java:71, NumberGuessBean.java:38
HttpConnection.java:0, HostConfiguration.java:0
NumberGuessBean.java:55, NumberGuessBean.java:58
NumberGuessBean.java:67, NumberGuessBean.java:58
NumberGuessBean.java:38, NumberGuessBean.java:71
NumberGuessBean.java:55, NumberGuessBean.java:67
NameValuePair.java:0, URI.java:0
URI.java:0, NameValuePair.java:0
NumberGuessBean.java:58, NumberGuessBean.java:58
NumberGuessBean.java:55, NumberGuessBean.java:55
NumberGuessBean.java:63, NumberGuessBean.java:49
NumberGuessBean.java:54, NumberGuessBean.java:75
NumberGuessBean.java:63, NumberGuessBean.java:76
NumberGuessBean.java:38, NumberGuessBean.java:77
NumberGuessBean.java:71, NumberGuessBean.java:77
Http11NioProcessor.java:1074, Http11NioProcessor.java:1001
HttpMethodBase.java:0, HttpConnection.java:0
HttpConnection.java:0, HttpMethodBase.java:0
UDecoder.java:77, UDecoder.java:77
DummyCart.java:63, DummyCart.java:52
Ascii.java:194, InternalNioInputBuffer.java:780
InternalNioInputBuffer.java:780, Ascii.java:194
IfTag.java:0, IfTag.java:0
ForEachTag.java:0, ForEachTag.java:0
ForEachSupport.java:0, ForEachTag.java:0
ForEachTag.java:0, ForEachSupport.java:0
Page.java:90, ValueExpressionImpl.java:118
Page.java:90, ExpressionBuilder.java:66
ExpressionBuilder.java:72, URI.java:0
URI.java:0, ExpressionBuilder.java:142
HttpHost.java:0, Page.java:90
ExpressionBuilder.java:145, Page.java:90
Page.java:90, FunctionMapperImpl.java:106
URI.java:0, ValueExpressionImpl.java:114
Page.java:90, JspFragmentHelper.java:48
ShuffleSimpleTag.java:75, Page.java:90
DefaultAnnotationProcessor.java:226, TileSimpleTag.java:40
TileSimpleTag.java:40, DefaultAnnotationProcessor.java:232
TileSimpleTag.java:40, DefaultAnnotationProcessor.java:238
DefaultAnnotationProcessor.java:117, URI.java:0
DefaultAnnotationProcessor.java:117, HttpMethodBase.java:0
NumberGuessBean.java:58, NumberGuessBean.java:67
NumberGuessBean.java:57, NumberGuessBean.java:75
AutoCloseInputStream.java:0, Page.java:90
Page.java:90, AutoCloseInputStream.java:0
InternalNioInputBuffer.java:780, InternalNioInputBuffer.java:499
InternalNioInputBuffer.java:780, InternalNioInputBuffer.java:502
InternalNioInputBuffer.java:780, InternalNioInputBuffer.java:508
InternalNioInputBuffer.java:780, InternalNioInputBuffer.java:557
InternalNioInputBuffer.java:777, InternalNioInputBuffer.java:557
InternalNioInputBuffer.java:777, Http11NioProcessor.java:1520
Page.java:90, ReflectionSocketFactory.java:0
Page.java:90, Request.java:2412
HttpHost.java:0, NioBlockingSelector.java:382
HttpHost.java:0, NioBlockingSelector.java:129
UDecoder.java:79, UDecoder.java:77
ProxyDirContext.java:1536, DefaultServlet.java:723
FileDirContext.java:1030, FileDirContext.java:1029
ProxyDirContext.java:1536, DefaultServlet.java:758
FileDirContext.java:991, FileDirContext.java:990
ProxyDirContext.java:1536, DefaultServlet.java:761
ProxyDirContext.java:1536, DefaultServlet.java:764
ProxyDirContext.java:1536, DefaultServlet.java:768
OutputBuffer.java:224, OutputBuffer.java:591
Request.java:405, Request.java:998
MessageBytes.java:639, MessageBytes.java:639
Page.java:90, ForEachSupport.java:0
Page.java:90, FunctionMapperImpl.java:107
HttpHost.java:0, CookieSpecBase.java:0
CookieSpecBase.java:0, HttpHost.java:0
HttpHost.java:0, URLCodec.java:169
DefaultAnnotationProcessor.java:117, Client.java:142
DefaultHttpParams.java:0, URI.java:0
HttpHost.java:0, NioBlockingSelector.java:386
Page.java:90, Client.java:142
Page.java:90, CookieSpecBase.java:0
Page.java:90, StringCache.java:631
URI.java:0, HttpMethodDirector.java:0
URI.java:0, DefaultHttpParams.java:0
MultiThreadedHttpConnectionManager.java:0, MultiThreadedHttpConnectionManager.java:0
ValueExpressionImpl.java:116, NameValuePair.java:0
NameValuePair.java:0, ValueExpressionImpl.java:184
ContextConfig.java:253, ContextConfig.java:253
TldConfig.java:729, TldConfig.java:729
NamingContextListener.java:205, NamingContextListener.java:205
NamingContextListener.java:208, NamingContextListener.java:205
NamingContextListener.java:208, NamingContextListener.java:208
NamingContextListener.java:209, NamingContextListener.java:209
StandardContext.java:994, StandardContext.java:1007
StandardWrapper.java:665, ContainerBase.java:1087
MapperListener.java:118, MapperListener.java:191
StandardWrapper.java:772, StandardWrapper.java:1431
StandardWrapper.java:310, StandardWrapper.java:328
StandardWrapper.java:599, StandardWrapper.java:328
StandardWrapper.java:792, StandardWrapper.java:1358
StandardWrapper.java:834, StandardWrapper.java:1431
StandardWrapper.java:882, StandardWrapper.java:1461
StandardWrapper.java:826, StandardWrapper.java:1461
StandardSession.java:596, StandardSession.java:606
StandardSession.java:591, StandardSession.java:865
StandardSession.java:596, StandardSession.java:869
ContainerBase.java:1297, StandardContext.java:4587
ContainerBase.java:711, StandardContext.java:4108
WebappClassLoader.java:1576, WebappClassLoader.java:1551
WebappLoader.java:221, WebappLoader.java:725
ContainerBase.java:861, StandardContext.java:4681
ChannelSocket.java:881, ChannelSocket.java:891
ChannelSocket.java:882, ChannelSocket.java:891
ChannelSocket.java:283, ChannelSocket.java:683
MsgContext.java:53, MsgContext.java:99
MsgContext.java:103, MsgContext.java:99
ChannelSocket.java:882, ChannelSocket.java:892
ContainerBase.java:123, ContainerBase.java:1554
ContainerBase.java:1297, ContainerBase.java:1087
HostConfig.java:300, HostConfig.java:300
HostConfig.java:305, HostConfig.java:300
HostConfig.java:300, HostConfig.java:301
HostConfig.java:300, HostConfig.java:302
HostConfig.java:220, HostConfig.java:220
HostConfig.java:300, HostConfig.java:303
HostConfig.java:242, HostConfig.java:242
HostConfig.java:300, HostConfig.java:304
HostConfig.java:281, HostConfig.java:281
HostConfig.java:300, HostConfig.java:305
HostConfig.java:253, HostConfig.java:253
HostConfig.java:300, HostConfig.java:1248
NamingContextListener.java:205, NamingContextListener.java:207
NamingContextListener.java:205, NamingContextListener.java:208
ContextConfig.java:253, ContextConfig.java:1115
ContextConfig.java:253, ContextConfig.java:1117
ContextConfig.java:253, ContextConfig.java:1131
ContextConfig.java:253, ContextConfig.java:1153
ContextConfig.java:253, ContextConfig.java:1159
ContextConfig.java:253, ContextConfig.java:1165
ContextConfig.java:253, ContextConfig.java:1179
ContextConfig.java:253, ContextConfig.java:1181
ContextConfig.java:253, ContextConfig.java:1185
ContextConfig.java:253, ContextConfig.java:1216
ContextConfig.java:253, ContextConfig.java:1222
ContextConfig.java:253, ContextConfig.java:1224
ContextConfig.java:253, ContextConfig.java:1230
ContextConfig.java:253, ContextConfig.java:1236
ContextConfig.java:253, ContextConfig.java:1238
ContextConfig.java:253, ContextConfig.java:1242
ContextConfig.java:253, ContextConfig.java:1248
ContextConfig.java:253, ContextConfig.java:1254
ContextConfig.java:253, ContextConfig.java:1256
NamingContextListener.java:205, NamingContextListener.java:281
NamingContextListener.java:205, NamingContextListener.java:282
NamingContextListener.java:205, NamingContextListener.java:284
NamingContextListener.java:205, NamingContextListener.java:285
NamingContextListener.java:205, NamingContextListener.java:290
NamingContextListener.java:205, NamingContextListener.java:297
WebappClassLoader.java:1575, WebappClassLoader.java:1551
ContextConfig.java:253, ContextConfig.java:1133
ContextConfig.java:253, ContextConfig.java:1218
ContextConfig.java:253, ContextConfig.java:1155
NioEndpoint.java:1523, NioEndpoint.java:1410
ChannelSocket.java:656, ChannelSocket.java:496
ChannelSocket.java:682, ChannelSocket.java:496
ThreadPool.java:590, ThreadPool.java:570
