LightServer.java:13, LightServer.java:13
Geometry.java:126, Geometry.java:91
Geometry.java:91, Geometry.java:126
IntArray.java:28, KDTree.java:778
Geometry.java:89, Geometry.java:108
TriangleMesh.java:492, TriangleMesh.java:356
TriangleMesh.java:534, TriangleMesh.java:622
TriangleMesh.java:569, TriangleMesh.java:627
TriangleMesh.java:570, TriangleMesh.java:627
TriangleMesh.java:571, TriangleMesh.java:627
TriangleMesh.java:572, TriangleMesh.java:630
TriangleMesh.java:573, TriangleMesh.java:630
TriangleMesh.java:574, TriangleMesh.java:630
TriangleMesh.java:559, TriangleMesh.java:660
TriangleMesh.java:569, TriangleMesh.java:665
TriangleMesh.java:570, TriangleMesh.java:665
TriangleMesh.java:571, TriangleMesh.java:665
TriangleMesh.java:572, TriangleMesh.java:668
TriangleMesh.java:573, TriangleMesh.java:668
TriangleMesh.java:574, TriangleMesh.java:668
TriangleMesh.java:546, TriangleMesh.java:641
TriangleMesh.java:569, TriangleMesh.java:646
TriangleMesh.java:570, TriangleMesh.java:646
TriangleMesh.java:571, TriangleMesh.java:646
TriangleMesh.java:572, TriangleMesh.java:649
TriangleMesh.java:573, TriangleMesh.java:649
TriangleMesh.java:574, TriangleMesh.java:649
TriangleMesh.java:44, TriangleMesh.java:385
TriangleMesh.java:97, TriangleMesh.java:385
TriangleMesh.java:385, TriangleMesh.java:385
BezierMesh.java:156, TriangleMesh.java:396
BezierMesh.java:157, TriangleMesh.java:397
BezierMesh.java:158, TriangleMesh.java:398
TriangleMesh.java:100, TriangleMesh.java:415
BezierMesh.java:160, TriangleMesh.java:427
BezierMesh.java:161, TriangleMesh.java:428
BezierMesh.java:160, TriangleMesh.java:429
BezierMesh.java:161, TriangleMesh.java:430
BezierMesh.java:160, TriangleMesh.java:431
BezierMesh.java:161, TriangleMesh.java:432
TriangleMesh.java:45, TriangleMesh.java:476
BucketRenderer.java:24, BucketRenderer.java:24
QMC.java:135, BucketRenderer.java:233
InstantGI.java:156, InstantGI.java:86
ShadingState.java:182, Ray.java:85
ShadingState.java:183, Ray.java:86
ShadingState.java:184, Ray.java:87
InstantGI.java:157, InstantGI.java:87
InstantGI.java:158, InstantGI.java:92
Color.java:265, Color.java:337
Color.java:266, Color.java:338
Color.java:267, Color.java:339
Color.java:338, Color.java:266
