NioEndpoint.java:1325, NioEndpoint.java:1334
NioEndpoint.java:1326, NioEndpoint.java:1336
NioEndpoint.java:200, NioEndpoint.java:2201
NioEndpoint.java:2196, NioEndpoint.java:2204
NioEndpoint.java:2197, NioEndpoint.java:2217
MessageBytes.java:726, MessageBytes.java:80
MapperListener.java:100, MapperListener.java:203
NioEndpoint.java:1826, NioEndpoint.java:1860
URI.java:0, HttpHost.java:0
URI.java:0, HttpMethodBase.java:0
NioChannel.java:54, NioChannel.java:159
NioChannel.java:187, NioChannel.java:150
NioEndpoint.java:1398, NioEndpoint.java:1401
Response.java:51, Response.java:105
NioEndpoint.java:1816, NioEndpoint.java:1840
NioEndpoint.java:1814, NioEndpoint.java:1853
NioEndpoint.java:1829, NioEndpoint.java:1889
NioEndpoint.java:1858, NioEndpoint.java:1858
HexUtils.java:40, Http11NioProcessor.java:107
FastHttpDateFormat.java:115, FastHttpDateFormat.java:112
FastHttpDateFormat.java:116, FastHttpDateFormat.java:120
JspServletWrapper.java:96, JspServletWrapper.java:292
JspCompilationContext.java:572, JspCompilationContext.java:626
JspServletWrapper.java:166, JspServletWrapper.java:133
JspServletWrapper.java:96, JspServletWrapper.java:317
ManagerBase.java:741, ManagerBase.java:740
ManagerBase.java:828, ManagerBase.java:828
JasperLoader.java:52, JasperLoader.java:108
SecurityUtil.java:29, SecurityUtil.java:37
JspApplicationContextImpl.java:105, JspApplicationContextImpl.java:105
JspApplicationContextImpl.java:106, JspApplicationContextImpl.java:118
JspApplicationContextImpl.java:118, JspApplicationContextImpl.java:118
ELParserTokenManager.java:1144, ELParserTokenManager.java:1276
ELParserTokenManager.java:1123, ELParserTokenManager.java:1207
ELParserTokenManager.java:1139, ELParserTokenManager.java:1279
ELParser.java:1965, ELParser.java:6
ELParser.java:1966, ELParser.java:1925
ELParser.java:1965, ELParser.java:24
ELParser.java:6, ELParser.java:2009
ELParser.java:24, ELParser.java:2009
ELParser.java:2009, ELParser.java:143
ELParser.java:1306, ELParser.java:2009
ELParser.java:2009, ELParser.java:995
ELParser.java:648, ELParser.java:2009
ELParser.java:2009, ELParser.java:963
ELParser.java:1966, ELParser.java:2040
ELParser.java:1925, ELParser.java:348
ELParser.java:2040, ELParser.java:348
ELParser.java:55, ELParser.java:2009
SimpleNode.java:63, SimpleNode.java:146
SimpleNode.java:69, SimpleNode.java:148
AstInteger.java:42, AstInteger.java:40
AstInteger.java:40, AstInteger.java:42
AstInteger.java:42, AstInteger.java:42
NioEndpoint.java:1326, NioEndpoint.java:1326
RequestInfo.java:165, RequestInfo.java:165
Http11NioProcessor.java:1075, Http11NioProcessor.java:800
InternalNioOutputBuffer.java:443, InternalNioOutputBuffer.java:193
CookieSpecBase.java:0, InternalNioInputBuffer.java:773
InternalNioInputBuffer.java:776, CookieSpecBase.java:0
CookieSpecBase.java:0, InternalNioInputBuffer.java:780
InternalNioOutputBuffer.java:208, InternalNioOutputBuffer.java:204
Http11NioProcessor.java:890, Http11NioProcessor.java:807
Http11NioProcessor.java:820, Http11NioProcessor.java:807
Http11NioProcessor.java:1714, Http11NioProcessor.java:808
Http11NioProcessor.java:820, Http11NioProcessor.java:808
Http11NioProcessor.java:1073, Http11NioProcessor.java:809
Http11NioProtocol.java:729, Http11NioProcessor.java:809
InternalNioInputBuffer.java:369, InternalNioInputBuffer.java:411
InternalNioInputBuffer.java:370, InternalNioInputBuffer.java:415
InternalNioInputBuffer.java:372, InternalNioInputBuffer.java:430
InternalNioInputBuffer.java:373, InternalNioInputBuffer.java:515
InternalNioInputBuffer.java:830, InternalNioInputBuffer.java:690
InternalNioInputBuffer.java:833, InternalNioInputBuffer.java:712
InternalNioInputBuffer.java:831, InternalNioInputBuffer.java:723
InternalNioInputBuffer.java:832, InternalNioInputBuffer.java:759
NioEndpoint.java:652, NioEndpoint.java:653
Http11NioProcessor.java:1266, Http11NioProcessor.java:1266
Http11NioProcessor.java:91, Http11NioProcessor.java:796
Http11NioProcessor.java:800, Http11NioProcessor.java:800
Http11NioProcessor.java:93, Http11NioProcessor.java:801
InternalNioInputBuffer.java:199, InternalNioInputBuffer.java:199
InternalNioInputBuffer.java:618, InternalNioInputBuffer.java:199
Http11NioProcessor.java:98, Http11NioProcessor.java:802
InternalNioOutputBuffer.java:193, InternalNioOutputBuffer.java:193
InternalNioInputBuffer.java:210, InternalNioInputBuffer.java:210
InternalNioOutputBuffer.java:204, InternalNioOutputBuffer.java:204
Http11NioProcessor.java:638, Http11NioProcessor.java:812
Http11NioProcessor.java:670, Http11NioProcessor.java:824
Http11NioProcessor.java:939, Http11NioProcessor.java:1294
AstFloatingPoint.java:42, AstFloatingPoint.java:40
JspServletWrapper.java:94, JspServletWrapper.java:312
SimpleCharStream.java:181, SimpleNode.java:44
SimpleNode.java:44, SimpleCharStream.java:236
NioBlockingSelector.java:129, NioBlockingSelector.java:386
SimpleNode.java:121, AstInteger.java:40
ELParserTokenManager.java:1218, ELParser.java:2071
AstString.java:39, AstString.java:38
AstString.java:38, AstString.java:39
URI.java:0, Client.java:142
ByteChunk.java:147, ByteChunk.java:178
ByteChunk.java:148, ByteChunk.java:179
ByteChunk.java:149, ByteChunk.java:180
MessageBytes.java:107, MessageBytes.java:131
MessageBytes.java:114, MessageBytes.java:132
MessageBytes.java:115, MessageBytes.java:133
MessageBytes.java:116, MessageBytes.java:134
MessageBytes.java:117, MessageBytes.java:135
MessageBytes.java:118, MessageBytes.java:136
InternalNioInputBuffer.java:373, InternalNioInputBuffer.java:508
Request.java:443, Request.java:447
Http11NioProcessor.java:1717, Http11NioProcessor.java:1290
Http11NioProcessor.java:1610, Http11NioProcessor.java:1291
Http11NioProcessor.java:1681, Http11NioProcessor.java:1292
Http11NioProcessor.java:1706, Http11NioProcessor.java:1292
ServerCookie.java:107, ServerCookie.java:152
MessageBytes.java:112, MessageBytes.java:307
CharChunk.java:109, CharChunk.java:125
CharChunk.java:110, CharChunk.java:126
CharChunk.java:108, CharChunk.java:128
MessageBytes.java:111, MessageBytes.java:209
RequestInfo.java:237, RequestInfo.java:237
Request.java:406, Request.java:842
Request.java:423, Request.java:1667
Request.java:424, Request.java:1681
MappingData.java:42, Mapper.java:598
MappingData.java:43, Mapper.java:621
MessageBytes.java:111, MessageBytes.java:186
MessageBytes.java:115, MessageBytes.java:187
MessageBytes.java:116, MessageBytes.java:188
MessageBytes.java:117, MessageBytes.java:189
MessageBytes.java:118, MessageBytes.java:190
MessageBytes.java:114, MessageBytes.java:195
MessageBytes.java:107, MessageBytes.java:196
MappingData.java:44, Mapper.java:666
CharChunk.java:109, CharChunk.java:138
CharChunk.java:110, CharChunk.java:139
CharChunk.java:108, CharChunk.java:140
MessageBytes.java:107, MessageBytes.java:161
MessageBytes.java:114, MessageBytes.java:162
MessageBytes.java:115, MessageBytes.java:163
MessageBytes.java:116, MessageBytes.java:164
MessageBytes.java:117, MessageBytes.java:165
MessageBytes.java:118, MessageBytes.java:166
ByteChunk.java:149, ByteChunk.java:138
CharChunk.java:110, CharChunk.java:99
MessageBytes.java:114, MessageBytes.java:99
ELContextImpl.java:64, SimpleCharStream.java:26
SimpleCharStream.java:26, ELContextImpl.java:92
SimpleCharStream.java:26, ELContextImpl.java:81
ELContextImpl.java:92, SimpleCharStream.java:148
SimpleCharStream.java:148, ELContextImpl.java:92
AstFunction.java:126, AstFunction.java:58
AstFunction.java:122, AstFunction.java:46
SimpleNode.java:63, SimpleNode.java:77
ELParser.java:1966, SimpleNode.java:44
ValueExpressionImpl.java:118, ELParser.java:1966
ELParser.java:1966, ValueExpressionImpl.java:187
HostConfiguration.java:0, HttpMethodBase.java:0
ByteChunk.java:568, InternalNioInputBuffer.java:716
ByteChunk.java:561, ByteChunk.java:177
ByteChunk.java:568, InternalNioInputBuffer.java:780
ByteChunk.java:499, ByteChunk.java:177
JspCompilationContext.java:626, JspCompilationContext.java:572
Response.java:264, Response.java:330
Response.java:573, Response.java:550
MessageBytes.java:111, MessageBytes.java:213
ByteChunk.java:146, ByteChunk.java:498
MessageBytes.java:114, MessageBytes.java:205
Response.java:576, Response.java:221
functions_jsp.java:15, functions_jsp.java:107
functions_jsp.java:16, functions_jsp.java:127
functions_jsp.java:15, functions_jsp.java:121
functions_jsp.java:19, functions_jsp.java:139
Response.java:571, Response.java:444
URI.java:0, Page.java:90
Page.java:90, NioBlockingSelector.java:382
Page.java:90, NioBlockingSelector.java:129
Page.java:90, HttpMethodDirector.java:0
Page.java:90, HttpMethodBase.java:0
hello_jsp.java:28, hello_jsp.java:110
MimeHeaders.java:132, MimeHeaders.java:266
InternalNioOutputBuffer.java:362, InternalNioOutputBuffer.java:262
InternalNioOutputBuffer.java:363, InternalNioOutputBuffer.java:606
InternalNioOutputBuffer.java:364, InternalNioOutputBuffer.java:386
Page.java:90, HttpConnection.java:0
CoyoteAdapter.java:647, CoyoteAdapter.java:647
CharChunk.java:524, CoyoteAdapter.java:647
Http11NioProcessor.java:1046, Http11NioProcessor.java:1293
CharChunk.java:500, CharChunk.java:137
SimpleNode.java:121, SimpleNode.java:117
InternalNioOutputBuffer.java:363, InternalNioOutputBuffer.java:577
InternalNioOutputBuffer.java:363, InternalNioOutputBuffer.java:377
Page.java:90, URI.java:0
InternalNioInputBuffer.java:555, InternalNioInputBuffer.java:716
InternalNioInputBuffer.java:716, InternalNioInputBuffer.java:710
InternalNioInputBuffer.java:780, InternalNioInputBuffer.java:773
InternalNioInputBuffer.java:777, InternalNioInputBuffer.java:773
ByteChunk.java:177, ByteChunk.java:177
ByteChunk.java:207, ByteChunk.java:177
Http11NioProcessor.java:1492, InternalNioInputBuffer.java:780
Cookies.java:363, InternalNioInputBuffer.java:780
Cookies.java:214, InternalNioInputBuffer.java:780
CharChunk.java:602, CoyoteAdapter.java:647
CharChunk.java:621, CoyoteAdapter.java:647
Mapper.java:1129, CoyoteAdapter.java:647
Mapper.java:1127, CoyoteAdapter.java:647
CharChunk.java:681, CoyoteAdapter.java:647
Mapper.java:924, CoyoteAdapter.java:647
Cookies.java:380, InternalNioInputBuffer.java:780
Cookies.java:490, InternalNioInputBuffer.java:777
Cookies.java:458, InternalNioInputBuffer.java:780
Mapper.java:932, CoyoteAdapter.java:647
Cookies.java:355, InternalNioInputBuffer.java:780
ByteChunk.java:548, InternalNioInputBuffer.java:780
CoyoteAdapter.java:673, InternalNioInputBuffer.java:780
CharChunk.java:127, CharChunk.java:120
CharChunk.java:137, CharChunk.java:121
ApplicationFilterChain.java:537, ApplicationFilterChain.java:558
ApplicationFilterChain.java:538, ApplicationFilterChain.java:571
ApplicationFilterChain.java:536, ApplicationFilterChain.java:215
CoyoteAdapter.java:673, InternalNioInputBuffer.java:777
Cookies.java:560, InternalNioInputBuffer.java:780
CoyoteAdapter.java:647, CoyoteAdapter.java:814
CoyoteAdapter.java:647, CoyoteAdapter.java:817
CoyoteAdapter.java:647, CoyoteAdapter.java:824
CoyoteAdapter.java:647, CoyoteAdapter.java:825
CoyoteAdapter.java:647, CoyoteAdapter.java:832
CoyoteAdapter.java:647, CharChunk.java:681
CoyoteAdapter.java:647, CharChunk.java:685
CoyoteAdapter.java:647, Mapper.java:1127
CoyoteAdapter.java:647, Mapper.java:1129
JspServletWrapper.java:165, JspServletWrapper.java:170
CoyoteAdapter.java:647, CharChunk.java:602
CoyoteAdapter.java:647, CharChunk.java:621
CoyoteAdapter.java:647, Mapper.java:924
CoyoteAdapter.java:647, Mapper.java:932
CoyoteAdapter.java:647, CharChunk.java:524
ByteChunk.java:177, ByteChunk.java:207
ByteChunk.java:177, ByteChunk.java:541
book_jsp.java:34, book_jsp.java:152
book_jsp.java:34, book_jsp.java:157
ELParser.java:1966, ELParser.java:2176
URLCodec.java:169, DefaultHttpParams.java:0
JspContextWrapper.java:87, Page.java:90
ResourceCache.java:400, ResourceCache.java:293
ResourceCache.java:294, ResourceCache.java:294
Page.java:90, DefaultHttpParams.java:0
CharChunk.java:537, CharChunk.java:137
ELParser.java:1966, SimpleCharStream.java:263
ELParser.java:1966, SimpleCharStream.java:181
ELParser.java:1966, SimpleCharStream.java:236
ELParser.java:1966, SimpleCharStream.java:226
SimpleCharStream.java:263, ELParser.java:234
SimpleCharStream.java:226, ELParser.java:234
ELParser.java:234, SimpleCharStream.java:236
Response.java:574, Response.java:192
Page.java:90, NameValuePair.java:0
HttpMethodBase.java:0, URI.java:0
URLCodec.java:169, HttpMethodBase.java:0
InternalNioInputBuffer.java:716, InternalNioInputBuffer.java:555
InternalNioInputBuffer.java:714, InternalNioInputBuffer.java:716
InternalNioInputBuffer.java:780, InternalNioInputBuffer.java:710
InternalNioInputBuffer.java:716, InternalNioInputBuffer.java:773
ByteChunk.java:541, ByteChunk.java:177
InternalNioInputBuffer.java:641, InternalNioInputBuffer.java:543
InternalNioInputBuffer.java:780, InternalNioInputBuffer.java:751
InternalNioInputBuffer.java:774, InternalNioInputBuffer.java:780
InternalNioInputBuffer.java:773, InternalNioInputBuffer.java:780
Http11NioProcessor.java:1293, Http11NioProcessor.java:1293
Http11NioProcessor.java:1493, Http11NioProcessor.java:1493
CharChunk.java:544, Http11NioProcessor.java:1493
CharChunk.java:137, CharChunk.java:137
ByteChunk.java:159, ByteChunk.java:159
ByteChunk.java:177, ByteChunk.java:160
CharChunk.java:151, CharChunk.java:124
products_jsp.java:28, products_jsp.java:92
DefaultAnnotationProcessor.java:79, JspContextWrapper.java:87
DefaultAnnotationProcessor.java:79, JspContextWrapper.java:84
TagHandlerPool.java:38, TagHandlerPool.java:50
ApplicationContext.java:888, ApplicationContext.java:872
TagHandlerPool.java:39, TagHandlerPool.java:68
ELParser.java:6, ELParser.java:6
ELParser.java:6, ELParser.java:24
ELParser.java:6, ELParser.java:143
ELParser.java:6, ELParser.java:963
ELParser.java:6, ELParser.java:1137
ELParser.java:6, ELParser.java:1140
ELParser.java:6, ELParser.java:995
ELParser.java:6, ELParser.java:164
ELParser.java:6, ELParser.java:55
DefaultAnnotationProcessor.java:216, ValueExpressionImpl.java:115
ValueExpressionImpl.java:115, DefaultAnnotationProcessor.java:221
URI.java:0, HostConfiguration.java:0
URI.java:0, HttpConnection.java:0
Response.java:572, Response.java:513
Response.java:571, Response.java:515
Response.java:267, Response.java:790
basic_jspx.java:31, basic_jspx.java:86
basic_jspx.java:29, basic_jspx.java:99
SetLocaleSupport.java:0, SetLocaleSupport.java:0
Request.java:405, Request.java:1018
Response.java:570, Response.java:402
Response.java:569, Response.java:405
Response.java:569, Response.java:406
Response.java:569, Response.java:408
Response.java:569, Response.java:413
Response.java:267, Response.java:846
TimeZoneSupport.java:0, TimeZoneSupport.java:0
ResourceCache.java:293, ResourceCache.java:400
ResourceCache.java:307, ResourceCache.java:307
ProxyDirContext.java:1465, ProxyDirContext.java:1465
ResourceAttributes.java:733, ResourceAttributes.java:737
ResourceAttributes.java:737, ResourceAttributes.java:737
ResourceAttributes.java:625, ResourceAttributes.java:633
ResourceAttributes.java:633, ResourceAttributes.java:633
ResourceAttributes.java:607, ResourceAttributes.java:597
ResourceCache.java:397, ResourceCache.java:364
Page.java:90, CharChunk.java:71
Token.java:87, DefaultAnnotationProcessor.java:216
HttpMethodBase.java:0, Page.java:90
HeaderGroup.java:0, Page.java:90
URI.java:0, Page.java:177
Page.java:177, URI.java:0
SimpleCharStream.java:260, ELParser.java:1966
ELParser.java:1966, SimpleCharStream.java:91
EngineConfig.java:72, EngineConfig.java:72
SimpleCharStream.java:260, ELParser.java:35
SimpleCharStream.java:115, ELParser.java:35
Page.java:90, Page.java:177
shuffle_jsp.java:28, shuffle_jsp.java:123
DefaultAnnotationProcessor.java:117, HttpHost.java:0
ByteChunk.java:548, InternalNioInputBuffer.java:716
InternalNioInputBuffer.java:714, InternalNioInputBuffer.java:780
DefaultHttpParams.java:0, URLCodec.java:169
Digest.java:46, URI.java:0
Request.java:402, Request.java:1081
Request.java:490, Request.java:267
Parameters.java:100, Parameters.java:85
Parameters.java:97, Parameters.java:251
ByteChunk.java:147, ByteChunk.java:164
ByteChunk.java:148, ByteChunk.java:165
ByteChunk.java:149, ByteChunk.java:166
InternalNioInputBuffer.java:557, InternalNioInputBuffer.java:716
InternalNioInputBuffer.java:774, InternalNioInputBuffer.java:716
URI.java:0, URI.java:0
ByteChunk.java:163, ByteChunk.java:163
ByteChunk.java:313, ByteChunk.java:163
ByteChunk.java:146, ByteChunk.java:146
NumberGuessBean.java:38, NumberGuessBean.java:38
NumberGuessBean.java:58, NumberGuessBean.java:55
NumberGuessBean.java:67, NumberGuessBean.java:55
InternalNioInputBuffer.java:499, InternalNioInputBuffer.java:716
InternalNioInputBuffer.java:714, InternalNioInputBuffer.java:777
InternalNioInputBuffer.java:780, InternalNioInputBuffer.java:780
ApplicationHttpRequest.java:70, ApplicationHttpRequest.java:787
ResourceAttributes.java:737, ResourceAttributes.java:733
ResourceAttributes.java:633, ResourceAttributes.java:625
SimpleLog.java:259, SimpleLog.java:368
InternalNioInputBuffer.java:673, InternalNioInputBuffer.java:780
Page.java:90, CharChunk.java:67
IdentityInputFilter.java:195, IdentityInputFilter.java:148
IdentityInputFilter.java:196, IdentityInputFilter.java:149
ByteChunk.java:526, ByteChunk.java:177
MessageBytes.java:713, MessageBytes.java:713
MessageBytes.java:720, MessageBytes.java:713
IdentityInputFilter.java:187, IdentityInputFilter.java:187
UDecoder.java:77, ByteChunk.java:745
UDecoder.java:79, ByteChunk.java:745
DummyCart.java:63, DummyCart.java:35
DummyCart.java:62, DummyCart.java:39
CharChunk.java:108, CharChunk.java:108
CharChunk.java:109, CharChunk.java:109
CharChunk.java:110, CharChunk.java:110
MessageBytes.java:111, MessageBytes.java:111
MessageBytes.java:112, MessageBytes.java:112
MimeHeaders.java:466, MimeHeaders.java:466
ByteChunk.java:147, ByteChunk.java:147
ByteChunk.java:148, ByteChunk.java:148
ByteChunk.java:149, ByteChunk.java:149
InternalNioInputBuffer.java:716, InternalNioInputBuffer.java:804
MessageBytes.java:650, MessageBytes.java:639
MessageBytes.java:651, MessageBytes.java:639
MessageBytes.java:655, MessageBytes.java:655
Page.java:90, InternalNioInputBuffer.java:716
NioBlockingSelector.java:129, HttpMethodBase.java:0
ByteChunk.java:207, ByteChunk.java:161
Page.java:90, HttpVersion.java:0
Page.java:90, AuthChallengeProcessor.java:0
InternalNioInputBuffer.java:508, InternalNioInputBuffer.java:716
InternalNioInputBuffer.java:508, InternalNioInputBuffer.java:780
InternalNioInputBuffer.java:777, InternalNioInputBuffer.java:710
InternalNioInputBuffer.java:716, InternalNioInputBuffer.java:751
MessageBytes.java:114, MessageBytes.java:656
MessageBytes.java:115, MessageBytes.java:657
MessageBytes.java:116, MessageBytes.java:658
MessageBytes.java:117, MessageBytes.java:659
MessageBytes.java:118, MessageBytes.java:660
MessageBytes.java:107, MessageBytes.java:661
InternalNioOutputBuffer.java:747, InternalNioOutputBuffer.java:747
InternalNioOutputBuffer.java:511, InternalNioOutputBuffer.java:511
InternalNioOutputBuffer.java:512, InternalNioOutputBuffer.java:512
InternalNioOutputBuffer.java:508, InternalNioOutputBuffer.java:508
InternalNioOutputBuffer.java:509, InternalNioOutputBuffer.java:509
InternalNioOutputBuffer.java:558, InternalNioOutputBuffer.java:558
InternalNioOutputBuffer.java:559, InternalNioOutputBuffer.java:559
JspServletWrapper.java:77, JspServletWrapper.java:314
JspCompilationContext.java:103, JspCompilationContext.java:385
JspCompilationContext.java:105, JspCompilationContext.java:479
InternalNioInputBuffer.java:716, InternalNioInputBuffer.java:673
ProxyDirContext.java:1452, ResourceCache.java:364
Mapper.java:819, CoyoteAdapter.java:647
ProxyDirContext.java:1536, DefaultServlet.java:731
FileDirContext.java:991, FileDirContext.java:989
ResourceAttributes.java:539, ResourceAttributes.java:536
ProxyDirContext.java:1597, ProxyDirContext.java:1475
ProxyDirContext.java:1600, ProxyDirContext.java:1475
Page.java:90, ApplicationHttpRequest.java:155
Page.java:90, ApplicationHttpRequest.java:682
JspServletWrapper.java:74, JspServletWrapper.java:296
HttpMethodBase.java:0, NioBlockingSelector.java:386
StandardWrapper.java:799, StandardWrapper.java:1219
StandardWrapper.java:772, StandardWrapper.java:809
StandardWrapper.java:802, StandardWrapper.java:809
StandardWrapperFacade.java:77, StandardWrapperFacade.java:78
StandardWrapperFacade.java:82, StandardWrapperFacade.java:78
StandardWrapperFacade.java:78, StandardWrapperFacade.java:78
JspCompilationContext.java:84, JspCompilationContext.java:572
Page.java:90, HeaderGroup.java:0
Page.java:90, HostConfiguration.java:0
if_jsp.java:25, if_jsp.java:128
ELParser.java:1966, ELParser.java:1966
foreach_jsp.java:26, foreach_jsp.java:139
foreach_jsp.java:27, foreach_jsp.java:182
DefaultAnnotationProcessor.java:117, ELParserTokenManager.java:1223
DefaultAnnotationProcessor.java:117, ELParserTokenManager.java:1280
Page.java:90, AuthState.java:0
choose_jsp.java:27, choose_jsp.java:128
DefaultAnnotationProcessor.java:232, ELParser.java:1962
ELParser.java:1962, DefaultAnnotationProcessor.java:238
choose_jsp.java:28, choose_jsp.java:175
choose_jsp.java:29, choose_jsp.java:217
ChooseTag.java:0, ChooseTag.java:0
ValueExpressionImpl.java:114, ValueExpressionImpl.java:115
ValueExpressionImpl.java:114, ValueExpressionImpl.java:159
ValueExpressionImpl.java:114, ValueExpressionImpl.java:162
WhenTag.java:0, WhenTag.java:0
Page.java:90, HttpHost.java:0
Page.java:90, ExpressionBuilder.java:75
Page.java:90, ExpressionBuilder.java:145
Page.java:90, panel_tag.java:68
Page.java:90, Client.java:144
Page.java:90, MultiThreadedHttpConnectionManager.java:0
URI.java:0, FunctionMapperFactory.java:37
FunctionMapperFactory.java:37, URI.java:0
InternalNioOutputBuffer.java:508, InternalNioOutputBuffer.java:747
InternalNioOutputBuffer.java:509, InternalNioOutputBuffer.java:747
InternalNioOutputBuffer.java:747, InternalNioOutputBuffer.java:511
InternalNioOutputBuffer.java:747, InternalNioOutputBuffer.java:512
InternalNioOutputBuffer.java:747, InternalNioOutputBuffer.java:508
InternalNioOutputBuffer.java:747, InternalNioOutputBuffer.java:509
C2BConverter.java:266, C2BConverter.java:260
InternalNioOutputBuffer.java:558, InternalNioOutputBuffer.java:747
InternalNioOutputBuffer.java:559, InternalNioOutputBuffer.java:747
InternalNioInputBuffer.java:716, InternalNioInputBuffer.java:534
URLCodec.java:169, AuthState.java:0
JspRuntimeLibrary.java:357, Page.java:90
NameValuePair.java:0, URLCodec.java:169
URLCodec.java:169, NameValuePair.java:0
InternalNioInputBuffer.java:780, InternalNioInputBuffer.java:804
InternalNioInputBuffer.java:780, InternalNioInputBuffer.java:673
DefaultAnnotationProcessor.java:79, URI.java:0
DefaultHttpParams.java:0, Header.java:0
Header.java:0, DefaultHttpParams.java:0
NumberGuessBean.java:71, NumberGuessBean.java:38
HttpConnection.java:0, HostConfiguration.java:0
NameValuePair.java:0, URI.java:0
URI.java:0, NameValuePair.java:0
NumberGuessBean.java:58, NumberGuessBean.java:58
NumberGuessBean.java:67, NumberGuessBean.java:58
NumberGuessBean.java:55, NumberGuessBean.java:55
InternalNioOutputBuffer.java:511, InternalNioOutputBuffer.java:747
Http11NioProcessor.java:1001, Http11NioProcessor.java:1074
MutableInteger.java:28, MutableInteger.java:28
HttpMethodBase.java:0, HttpConnection.java:0
HttpConnection.java:0, HttpMethodBase.java:0
InternalNioInputBuffer.java:716, InternalNioInputBuffer.java:499
Parameters.java:426, UDecoder.java:79
Parameters.java:426, Parameters.java:426
ByteChunk.java:745, UDecoder.java:79
Page.java:90, ValueExpressionImpl.java:118
Page.java:90, ExpressionBuilder.java:66
ExpressionBuilder.java:72, URI.java:0
URI.java:0, ExpressionBuilder.java:142
HttpHost.java:0, Page.java:90
ExpressionBuilder.java:145, Page.java:90
Page.java:90, FunctionMapperImpl.java:106
URI.java:0, ValueExpressionImpl.java:114
C2BConverter.java:266, C2BConverter.java:241
Page.java:90, JspFragmentHelper.java:48
ShuffleSimpleTag.java:75, Page.java:90
DefaultAnnotationProcessor.java:226, TileSimpleTag.java:40
TileSimpleTag.java:40, DefaultAnnotationProcessor.java:232
DefaultAnnotationProcessor.java:117, URI.java:0
DefaultAnnotationProcessor.java:117, HttpMethodBase.java:0
ProxyDirContext.java:1461, ProxyDirContext.java:1475
NumberGuessBean.java:63, NumberGuessBean.java:49
NumberGuessBean.java:57, NumberGuessBean.java:75
AutoCloseInputStream.java:0, Page.java:90
Page.java:90, AutoCloseInputStream.java:0
InternalNioInputBuffer.java:360, InternalNioInputBuffer.java:272
Page.java:90, ReflectionSocketFactory.java:0
Page.java:90, Request.java:2412
Parameters.java:426, UDecoder.java:77
HttpHost.java:0, NioBlockingSelector.java:382
HttpHost.java:0, NioBlockingSelector.java:129
OutputBuffer.java:225, OutputBuffer.java:557
OutputBuffer.java:229, OutputBuffer.java:378
OutputBuffer.java:224, OutputBuffer.java:591
Request.java:405, Request.java:998
Response.java:266, Response.java:463
InternalNioOutputBuffer.java:357, InternalNioOutputBuffer.java:272
IdentityOutputFilter.java:176, IdentityOutputFilter.java:145
IdentityOutputFilter.java:177, IdentityOutputFilter.java:146
RequestInfo.java:143, RequestInfo.java:143
RequestInfo.java:144, RequestInfo.java:144
RequestInfo.java:146, RequestInfo.java:146
RequestInfo.java:152, RequestInfo.java:152
RequestInfo.java:153, RequestInfo.java:153
MessageBytes.java:115, MessageBytes.java:115
MessageBytes.java:116, MessageBytes.java:116
MessageBytes.java:117, MessageBytes.java:117
MessageBytes.java:118, MessageBytes.java:118
ServerCookie.java:104, ServerCookie.java:104
ServerCookie.java:108, ServerCookie.java:108
InternalNioOutputBuffer.java:747, InternalNioOutputBuffer.java:559
ForEachSupport.java:0, ForEachSupport.java:0
Page.java:90, ForEachSupport.java:0
Page.java:90, FunctionMapperImpl.java:107
HttpHost.java:0, CookieSpecBase.java:0
CookieSpecBase.java:0, HttpHost.java:0
HttpHost.java:0, URLCodec.java:169
DefaultAnnotationProcessor.java:117, Client.java:142
FormatDateTag.java:0, FormatDateTag.java:0
FormatDateSupport.java:0, FormatDateTag.java:0
FormatDateTag.java:0, FormatDateSupport.java:0
DefaultHttpParams.java:0, URI.java:0
NumberGuessBean.java:54, NumberGuessBean.java:75
NumberGuessBean.java:55, NumberGuessBean.java:58
HttpHost.java:0, NioBlockingSelector.java:386
Page.java:90, Client.java:142
Page.java:90, CookieSpecBase.java:0
Page.java:90, StringCache.java:631
URI.java:0, HttpMethodDirector.java:0
URI.java:0, DefaultHttpParams.java:0
MultiThreadedHttpConnectionManager.java:0, MultiThreadedHttpConnectionManager.java:0
Http11NioProcessor.java:1074, Http11NioProcessor.java:1001
ValueExpressionImpl.java:116, NameValuePair.java:0
NameValuePair.java:0, ValueExpressionImpl.java:184
ContextConfig.java:253, ContextConfig.java:253
TldConfig.java:729, TldConfig.java:729
NamingContextListener.java:205, NamingContextListener.java:205
NamingContextListener.java:208, NamingContextListener.java:205
NamingContextListener.java:208, NamingContextListener.java:208
NamingContextListener.java:209, NamingContextListener.java:209
StandardContext.java:994, StandardContext.java:1007
StandardWrapper.java:665, ContainerBase.java:1087
StandardWrapper.java:772, StandardWrapper.java:1431
StandardWrapper.java:310, StandardWrapper.java:328
StandardWrapper.java:792, StandardWrapper.java:1358
StandardWrapper.java:882, StandardWrapper.java:1461
ContainerBase.java:1297, StandardContext.java:4587
WebappClassLoader.java:1576, WebappClassLoader.java:1551
WebappLoader.java:221, WebappLoader.java:725
ContainerBase.java:861, StandardContext.java:4681
ChannelSocket.java:283, ChannelSocket.java:683
ContainerBase.java:123, ContainerBase.java:1554
ContainerBase.java:1297, ContainerBase.java:1087
HostConfig.java:300, HostConfig.java:300
HostConfig.java:305, HostConfig.java:300
HostConfig.java:300, HostConfig.java:301
HostConfig.java:300, HostConfig.java:302
HostConfig.java:220, HostConfig.java:220
HostConfig.java:300, HostConfig.java:303
HostConfig.java:242, HostConfig.java:242
HostConfig.java:300, HostConfig.java:304
HostConfig.java:281, HostConfig.java:281
HostConfig.java:300, HostConfig.java:305
HostConfig.java:253, HostConfig.java:253
HostConfig.java:300, HostConfig.java:1248
NamingContextListener.java:205, NamingContextListener.java:207
NamingContextListener.java:205, NamingContextListener.java:208
ContextConfig.java:253, ContextConfig.java:1115
ContextConfig.java:253, ContextConfig.java:1117
ContextConfig.java:253, ContextConfig.java:1131
ContextConfig.java:253, ContextConfig.java:1153
ContextConfig.java:253, ContextConfig.java:1159
ContextConfig.java:253, ContextConfig.java:1165
ContextConfig.java:253, ContextConfig.java:1179
ContextConfig.java:253, ContextConfig.java:1181
ContextConfig.java:253, ContextConfig.java:1185
ContextConfig.java:253, ContextConfig.java:1216
ContextConfig.java:253, ContextConfig.java:1222
ContextConfig.java:253, ContextConfig.java:1224
ContextConfig.java:253, ContextConfig.java:1230
ContextConfig.java:253, ContextConfig.java:1236
ContextConfig.java:253, ContextConfig.java:1238
ContextConfig.java:253, ContextConfig.java:1242
ContextConfig.java:253, ContextConfig.java:1248
ContextConfig.java:253, ContextConfig.java:1254
ContextConfig.java:253, ContextConfig.java:1256
NamingContextListener.java:205, NamingContextListener.java:281
NamingContextListener.java:205, NamingContextListener.java:282
NamingContextListener.java:205, NamingContextListener.java:284
NamingContextListener.java:205, NamingContextListener.java:285
NamingContextListener.java:205, NamingContextListener.java:290
NamingContextListener.java:205, NamingContextListener.java:297
WebappClassLoader.java:1575, WebappClassLoader.java:1551
ContextConfig.java:253, ContextConfig.java:1133
ContextConfig.java:253, ContextConfig.java:1218
ContextConfig.java:253, ContextConfig.java:1155
NioEndpoint.java:1523, NioEndpoint.java:1410
ChannelSocket.java:656, ChannelSocket.java:496
ChannelSocket.java:682, ChannelSocket.java:496
ThreadPool.java:590, ThreadPool.java:570
