:1, LightServer.java:13
:1, Geometry.java:91
:1, Geometry.java:126
:1, KDTree.java:778
:1, Geometry.java:108
:1, TriangleMesh.java:385
:1, TriangleMesh.java:395
:1, TriangleMesh.java:356
:1, TriangleMesh.java:649
:1, TriangleMesh.java:396
:1, TriangleMesh.java:427
:1, TriangleMesh.java:627
:1, TriangleMesh.java:397
:1, TriangleMesh.java:398
:1, TriangleMesh.java:431
:1, TriangleMesh.java:622
:1, TriangleMesh.java:665
:1, TriangleMesh.java:630
:1, BucketRenderer.java:24
:1, BucketRenderer.java:233
:1, InstantGI.java:86
:1, InstantGI.java:92
:1, TriangleMesh.java:668
:1, TriangleMesh.java:646
:1, Color.java:266
:1, TriangleMesh.java:429
