XSLTBench.java:1, OutputPropertiesFactory.java:289
XSLTBench.java:1, XMLStringFactoryImpl.java:45
XSLTBench.java:1, DTMManager.java:137
XSLTBench.java:1, ObjectFactory.java:299
XSLTBench.java:1, ObjectFactory.java:342
XSLTBench.java:1, XPathContext.java:350
XSLTBench.java:1, XPathContext.java:352
XSLTBench.java:1, IntStack.java:86
XSLTBench.java:1, StackGuard.java:46
XSLTBench.java:1, ToStream.java:97
XSLTBench.java:1, ToStream.java:171
XSLTBench.java:1, CharInfo.java:491
XSLTBench.java:1, ToHTMLStream.java:2347
XSLTBench.java:1, CharInfo.java:541
XSLTBench.java:1, CharInfo.java:790
XSLTBench.java:1, DTMTreeWalker.java:196
XSLTBench.java:1, SAX2DTM.java:194
XSLTBench.java:1, DTMStringPool.java:61
XSLTBench.java:1, DTMStringPool.java:89
XSLTBench.java:1, SAX2DTM.java:287
XSLTBench.java:1, SAX2DTM.java:288
XSLTBench.java:1, SAX2DTM.java:289
XSLTBench.java:1, SAX2DTM.java:290
XSLTBench.java:1, DTMStringPool.java:113
XSLTBench.java:1, DTMStringPool.java:130
XSLTBench.java:1, SAX2DTM.java:1677
XSLTBench.java:1, SAX2DTM.java:894
XSLTBench.java:1, SuballocatedIntVector.java:151
XSLTBench.java:1, LocPathIterator.java:360
XSLTBench.java:1, LocPathIterator.java:363
XSLTBench.java:1, LocPathIterator.java:364
XSLTBench.java:1, LocPathIterator.java:366
XSLTBench.java:1, LocPathIterator.java:369
XSLTBench.java:1, LocPathIterator.java:372
XSLTBench.java:1, LocPathIterator.java:373
XSLTBench.java:1, LocPathIterator.java:374
XSLTBench.java:1, LocPathIterator.java:375
XSLTBench.java:1, LocPathIterator.java:378
XSLTBench.java:1, AxesWalker.java:58
XSLTBench.java:1, LocPathIterator.java:836
XSLTBench.java:1, AxesWalker.java:220
XSLTBench.java:1, AxesWalker.java:221
XSLTBench.java:1, AxesWalker.java:222
XSLTBench.java:1, AxesWalker.java:223
XSLTBench.java:1, AxesWalker.java:224
XSLTBench.java:1, AxesWalker.java:225
XSLTBench.java:1, ReverseAxesWalker.java:54
XSLTBench.java:1, ReverseAxesWalker.java:55
XSLTBench.java:1, WalkingIterator.java:158
XSLTBench.java:1, WalkingIterator.java:182
XSLTBench.java:1, WalkingIterator.java:188
XSLTBench.java:1, WalkingIterator.java:193
XSLTBench.java:1, WalkingIterator.java:248
XSLTBench.java:1, ReverseAxesWalker.java:76
XSLTBench.java:1, ReverseAxesWalker.java:79
XSLTBench.java:1, ReverseAxesWalker.java:81
XSLTBench.java:1, ReverseAxesWalker.java:82
XSLTBench.java:1, PredicatedNodeTest.java:464
XSLTBench.java:1, AxesWalker.java:377
XSLTBench.java:1, AxesWalker.java:392
XSLTBench.java:1, AxesWalker.java:322
XSLTBench.java:1, AxesWalker.java:325
XSLTBench.java:1, AxesWalker.java:327
XSLTBench.java:1, AxesWalker.java:328
XSLTBench.java:1, AxesWalker.java:338
XSLTBench.java:1, AxesWalker.java:341
XSLTBench.java:1, WalkingIterator.java:237
XSLTBench.java:1, LocPathIterator.java:766
XSLTBench.java:1, LocPathIterator.java:769
XSLTBench.java:1, ReverseAxesWalker.java:65
XSLTBench.java:1, AxesWalker.java:179
XSLTBench.java:1, AxesWalker.java:180
XSLTBench.java:1, AxesWalker.java:181
XSLTBench.java:1, AxesWalker.java:182
XSLTBench.java:1, AxesWalker.java:183
XSLTBench.java:1, AxesWalker.java:274
XSLTBench.java:1, WalkingIterator.java:269
XSLTBench.java:1, LocPathIterator.java:682
XSLTBench.java:1, LocPathIterator.java:684
XSLTBench.java:1, LocPathIterator.java:685
XSLTBench.java:1, LocPathIterator.java:686
XSLTBench.java:1, LocPathIterator.java:687
XSLTBench.java:1, LocPathIterator.java:688
XSLTBench.java:1, LocPathIterator.java:689
XSLTBench.java:1, LocPathIterator.java:179
XSLTBench.java:1, FastStringBuffer.java:488
XSLTBench.java:1, FastStringBuffer.java:489
XSLTBench.java:1, FastStringBuffer.java:499
XSLTBench.java:1, FastStringBuffer.java:547
XSLTBench.java:1, FastStringBuffer.java:401
XSLTBench.java:1, ChildTestIterator.java:127
XSLTBench.java:1, BasicTestIterator.java:150
XSLTBench.java:1, BasicTestIterator.java:152
XSLTBench.java:1, BasicTestIterator.java:157
XSLTBench.java:1, AttributeIterator.java:56
XSLTBench.java:1, BasicTestIterator.java:191
XSLTBench.java:1, BasicTestIterator.java:201
XSLTBench.java:1, ChildTestIterator.java:171
XSLTBench.java:1, ChildIterator.java:86
XSLTBench.java:1, ChildIterator.java:91
XSLTBench.java:1, ChildIterator.java:98
XSLTBench.java:1, WalkingIterator.java:171
XSLTBench.java:1, ChildIterator.java:103
XSLTBench.java:1, FastStringBuffer.java:653
XSLTBench.java:1, FastStringBuffer.java:654
XSLTBench.java:1, FastStringBuffer.java:664
XSLTBench.java:1, OneStepIteratorForward.java:91
XSLTBench.java:1, BasicTestIterator.java:135
XSLTBench.java:1, BasicTestIterator.java:141
XSLTBench.java:1, OneStepIteratorForward.java:140
XSLTBench.java:1, OneStepIteratorForward.java:143
XSLTBench.java:1, BasicTestIterator.java:186
XSLTBench.java:1, BasicTestIterator.java:198
XSLTBench.java:1, AttributeIterator.java:59
XSLTBench.java:1, SAX2DTM.java:1729
XSLTBench.java:1, SAX2DTM.java:1373
XSLTBench.java:1, FilterExprWalker.java:131
XSLTBench.java:1, LocPathIterator.java:889
XSLTBench.java:1, FilterExprWalker.java:195
XSLTBench.java:1, FilterExprWalker.java:197
XSLTBench.java:1, LocPathIterator.java:772
XSLTBench.java:1, FilterExprWalker.java:117
XSLTBench.java:1, FilterExprWalker.java:115
XSLTBench.java:1, ChildTestIterator.java:83
XSLTBench.java:1, ChildTestIterator.java:95
XSLTBench.java:1, NodeSequence.java:66
XSLTBench.java:1, Lexer.java:416
XSLTBench.java:1, SuballocatedIntVector.java:390
XSLTBench.java:1, SuballocatedIntVector.java:174
XSLTBench.java:1, NodeSequence.java:137
XSLTBench.java:1, AxesWalker.java:339
XSLTBench.java:1, AxesWalker.java:368
XSLTBench.java:1, ReverseAxesWalker.java:85
XSLTBench.java:1, SerializerBase.java:1658
XSLTBench.java:1, ObjectVector.java:316
XSLTBench.java:1, SuballocatedIntVector.java:407
XSLTBench.java:1, XNumber.java:49
