Parsing trace...
Trace path: E:\traces\avrora.log <nil>
Parsing trace complete!
RACE:RippleSynchronizer.java:139, RippleSynchronizer.java:129
true false
ALL:1/1
WRDRaces:0
ValidRace
RACE:RippleSynchronizer.java:197, RippleSynchronizer.java:197
true false
ALL:2/2
WRDRaces:0
ValidRace
RACE:RippleSynchronizer.java:139, RippleSynchronizer.java:89
true false
ALL:3/21
WRDRaces:0
ValidRace
RACE:RippleSynchronizer.java:89, RippleSynchronizer.java:139
false true
ALL:4/80
WRDRaces:0
ValidRace

5000/?
10000/?
15000/?
20000/?
25000/?
30000/?
35000/?
40000/?
45000/?
50000/?
55000/?RACE:RippleSynchronizer.java:197, RippleSynchronizer.java:135
true false
ALL:5/141
WRDRaces:0
ValidRace

60000/?
65000/?
70000/?RACE:RippleSynchronizer.java:192, RippleSynchronizer.java:89
true false
ALL:6/142
WRDRaces:0
ValidRace
RACE:RippleSynchronizer.java:192, RippleSynchronizer.java:129
true false
ALL:7/143
WRDRaces:0
InvalidRace
RACE:RippleSynchronizer.java:192, RippleSynchronizer.java:139
true true
ALL:8/144
WRDRaces:0
InvalidRace
RACE:RippleSynchronizer.java:160, RippleSynchronizer.java:139
false true
ALL:9/145
WRDRaces:0
InvalidRace
RACE:Medium.java:616, Medium.java:533
true false
ALL:10/146
WRDRaces:0
ValidRace
RACE:Medium.java:246, Medium.java:631
true false
ALL:11/147
WRDRaces:0
ValidRace
RACE:Medium.java:616, Medium.java:494
true false
ALL:12/149
WRDRaces:0
InvalidRace
RACE:RippleSynchronizer.java:180, RippleSynchronizer.java:197
false true
ALL:13/152
WRDRaces:0
ValidRace
RACE:RippleSynchronizer.java:188, RippleSynchronizer.java:89
true false
ALL:14/153
WRDRaces:0
ValidRace
RACE:RippleSynchronizer.java:197, RippleSynchronizer.java:180
true false
ALL:15/154
WRDRaces:0
InvalidRace
RACE:RippleSynchronizer.java:136, RippleSynchronizer.java:89
true false
ALL:16/161
WRDRaces:0
ValidRace
RACE:RippleSynchronizer.java:136, RippleSynchronizer.java:129
true false
ALL:17/162
WRDRaces:0
InvalidRace
RACE:RippleSynchronizer.java:136, RippleSynchronizer.java:139
true true
ALL:18/163
WRDRaces:0
InvalidRace
RACE:RippleSynchronizer.java:139, RippleSynchronizer.java:139
true true
ALL:19/172
WRDRaces:0
InvalidRace
RACE:RippleSynchronizer.java:129, RippleSynchronizer.java:139
false true
ALL:20/253
WRDRaces:0
InvalidRace

75000/?
80000/?
85000/?
90000/?
95000/?
100000/?RACE:Medium.java:52, Medium.java:52
false true
ALL:21/4065
WRDRaces:0
ValidRace
RACE:RippleSynchronizer.java:188, RippleSynchronizer.java:129
true false
ALL:22/4080
WRDRaces:0
ValidRace
RACE:RippleSynchronizer.java:187, RippleSynchronizer.java:197
false true
ALL:23/4081
WRDRaces:0
ValidRace
RACE:RippleSynchronizer.java:192, RippleSynchronizer.java:160
true false
ALL:24/4082
WRDRaces:0
InvalidRace
RACE:RippleSynchronizer.java:188, RippleSynchronizer.java:139
true true
ALL:25/4159
WRDRaces:0
InvalidRace
RACE:Medium.java:606, Medium.java:533
true false
ALL:26/4198
WRDRaces:0
ValidRace
RACE:RippleSynchronizer.java:135, RippleSynchronizer.java:197
false true
ALL:27/4716
WRDRaces:0
InvalidRace
RACE:RippleSynchronizer.java:199, RippleSynchronizer.java:199
true true
ALL:28/4728
WRDRaces:0
InvalidRace

105000/?RACE:Medium.java:533, Medium.java:616
false true
ALL:29/4747
WRDRaces:0
ValidRace
RACE:RippleSynchronizer.java:139, RippleSynchronizer.java:160
true false
ALL:30/4784
WRDRaces:0
InvalidRace
RACE:RippleSynchronizer.java:136, RippleSynchronizer.java:160
true false
ALL:31/4785
WRDRaces:0
InvalidRace
RACE:RippleSynchronizer.java:136, RippleSynchronizer.java:192
true true
ALL:32/4786
WRDRaces:0
InvalidRace
RACE:RippleSynchronizer.java:197, RippleSynchronizer.java:187
true false
ALL:33/4838
WRDRaces:0
InvalidRace
RACE:RippleSynchronizer.java:139, RippleSynchronizer.java:192
true true
ALL:34/4839
WRDRaces:0
InvalidRace

110000/?
115000/?
120000/?
125000/?
130000/?
135000/?
140000/?
145000/?
150000/?
155000/?
160000/?
165000/?
170000/?
175000/?
180000/?
185000/?
190000/?
195000/?
200000/?
205000/?
210000/?
215000/?
220000/?
225000/?
230000/?
235000/?
240000/?
245000/?RACE:Medium.java:631, Medium.java:246
false true
ALL:35/53770
WRDRaces:0
ValidRace

250000/?
255000/?
260000/?
265000/?
270000/?
275000/?
280000/?
285000/?
290000/?
295000/?
300000/?
305000/?
310000/?
315000/?
320000/?
325000/?
330000/?
335000/?
340000/?
345000/?RACE:RippleSynchronizer.java:129, RippleSynchronizer.java:192
false true
ALL:36/92766
WRDRaces:0
InvalidRace

350000/?
355000/?
360000/?
365000/?
370000/?
375000/?
380000/?
385000/?
390000/?
395000/?
400000/?
405000/?
410000/?
415000/?
420000/?
425000/?
430000/?
435000/?
440000/?
445000/?
450000/?
455000/?
460000/?
465000/?
470000/?
475000/?
480000/?
485000/?
490000/?
495000/?
500000/?
505000/?
510000/?
515000/?
520000/?
525000/?
530000/?
535000/?
540000/?
545000/?
550000/?
555000/?
560000/?
565000/?
570000/?
575000/?
580000/?
585000/?
590000/?
595000/?
600000/?
605000/?
610000/?
615000/?
620000/?
625000/?RACE:SPI.java:78, SPI.java:84
true false
ALL:37/213284
WRDRaces:0
ValidRace

630000/?
635000/?
640000/?
645000/?
650000/?
655000/?
660000/?
665000/?
670000/?
675000/?
680000/?
685000/?
690000/?
695000/?
700000/?
705000/?
710000/?
715000/?
720000/?
725000/?
730000/?
735000/?
740000/?
745000/?
750000/?
755000/?
760000/?
765000/?
770000/?
775000/?
780000/?
785000/?
790000/?
795000/?
800000/?
805000/?
810000/?
815000/?
820000/?
825000/?
830000/?
835000/?
840000/?
845000/?
850000/?
855000/?
860000/?
865000/?
870000/?
875000/?
880000/?
885000/?
890000/?
895000/?
900000/?
905000/?
910000/?
915000/?
920000/?
925000/?
930000/?
935000/?
940000/?
945000/?
950000/?
955000/?
960000/?
965000/?
970000/?
975000/?
980000/?
985000/?
990000/?
995000/?
1000000/?
1005000/?
1010000/?
1015000/?
1020000/?
1025000/?
1030000/?
1035000/?
1040000/?
1045000/?
1050000/?
1055000/?
1060000/?
1065000/?
1070000/?
1075000/?
1080000/?
1085000/?
1090000/?
1095000/?
1100000/?
1105000/?
1110000/?
1115000/?
1120000/?
1125000/?
1130000/?
1135000/?
1140000/?
1145000/?
1150000/?
1155000/?
1160000/?
1165000/?
1170000/?
1175000/?
1180000/?
1185000/?
1190000/?
1195000/?
1200000/?
1205000/?
1210000/?
1215000/?
1220000/?
1225000/?
1230000/?
1235000/?
1240000/?
1245000/?
1250000/?
1255000/?
1260000/?
1265000/?
1270000/?
1275000/?
1280000/?
1285000/?
1290000/?
1295000/?
1300000/?
1305000/?
1310000/?
1315000/?
1320000/?
1325000/?
1330000/?
1335000/?
1340000/?
1345000/?
1350000/?
1355000/?
1360000/?
1365000/?
1370000/?
1375000/?
1380000/?
1385000/?
1390000/?
1395000/?
1400000/?
1405000/?
1410000/?
1415000/?
1420000/?
1425000/?
1430000/?
1435000/?
1440000/?
1445000/?
1450000/?
1455000/?
1460000/?
1465000/?
1470000/?
1475000/?
1480000/?
1485000/?
1490000/?
1495000/?
1500000/?
1505000/?
1510000/?
1515000/?
1520000/?
1525000/?
1530000/?
1535000/?
1540000/?
1545000/?
1550000/?
1555000/?
1560000/?
1565000/?
1570000/?
1575000/?
1580000/?
1585000/?
1590000/?
1595000/?
1600000/?
1605000/?
1610000/?
1615000/?
1620000/?
1625000/?
1630000/?
1635000/?
1640000/?
1645000/?
1650000/?
1655000/?
1660000/?
1665000/?
1670000/?
1675000/?
1680000/?
1685000/?
1690000/?
1695000/?
1700000/?
1705000/?
1710000/?
1715000/?
1720000/?
1725000/?
1730000/?
1735000/?
1740000/?
1745000/?
1750000/?
1755000/?
1760000/?
1765000/?
1770000/?
1775000/?
1780000/?
1785000/?
1790000/?
1795000/?
1800000/?
1805000/?
1810000/?
1815000/?
1820000/?
1825000/?
1830000/?
1835000/?
1840000/?
1845000/?
1850000/?
1855000/?
1860000/?
1865000/?
1870000/?
1875000/?
1880000/?
1885000/?
1890000/?
1895000/?
1900000/?
1905000/?
1910000/?
1915000/?
1920000/?
1925000/?
1930000/?
1935000/?
1940000/?
1945000/?
1950000/?
1955000/?
1960000/?RACE:RippleSynchronizer.java:89, RippleSynchronizer.java:192
false true
ALL:38/782975
WRDRaces:0
ValidRace

1965000/?
1970000/?
1975000/?
1980000/?
1985000/?
1990000/?
1995000/?
2000000/?
2005000/?
2010000/?
2015000/?
2020000/?
2025000/?
2030000/?
2035000/?
2040000/?
2045000/?
2050000/?
2055000/?
2060000/?
2065000/?
2070000/?
2075000/?
2080000/?
2085000/?
2090000/?
2095000/?
2100000/?
2105000/?
2110000/?
2115000/?
2120000/?
2125000/?
2130000/?
2135000/?
2140000/?
2145000/?
2150000/?
2155000/?
2160000/?
2165000/?
2170000/?
2175000/?
2180000/?
2185000/?
2190000/?
2195000/?
2200000/?
2205000/?
2210000/?
2215000/?
2220000/?
2225000/?
2230000/?
2235000/?
2240000/?
2245000/?
2250000/?
2255000/?
2260000/?
2265000/?
2270000/?
2275000/?
2280000/?
2285000/?
2290000/?
2295000/?
2300000/?
2305000/?
2310000/?
2315000/?
2320000/?
2325000/?
2330000/?
2335000/?
2340000/?
2345000/?
2350000/?
2355000/?
2360000/?
2365000/?
2370000/?
2375000/?
2380000/?
2385000/?
2390000/?
2395000/?
2400000/?
2405000/?
2410000/?
2415000/?
2420000/?
2425000/?
2430000/?
2435000/?
2440000/?
2445000/?
2450000/?
2455000/?
2460000/?
2465000/?
2470000/?
2475000/?
2480000/?
2485000/?
2490000/?
2495000/?
2500000/?
2505000/?
2510000/?
2515000/?
2520000/?
2525000/?
2530000/?
2535000/?
2540000/?
2545000/?
2550000/?
2555000/?
2560000/?
2565000/?
2570000/?
2575000/?
2580000/?
2585000/?
2590000/?
2595000/?
2600000/?
2605000/?
2610000/?
2615000/?
2620000/?
2625000/?
2630000/?
2635000/?
2640000/?
2645000/?
2650000/?
2655000/?
2660000/?
2665000/?
2670000/?
2675000/?
2680000/?
2685000/?
2690000/?
2695000/?
2700000/?
2705000/?
2710000/?
2715000/?
2720000/?
2725000/?
2730000/?
2735000/?
2740000/?
2745000/?
2750000/?
2755000/?
2760000/?
2765000/?
2770000/?
2775000/?
2780000/?
2785000/?
2790000/?
2795000/?
2800000/?
2805000/?
2810000/?
2815000/?
2820000/?
2825000/?
2830000/?
2835000/?
2840000/?
2845000/?
2850000/?
2855000/?
2860000/?
2865000/?
2870000/?
2875000/?
2880000/?
2885000/?
2890000/?
2895000/?
2900000/?
2905000/?
2910000/?
2915000/?
2920000/?
2925000/?
2930000/?
2935000/?
2940000/?
2945000/?
2950000/?
2955000/?
2960000/?
2965000/?
2970000/?
2975000/?
2980000/?
2985000/?
2990000/?
2995000/?
3000000/?
3005000/?
3010000/?
3015000/?
3020000/?
3025000/?
3030000/?
3035000/?
3040000/?
3045000/?
3050000/?
3055000/?
3060000/?
3065000/?
3070000/?
3075000/?
3080000/?
3085000/?
3090000/?
3095000/?
3100000/?
3105000/?
3110000/?
3115000/?
3120000/?
3125000/?
3130000/?
3135000/?
3140000/?
3145000/?
3150000/?
3155000/?
3160000/?
3165000/?
3170000/?
3175000/?
3180000/?
3185000/?
3190000/?
3195000/?
3200000/?
3205000/?
3210000/?
3215000/?
3220000/?
3225000/?
3230000/?
3235000/?
3240000/?
3245000/?
3250000/?
3255000/?
3260000/?
3265000/?
3270000/?
3275000/?
3280000/?
3285000/?
3290000/?
3295000/?
3300000/?
3305000/?
3310000/?
3315000/?
3320000/?
3325000/?
3330000/?
3335000/?
3340000/?
3345000/?
3350000/?
3355000/?
3360000/?
3365000/?
3370000/?
3375000/?
3380000/?
3385000/?
3390000/?
3395000/?
3400000/?
3405000/?
3410000/?
3415000/?
3420000/?
3425000/?
3430000/?
3435000/?
3440000/?
3445000/?
3450000/?
3455000/?
3460000/?
3465000/?
3470000/?
3475000/?
3480000/?
3485000/?
3490000/?
3495000/?
3500000/?
3505000/?
3510000/?
3515000/?
3520000/?
3525000/?
3530000/?
3535000/?
3540000/?
3545000/?
3550000/?
3555000/?
3560000/?
3565000/?
3570000/?
3575000/?
3580000/?
3585000/?
3590000/?
3595000/?
3600000/?
3605000/?
3610000/?
3615000/?
3620000/?
3625000/?
3630000/?
3635000/?
3640000/?
3645000/?
3650000/?
3655000/?
3660000/?
3665000/?
3670000/?
3675000/?
3680000/?
3685000/?
3690000/?
3695000/?
3700000/?
3705000/?
3710000/?
3715000/?
3720000/?
3725000/?
3730000/?
3735000/?
3740000/?
3745000/?
3750000/?
3755000/?
3760000/?
3765000/?
3770000/?
3775000/?
3780000/?
3785000/?
3790000/?
3795000/?
3800000/?
3805000/?
3810000/?
3815000/?
3820000/?
3825000/?
3830000/?
3835000/?
3840000/?
3845000/?
3850000/?
3855000/?
3860000/?
3865000/?
3870000/?
3875000/?
3880000/?
3885000/?
3890000/?
3895000/?
3900000/?
3905000/?
3910000/?
3915000/?
3920000/?
3925000/?
3930000/?
3935000/?
3940000/?
3945000/?
3950000/?
3955000/?
3960000/?
3965000/?
3970000/?
3975000/?
3980000/?
3985000/?
3990000/?
3995000/?
4000000/?
4005000/?
4010000/?
4015000/?
4020000/?
4025000/?
4030000/?
4035000/?
4040000/?
4045000/?
4050000/?
4055000/?
4060000/?
4065000/?
4070000/?
4075000/?
4080000/?
4085000/?
4090000/?
4095000/?
4100000/?
4105000/?
4110000/?
4115000/?
4120000/?
4125000/?
4130000/?
4135000/?
4140000/?
4145000/?
4150000/?
4155000/?
4160000/?
4165000/?
4170000/?
4175000/?
4180000/?
4185000/?
4190000/?
4195000/?
4200000/?
4205000/?
4210000/?
4215000/?
4220000/?
4225000/?
4230000/?
4235000/?
4240000/?
4245000/?
4250000/?
4255000/?
4260000/?
4265000/?
4270000/?
4275000/?
4280000/?
4285000/?
4290000/?
4295000/?
4300000/?
4305000/?
4310000/?
4315000/?
4320000/?
4325000/?
4330000/?
4335000/?
4340000/?
4345000/?
4350000/?
4355000/?
4360000/?
4365000/?
4370000/?
4375000/?
4380000/?
4385000/?
4390000/?
4395000/?
4400000/?
4405000/?
4410000/?
4415000/?
4420000/?
4425000/?
4430000/?
4435000/?
4440000/?
4445000/?
4450000/?
4455000/?
4460000/?
4465000/?
4470000/?
4475000/?
4480000/?
4485000/?
4490000/?
4495000/?
4500000/?
4505000/?
4510000/?
4515000/?
4520000/?
4525000/?
4530000/?
4535000/?
4540000/?
4545000/?
4550000/?
4555000/?
4560000/?
4565000/?
4570000/?
4575000/?
4580000/?
4585000/?
4590000/?
4595000/?
4600000/?
4605000/?
4610000/?
4615000/?
4620000/?
4625000/?
4630000/?
4635000/?
4640000/?
4645000/?
4650000/?
4655000/?
4660000/?
4665000/?
4670000/?
4675000/?
4680000/?
4685000/?
4690000/?
4695000/?
4700000/?
4705000/?
4710000/?
4715000/?
4720000/?
4725000/?
4730000/?
4735000/?
4740000/?
4745000/?
4750000/?
4755000/?
4760000/?
4765000/?
4770000/?
4775000/?
4780000/?
4785000/?
4790000/?
4795000/?RACE:RippleSynchronizer.java:188, RippleSynchronizer.java:160
true false
ALL:39/1992774
WRDRaces:0
InvalidRace
RACE:RippleSynchronizer.java:188, RippleSynchronizer.java:192
true true
ALL:40/1992775
WRDRaces:0
InvalidRace

4800000/?
4805000/?
4810000/?
4815000/?
4820000/?
4825000/?
4830000/?
4835000/?
4840000/?
4845000/?
4850000/?
4855000/?
4860000/?
4865000/?
4870000/?
4875000/?
4880000/?
4885000/?
4890000/?
4895000/?
4900000/?
4905000/?
4910000/?
4915000/?
4920000/?
4925000/?
4930000/?
4935000/?
4940000/?
4945000/?
4950000/?
4955000/?
4960000/?
4965000/?
4970000/?
4975000/?
4980000/?
4985000/?
4990000/?
4995000/?
5000000/?
5005000/?
5010000/?
5015000/?
5020000/?
5025000/?
5030000/?
5035000/?
5040000/?
5045000/?
5050000/?
5055000/?
5060000/?
5065000/?
5070000/?
5075000/?
5080000/?
5085000/?
5090000/?
5095000/?
5100000/?
5105000/?
5110000/?
5115000/?
5120000/?
5125000/?
5130000/?
5135000/?
5140000/?
5145000/?
5150000/?
5155000/?
5160000/?
5165000/?
5170000/?
5175000/?
5180000/?
5185000/?
5190000/?
5195000/?
5200000/?
5205000/?
5210000/?
5215000/?
5220000/?
5225000/?
5230000/?
5235000/?
5240000/?
5245000/?
5250000/?
5255000/?
5260000/?
5265000/?
5270000/?
5275000/?
5280000/?
5285000/?
5290000/?
5295000/?
5300000/?
5305000/?
5310000/?
5315000/?
5320000/?
5325000/?
5330000/?
5335000/?
5340000/?
5345000/?
5350000/?
5355000/?
5360000/?
5365000/?
5370000/?
5375000/?
5380000/?
5385000/?
5390000/?
5395000/?
5400000/?
5405000/?
5410000/?
5415000/?
5420000/?
5425000/?
5430000/?
5435000/?
5440000/?
5445000/?
5450000/?
5455000/?
5460000/?
5465000/?
5470000/?
5475000/?
5480000/?
5485000/?
5490000/?
5495000/?
5500000/?
5505000/?
5510000/?
5515000/?
5520000/?
5525000/?
5530000/?
5535000/?
5540000/?
5545000/?
5550000/?
5555000/?
5560000/?
5565000/?
5570000/?
5575000/?
5580000/?
5585000/?
5590000/?
5595000/?
5600000/?
5605000/?
5610000/?
5615000/?
5620000/?
5625000/?
5630000/?
5635000/?
5640000/?
5645000/?
5650000/?
5655000/?
5660000/?
5665000/?
5670000/?
5675000/?
5680000/?
5685000/?
5690000/?
5695000/?
5700000/?
5705000/?
5710000/?
5715000/?
5720000/?
5725000/?
5730000/?
5735000/?
5740000/?
5745000/?
5750000/?
5755000/?
5760000/?
5765000/?
5770000/?
5775000/?
5780000/?
5785000/?
5790000/?
5795000/?
5800000/?
5805000/?
5810000/?
5815000/?
5820000/?
5825000/?
5830000/?
5835000/?
5840000/?
5845000/?
5850000/?
5855000/?
5860000/?
5865000/?
5870000/?
5875000/?
5880000/?
5885000/?
5890000/?
5895000/?
5900000/?
5905000/?
5910000/?
5915000/?
5920000/?
5925000/?
5930000/?
5935000/?
5940000/?
5945000/?
5950000/?
5955000/?
5960000/?
5965000/?
5970000/?
5975000/?
5980000/?
5985000/?
5990000/?
5995000/?
6000000/?
6005000/?
6010000/?
6015000/?
6020000/?
6025000/?
6030000/?
6035000/?
6040000/?
6045000/?
6050000/?
6055000/?
6060000/?
6065000/?
6070000/?
6075000/?
6080000/?
6085000/?
6090000/?
6095000/?
6100000/?
6105000/?
6110000/?
6115000/?
6120000/?
6125000/?
6130000/?
6135000/?
6140000/?
6145000/?
6150000/?
6155000/?
6160000/?
6165000/?
6170000/?
6175000/?
6180000/?
6185000/?
6190000/?
6195000/?
6200000/?
6205000/?
6210000/?
6215000/?
6220000/?
6225000/?
6230000/?
6235000/?
6240000/?
6245000/?
6250000/?
6255000/?
6260000/?
6265000/?
6270000/?
6275000/?
6280000/?
6285000/?
6290000/?
6295000/?
6300000/?
6305000/?
6310000/?
6315000/?
6320000/?
6325000/?
6330000/?
6335000/?
6340000/?
6345000/?
6350000/?
6355000/?
6360000/?
6365000/?
6370000/?
6375000/?
6380000/?
6385000/?
6390000/?
6395000/?
6400000/?
6405000/?
6410000/?
6415000/?
6420000/?
6425000/?
6430000/?
6435000/?
6440000/?
6445000/?
6450000/?
6455000/?
6460000/?
6465000/?
6470000/?
6475000/?
6480000/?
6485000/?
6490000/?
6495000/?
6500000/?
6505000/?
6510000/?
6515000/?
6520000/?
6525000/?
6530000/?
6535000/?
6540000/?
6545000/?
6550000/?
6555000/?
6560000/?
6565000/?
6570000/?
6575000/?
6580000/?
6585000/?
6590000/?
6595000/?
6600000/?
6605000/?
6610000/?
6615000/?
6620000/?
6625000/?
6630000/?
6635000/?
6640000/?
6645000/?
6650000/?
6655000/?
6660000/?
6665000/?
6670000/?
6675000/?
6680000/?
6685000/?
6690000/?
6695000/?
6700000/?
6705000/?
6710000/?
6715000/?
6720000/?
6725000/?
6730000/?
6735000/?
6740000/?
6745000/?
6750000/?
6755000/?
6760000/?
6765000/?
6770000/?
6775000/?
6780000/?
6785000/?
6790000/?
6795000/?
6800000/?
6805000/?
6810000/?
6815000/?
6820000/?
6825000/?
6830000/?
6835000/?
6840000/?
6845000/?
6850000/?
6855000/?
6860000/?
6865000/?
6870000/?
6875000/?
6880000/?
6885000/?
6890000/?
6895000/?
6900000/?
6905000/?
6910000/?
6915000/?
6920000/?
6925000/?
6930000/?
6935000/?
6940000/?
6945000/?
6950000/?
6955000/?
6960000/?
6965000/?
6970000/?
6975000/?
6980000/?
6985000/?
6990000/?
6995000/?
7000000/?
7005000/?
7010000/?
7015000/?
7020000/?
7025000/?
7030000/?
7035000/?
7040000/?
7045000/?
7050000/?
7055000/?
7060000/?
7065000/?
7070000/?
7075000/?
7080000/?
7085000/?
7090000/?
7095000/?
7100000/?
7105000/?
7110000/?
7115000/?
7120000/?
7125000/?
7130000/?
7135000/?
7140000/?
7145000/?
7150000/?
7155000/?
7160000/?
7165000/?
7170000/?
7175000/?
7180000/?
7185000/?
7190000/?
7195000/?
7200000/?
7205000/?
7210000/?
7215000/?
7220000/?
7225000/?
7230000/?
7235000/?
7240000/?
7245000/?
7250000/?
7255000/?
7260000/?
7265000/?
7270000/?
7275000/?
7280000/?
7285000/?
7290000/?
7295000/?
7300000/?
7305000/?
7310000/?
7315000/?
7320000/?
7325000/?
7330000/?
7335000/?
7340000/?
7345000/?
7350000/?
7355000/?
7360000/?
7365000/?
7370000/?
7375000/?
7380000/?
7385000/?
7390000/?
7395000/?
7400000/?
7405000/?
7410000/?
7415000/?
7420000/?
7425000/?
7430000/?
7435000/?
7440000/?
7445000/?
7450000/?
7455000/?
7460000/?
7465000/?
7470000/?
7475000/?
7480000/?
7485000/?
7490000/?
7495000/?
7500000/?
7505000/?
7510000/?
7515000/?
7520000/?
7525000/?
7530000/?
7535000/?
7540000/?
7545000/?
7550000/?
7555000/?
7560000/?
7565000/?
7570000/?
7575000/?
7580000/?
7585000/?
7590000/?
7595000/?
7600000/?
7605000/?
7610000/?
7615000/?
7620000/?
7625000/?
7630000/?
7635000/?
7640000/?
7645000/?
7650000/?
7655000/?
7660000/?
7665000/?
7670000/?
7675000/?
7680000/?
7685000/?
7690000/?
7695000/?
7700000/?
7705000/?
7710000/?
7715000/?
7720000/?
7725000/?
7730000/?
7735000/?
7740000/?
7745000/?
7750000/?
7755000/?
7760000/?
7765000/?
7770000/?
7775000/?
7780000/?
7785000/?
7790000/?
7795000/?
7800000/?
7805000/?
7810000/?
7815000/?
7820000/?
7825000/?
7830000/?
7835000/?
7840000/?
7845000/?
7850000/?
7855000/?
7860000/?
7865000/?
7870000/?
7875000/?
7880000/?
7885000/?
7890000/?
7895000/?
7900000/?
7905000/?
7910000/?
7915000/?
7920000/?
7925000/?
7930000/?
7935000/?
7940000/?
7945000/?
7950000/?
7955000/?
7960000/?
7965000/?
7970000/?
7975000/?
7980000/?
7985000/?
7990000/?
7995000/?
8000000/?
8005000/?
8010000/?
8015000/?
8020000/?
8025000/?
8030000/?
8035000/?
8040000/?
8045000/?
8050000/?
8055000/?
8060000/?
8065000/?
8070000/?
8075000/?
8080000/?
8085000/?
8090000/?
8095000/?
8100000/?
8105000/?
8110000/?
8115000/?
8120000/?
8125000/?
8130000/?
8135000/?
8140000/?
8145000/?
8150000/?
8155000/?
8160000/?
8165000/?
8170000/?
8175000/?
8180000/?
8185000/?
8190000/?
8195000/?
8200000/?
8205000/?
8210000/?
8215000/?
8220000/?
8225000/?
8230000/?
8235000/?
8240000/?
8245000/?
8250000/?
8255000/?
8260000/?
8265000/?
8270000/?
8275000/?
8280000/?
8285000/?
8290000/?
8295000/?
8300000/?
8305000/?
8310000/?
8315000/?
8320000/?
8325000/?
8330000/?
8335000/?
8340000/?
8345000/?
8350000/?
8355000/?
8360000/?
8365000/?
8370000/?
8375000/?
8380000/?
8385000/?
8390000/?
8395000/?
8400000/?
8405000/?
8410000/?
8415000/?
8420000/?
8425000/?
8430000/?
8435000/?
8440000/?
8445000/?
8450000/?
8455000/?
8460000/?
8465000/?
8470000/?
8475000/?
8480000/?
8485000/?
8490000/?
8495000/?
8500000/?
8505000/?
8510000/?
8515000/?
8520000/?
8525000/?
8530000/?
8535000/?
8540000/?
8545000/?
8550000/?
8555000/?
8560000/?
8565000/?
8570000/?
8575000/?
8580000/?
8585000/?
8590000/?
8595000/?
8600000/?
8605000/?
8610000/?
8615000/?
8620000/?
8625000/?
8630000/?
8635000/?
8640000/?
8645000/?
8650000/?
8655000/?
8660000/?
8665000/?
8670000/?
8675000/?
8680000/?
8685000/?
8690000/?
8695000/?
8700000/?
8705000/?
8710000/?
8715000/?
8720000/?
8725000/?
8730000/?
8735000/?
8740000/?
8745000/?
8750000/?
8755000/?
8760000/?
8765000/?
8770000/?
8775000/?
8780000/?
8785000/?
8790000/?
8795000/?
8800000/?
8805000/?
8810000/?
8815000/?
8820000/?
8825000/?
8830000/?
8835000/?
8840000/?
8845000/?
8850000/?
8855000/?
8860000/?
8865000/?
8870000/?
8875000/?
8880000/?
8885000/?
8890000/?
8895000/?
8900000/?
8905000/?
8910000/?
8915000/?
8920000/?
8925000/?
8930000/?
8935000/?
8940000/?
8945000/?
8950000/?
8955000/?
8960000/?
8965000/?
8970000/?
8975000/?
8980000/?
8985000/?
8990000/?
8995000/?
9000000/?
9005000/?
9010000/?
9015000/?
9020000/?
9025000/?
9030000/?
9035000/?
9040000/?
9045000/?
9050000/?
9055000/?
9060000/?
9065000/?
9070000/?
9075000/?
9080000/?
9085000/?
9090000/?
9095000/?
9100000/?
9105000/?
9110000/?
9115000/?
9120000/?
9125000/?
9130000/?
9135000/?
9140000/?
9145000/?
9150000/?
9155000/?
9160000/?
9165000/?
9170000/?
9175000/?
9180000/?
9185000/?
9190000/?
9195000/?
9200000/?
9205000/?
9210000/?
9215000/?
9220000/?
9225000/?
9230000/?
9235000/?
9240000/?
9245000/?
9250000/?
9255000/?
9260000/?
9265000/?
9270000/?
9275000/?
9280000/?
9285000/?
9290000/?
9295000/?
9300000/?
9305000/?
9310000/?
9315000/?
9320000/?
9325000/?
9330000/?
9335000/?
9340000/?
9345000/?
9350000/?
9355000/?
9360000/?
9365000/?
9370000/?
9375000/?
9380000/?
9385000/?
9390000/?
9395000/?
9400000/?
9405000/?
9410000/?
9415000/?
9420000/?
9425000/?
9430000/?
9435000/?
9440000/?
9445000/?
9450000/?
9455000/?
9460000/?
9465000/?
9470000/?
9475000/?
9480000/?
9485000/?
9490000/?
9495000/?
9500000/?
9505000/?
9510000/?
9515000/?
9520000/?
9525000/?
9530000/?
9535000/?
9540000/?
9545000/?
9550000/?
9555000/?
9560000/?
9565000/?
9570000/?
9575000/?
9580000/?
9585000/?
9590000/?
9595000/?
9600000/?
9605000/?
9610000/?
9615000/?
9620000/?
9625000/?
9630000/?
9635000/?
9640000/?
9645000/?
9650000/?
9655000/?
9660000/?
9665000/?
9670000/?
9675000/?
9680000/?
9685000/?
9690000/?
9695000/?
9700000/?
9705000/?
9710000/?
9715000/?
9720000/?
9725000/?
9730000/?
9735000/?
9740000/?
9745000/?
9750000/?
9755000/?
9760000/?
9765000/?
9770000/?
9775000/?
9780000/?
9785000/?
9790000/?
9795000/?
9800000/?
9805000/?
9810000/?
9815000/?
9820000/?
9825000/?
9830000/?
9835000/?
9840000/?
9845000/?
9850000/?
9855000/?
9860000/?
9865000/?
9870000/?
9875000/?
9880000/?
9885000/?
9890000/?
9895000/?
9900000/?
9905000/?
9910000/?
9915000/?
9920000/?
9925000/?
9930000/?
9935000/?
9940000/?
9945000/?
9950000/?
9955000/?
9960000/?
9965000/?
9970000/?
9975000/?
9980000/?
9985000/?
9990000/?
9995000/?
10000000/?
10005000/?
10010000/?
10015000/?
10020000/?
10025000/?
10030000/?
10035000/?
10040000/?
10045000/?
10050000/?
10055000/?
10060000/?
10065000/?
10070000/?
10075000/?
10080000/?
10085000/?
10090000/?
10095000/?
10100000/?
10105000/?
10110000/?
10115000/?
10120000/?
10125000/?
10130000/?
10135000/?
10140000/?
10145000/?
10150000/?
10155000/?
10160000/?
10165000/?
10170000/?
10175000/?
10180000/?
10185000/?
10190000/?
10195000/?
10200000/?
10205000/?
10210000/?
10215000/?
10220000/?
10225000/?
10230000/?
10235000/?
10240000/?
10245000/?
10250000/?
10255000/?
10260000/?
10265000/?
10270000/?
10275000/?
10280000/?
10285000/?
10290000/?
10295000/?
10300000/?
10305000/?
10310000/?
10315000/?
10320000/?
10325000/?
10330000/?
10335000/?
10340000/?
10345000/?
10350000/?
10355000/?
10360000/?
10365000/?
10370000/?
10375000/?
10380000/?
10385000/?
10390000/?
10395000/?
10400000/?
10405000/?
10410000/?
10415000/?
10420000/?
10425000/?
10430000/?
10435000/?
10440000/?
10445000/?
10450000/?
10455000/?
10460000/?
10465000/?
10470000/?
10475000/?
10480000/?
10485000/?
10490000/?
10495000/?
10500000/?
10505000/?
10510000/?
10515000/?
10520000/?
10525000/?
10530000/?
10535000/?
10540000/?
10545000/?
10550000/?
10555000/?
10560000/?
10565000/?
10570000/?
10575000/?
10580000/?
10585000/?
10590000/?
10595000/?
10600000/?
10605000/?
10610000/?
10615000/?
10620000/?
10625000/?
10630000/?
10635000/?
10640000/?
10645000/?
10650000/?
10655000/?
10660000/?
10665000/?
10670000/?
10675000/?
10680000/?
10685000/?
10690000/?
10695000/?
10700000/?
10705000/?
10710000/?
10715000/?
10720000/?
10725000/?
10730000/?
10735000/?
10740000/?
10745000/?
10750000/?
10755000/?
10760000/?
10765000/?
10770000/?
10775000/?
10780000/?
10785000/?
10790000/?
10795000/?
10800000/?
10805000/?
10810000/?
10815000/?
10820000/?
10825000/?
10830000/?
10835000/?
10840000/?
10845000/?
10850000/?
10855000/?
10860000/?
10865000/?
10870000/?
10875000/?
10880000/?
10885000/?
10890000/?
10895000/?
10900000/?
10905000/?
10910000/?
10915000/?
10920000/?
10925000/?
10930000/?
10935000/?
10940000/?
10945000/?
10950000/?
10955000/?
10960000/?
10965000/?
10970000/?
10975000/?
10980000/?
10985000/?
10990000/?
10995000/?
11000000/?
11005000/?
11010000/?
11015000/?
11020000/?
11025000/?
11030000/?
11035000/?
11040000/?
11045000/?
11050000/?
11055000/?
11060000/?
11065000/?
11070000/?
11075000/?
11080000/?
11085000/?
11090000/?
11095000/?
11100000/?
11105000/?
11110000/?
11115000/?
11120000/?
11125000/?
11130000/?
11135000/?
11140000/?
11145000/?
11150000/?
11155000/?
11160000/?
11165000/?
11170000/?
11175000/?
11180000/?
11185000/?
11190000/?
11195000/?
11200000/?
11205000/?
11210000/?
11215000/?
11220000/?
11225000/?
11230000/?
11235000/?
11240000/?
11245000/?
11250000/?
11255000/?
11260000/?
11265000/?
11270000/?
11275000/?
11280000/?
11285000/?
11290000/?
11295000/?
11300000/?
11305000/?
11310000/?
11315000/?
11320000/?
11325000/?
11330000/?
11335000/?
11340000/?
11345000/?
11350000/?
11355000/?
11360000/?
11365000/?
11370000/?
11375000/?
11380000/?
11385000/?
11390000/?
11395000/?
11400000/?
11405000/?
11410000/?
11415000/?
11420000/?
11425000/?
11430000/?
11435000/?
11440000/?
11445000/?
11450000/?
11455000/?
11460000/?
11465000/?
11470000/?
11475000/?
11480000/?
11485000/?
11490000/?
11495000/?
11500000/?
11505000/?
11510000/?
11515000/?
11520000/?
11525000/?
11530000/?
11535000/?
11540000/?
11545000/?
11550000/?
11555000/?
11560000/?
11565000/?
11570000/?
11575000/?
11580000/?
11585000/?
11590000/?
11595000/?
11600000/?
11605000/?
11610000/?
11615000/?
11620000/?
11625000/?
11630000/?
11635000/?
11640000/?
11645000/?
11650000/?
11655000/?
11660000/?
11665000/?
11670000/?
11675000/?
11680000/?
11685000/?
11690000/?
11695000/?
11700000/?
11705000/?
11710000/?
11715000/?
11720000/?
11725000/?
11730000/?
11735000/?
11740000/?
11745000/?
11750000/?
11755000/?
11760000/?
11765000/?
11770000/?
11775000/?
11780000/?
11785000/?
11790000/?
11795000/?
11800000/?
11805000/?
11810000/?
11815000/?
11820000/?
11825000/?
11830000/?
11835000/?
11840000/?
11845000/?
11850000/?
11855000/?
11860000/?
11865000/?
11870000/?
11875000/?
11880000/?
11885000/?
11890000/?
11895000/?
11900000/?
11905000/?
11910000/?
11915000/?
11920000/?
11925000/?
11930000/?
11935000/?
11940000/?
11945000/?
11950000/?
11955000/?
11960000/?
11965000/?
11970000/?
11975000/?
11980000/?
11985000/?
11990000/?
11995000/?
12000000/?
12005000/?
12010000/?
12015000/?
12020000/?
12025000/?
12030000/?
12035000/?
12040000/?
12045000/?
12050000/?
12055000/?
12060000/?
12065000/?
12070000/?
12075000/?
12080000/?
12085000/?
12090000/?
12095000/?
12100000/?
12105000/?
12110000/?
12115000/?
12120000/?
12125000/?
12130000/?
12135000/?
12140000/?
12145000/?
12150000/?
12155000/?
12160000/?
12165000/?
12170000/?
12175000/?
12180000/?
12185000/?
12190000/?
12195000/?
12200000/?
12205000/?
12210000/?
12215000/?
12220000/?
12225000/?
12230000/?
12235000/?
12240000/?
12245000/?
12250000/?
12255000/?
12260000/?
12265000/?
12270000/?
12275000/?
12280000/?
12285000/?
12290000/?
12295000/?
12300000/?
12305000/?
12310000/?
12315000/?
12320000/?
12325000/?
12330000/?
12335000/?
12340000/?
12345000/?
12350000/?
12355000/?
12360000/?
12365000/?
12370000/?
12375000/?
12380000/?
12385000/?
12390000/?
12395000/?
12400000/?
12405000/?
12410000/?
12415000/?
12420000/?
12425000/?
12430000/?
12435000/?
12440000/?
12445000/?
12450000/?
12455000/?
12460000/?
12465000/?
12470000/?
12475000/?
12480000/?
12485000/?
12490000/?
12495000/?
12500000/?
12505000/?
12510000/?
12515000/?
12520000/?
12525000/?
12530000/?
12535000/?
12540000/?
12545000/?
12550000/?
12555000/?
12560000/?
12565000/?
12570000/?
12575000/?
12580000/?
12585000/?
12590000/?
12595000/?
12600000/?
12605000/?
12610000/?
12615000/?
12620000/?
12625000/?
12630000/?
12635000/?
12640000/?
12645000/?
12650000/?
12655000/?
12660000/?
12665000/?
12670000/?
12675000/?
12680000/?
12685000/?
12690000/?
12695000/?
12700000/?
12705000/?
12710000/?
12715000/?
12720000/?
12725000/?
12730000/?
12735000/?
12740000/?
12745000/?
12750000/?
12755000/?
12760000/?
12765000/?
12770000/?
12775000/?
12780000/?
12785000/?
12790000/?
12795000/?
12800000/?
12805000/?
12810000/?
12815000/?
12820000/?
12825000/?
12830000/?
12835000/?
12840000/?
12845000/?
12850000/?
12855000/?
12860000/?
12865000/?
12870000/?
12875000/?
12880000/?
12885000/?
12890000/?
12895000/?
12900000/?
12905000/?
12910000/?
12915000/?
12920000/?
12925000/?
12930000/?
12935000/?
12940000/?
12945000/?
12950000/?
12955000/?
12960000/?
12965000/?
12970000/?
12975000/?
12980000/?
12985000/?
12990000/?
12995000/?
13000000/?
13005000/?
13010000/?
13015000/?
13020000/?
13025000/?
13030000/?
13035000/?
13040000/?
13045000/?
13050000/?
13055000/?
13060000/?
13065000/?
13070000/?
13075000/?
13080000/?
13085000/?
13090000/?
13095000/?
13100000/?
13105000/?
13110000/?
13115000/?
13120000/?
13125000/?
13130000/?
13135000/?
13140000/?
13145000/?
13150000/?
13155000/?
13160000/?
13165000/?
13170000/?
13175000/?
13180000/?
13185000/?
13190000/?
13195000/?
13200000/?
13205000/?
13210000/?
13215000/?
13220000/?
13225000/?
13230000/?
13235000/?
13240000/?
13245000/?
13250000/?
13255000/?
13260000/?
13265000/?
13270000/?
13275000/?
13280000/?
13285000/?
13290000/?
13295000/?
13300000/?
13305000/?
13310000/?
13315000/?
13320000/?
13325000/?
13330000/?
13335000/?
13340000/?
13345000/?
13350000/?
13355000/?
13360000/?
13365000/?
13370000/?
13375000/?
13380000/?
13385000/?
13390000/?
13395000/?
13400000/?
13405000/?
13410000/?
13415000/?
13420000/?
13425000/?
13430000/?
13435000/?
13440000/?
13445000/?
13450000/?
13455000/?
13460000/?
13465000/?
13470000/?
13475000/?
13480000/?
13485000/?
13490000/?
13495000/?
13500000/?
13505000/?
13510000/?
13515000/?
13520000/?
13525000/?
13530000/?
13535000/?
13540000/?
13545000/?
13550000/?
13555000/?
13560000/?
13565000/?
13570000/?
13575000/?
13580000/?
13585000/?
13590000/?
13595000/?
13600000/?
13605000/?
13610000/?
13615000/?
13620000/?
13625000/?
13630000/?
13635000/?
13640000/?
13645000/?
13650000/?
13655000/?
13660000/?
13665000/?
13670000/?
13675000/?
13680000/?
13685000/?
13690000/?
13695000/?
13700000/?
13705000/?
13710000/?
13715000/?
13720000/?
13725000/?
13730000/?
13735000/?
13740000/?
13745000/?
13750000/?
13755000/?
13760000/?
13765000/?
13770000/?
13775000/?
13780000/?
13785000/?
13790000/?
13795000/?
13800000/?
13805000/?
13810000/?
13815000/?
13820000/?
13825000/?
13830000/?
13835000/?
13840000/?
13845000/?
13850000/?
13855000/?
13860000/?
13865000/?
13870000/?
13875000/?
13880000/?
13885000/?
13890000/?
13895000/?
13900000/?
13905000/?
13910000/?
13915000/?
13920000/?
13925000/?
13930000/?
13935000/?
13940000/?
13945000/?
13950000/?
13955000/?
13960000/?
13965000/?
13970000/?
13975000/?
13980000/?
13985000/?
13990000/?
13995000/?
14000000/?
14005000/?
14010000/?
14015000/?
14020000/?
14025000/?
14030000/?
14035000/?
14040000/?
14045000/?
14050000/?
14055000/?
14060000/?
14065000/?
14070000/?
14075000/?
14080000/?
14085000/?
14090000/?
14095000/?
14100000/?
14105000/?
14110000/?
14115000/?
14120000/?
14125000/?
14130000/?
14135000/?
14140000/?
14145000/?
14150000/?
14155000/?
14160000/?
14165000/?
14170000/?
14175000/?
14180000/?
14185000/?
14190000/?
14195000/?
14200000/?
14205000/?
14210000/?
14215000/?
14220000/?
14225000/?
14230000/?
14235000/?
14240000/?
14245000/?
14250000/?
14255000/?
14260000/?
14265000/?
14270000/?
14275000/?
14280000/?
14285000/?
14290000/?
14295000/?
14300000/?
14305000/?
14310000/?
14315000/?
14320000/?
14325000/?
14330000/?
14335000/?
14340000/?
14345000/?
14350000/?
14355000/?
14360000/?
14365000/?
14370000/?
14375000/?
14380000/?
14385000/?
14390000/?
14395000/?
14400000/?
14405000/?
14410000/?
14415000/?
14420000/?
14425000/?
14430000/?
14435000/?
14440000/?
14445000/?
14450000/?
14455000/?
14460000/?
14465000/?
14470000/?
14475000/?
14480000/?
14485000/?
14490000/?
14495000/?
14500000/?
14505000/?
14510000/?
14515000/?
14520000/?
14525000/?
14530000/?
14535000/?
14540000/?
14545000/?
14550000/?
14555000/?
14560000/?
14565000/?
14570000/?
14575000/?
14580000/?
14585000/?
14590000/?
14595000/?
14600000/?
14605000/?
14610000/?
14615000/?
14620000/?
14625000/?
14630000/?
14635000/?
14640000/?
14645000/?
14650000/?
14655000/?
14660000/?
14665000/?
14670000/?
14675000/?
14680000/?
14685000/?
14690000/?
14695000/?
14700000/?
14705000/?
14710000/?
14715000/?
14720000/?
14725000/?
14730000/?
14735000/?
14740000/?
14745000/?
14750000/?
14755000/?
14760000/?
14765000/?
14770000/?
14775000/?
14780000/?
14785000/?
14790000/?
14795000/?
14800000/?
14805000/?
14810000/?
14815000/?
14820000/?
14825000/?
14830000/?
14835000/?
14840000/?
14845000/?
14850000/?
14855000/?
14860000/?
14865000/?
14870000/?
14875000/?
14880000/?
14885000/?
14890000/?
14895000/?
14900000/?
14905000/?
14910000/?
14915000/?
14920000/?
14925000/?
14930000/?
14935000/?
14940000/?
14945000/?
14950000/?
14955000/?
14960000/?
14965000/?
14970000/?
14975000/?
14980000/?
14985000/?
14990000/?
14995000/?
15000000/?
15005000/?
15010000/?
15015000/?
15020000/?
15025000/?
15030000/?
15035000/?
15040000/?
15045000/?
15050000/?
15055000/?
15060000/?
15065000/?
15070000/?
15075000/?
15080000/?
15085000/?
15090000/?
15095000/?
15100000/?
15105000/?
15110000/?
15115000/?
15120000/?
15125000/?
15130000/?
15135000/?
15140000/?
15145000/?
15150000/?
15155000/?
15160000/?
15165000/?
15170000/?
15175000/?
15180000/?
15185000/?
15190000/?
15195000/?
15200000/?
15205000/?
15210000/?
15215000/?
15220000/?
15225000/?
15230000/?
15235000/?
15240000/?
15245000/?
15250000/?
15255000/?
15260000/?
15265000/?
15270000/?
15275000/?
15280000/?
15285000/?
15290000/?
15295000/?
15300000/?
15305000/?
15310000/?
15315000/?
15320000/?
15325000/?
15330000/?
15335000/?
15340000/?
15345000/?
15350000/?
15355000/?
15360000/?
15365000/?
15370000/?
15375000/?
15380000/?
15385000/?
15390000/?
15395000/?
15400000/?
15405000/?
15410000/?
15415000/?
15420000/?
15425000/?
15430000/?
15435000/?
15440000/?
15445000/?
15450000/?
15455000/?
15460000/?
15465000/?
15470000/?
15475000/?
15480000/?
15485000/?
15490000/?
15495000/?
15500000/?
15505000/?
15510000/?
15515000/?
15520000/?
15525000/?
15530000/?
15535000/?
15540000/?
15545000/?
15550000/?
15555000/?
15560000/?
15565000/?
15570000/?
15575000/?
15580000/?
15585000/?
15590000/?
15595000/?
15600000/?
15605000/?
15610000/?
15615000/?
15620000/?
15625000/?
15630000/?
15635000/?
15640000/?
15645000/?
15650000/?
15655000/?
15660000/?
15665000/?
15670000/?
15675000/?
15680000/?
15685000/?
15690000/?
15695000/?
15700000/?
15705000/?
15710000/?
15715000/?
15720000/?
15725000/?
15730000/?
15735000/?
15740000/?
15745000/?
15750000/?
15755000/?
15760000/?
15765000/?
15770000/?
15775000/?
15780000/?
15785000/?
15790000/?
15795000/?
15800000/?
15805000/?
15810000/?
15815000/?
15820000/?
15825000/?
15830000/?
15835000/?
15840000/?
15845000/?
15850000/?
15855000/?
15860000/?
15865000/?
15870000/?
15875000/?
15880000/?
15885000/?
15890000/?
15895000/?
15900000/?
15905000/?
15910000/?
15915000/?
15920000/?
15925000/?
15930000/?
15935000/?
15940000/?
15945000/?
15950000/?
15955000/?
15960000/?
15965000/?
15970000/?
15975000/?
15980000/?
15985000/?
15990000/?
15995000/?
16000000/?
16005000/?
16010000/?
16015000/?
16020000/?
16025000/?
16030000/?
16035000/?
16040000/?
16045000/?
16050000/?
16055000/?
16060000/?
16065000/?
16070000/?
16075000/?
16080000/?
16085000/?
16090000/?
16095000/?
16100000/?
16105000/?
16110000/?
16115000/?
16120000/?
16125000/?
16130000/?
16135000/?
16140000/?
16145000/?
16150000/?
16155000/?
16160000/?
16165000/?
16170000/?
16175000/?
16180000/?
16185000/?
16190000/?
16195000/?
16200000/?
16205000/?
16210000/?
16215000/?
16220000/?
16225000/?
16230000/?
16235000/?
16240000/?
16245000/?
16250000/?
16255000/?
16260000/?
16265000/?
16270000/?
16275000/?
16280000/?
16285000/?
16290000/?
16295000/?
16300000/?
16305000/?
16310000/?
16315000/?
16320000/?
16325000/?
16330000/?
16335000/?
16340000/?
16345000/?
16350000/?
16355000/?
16360000/?
16365000/?
16370000/?
16375000/?
16380000/?
16385000/?
16390000/?
16395000/?
16400000/?
16405000/?
16410000/?
16415000/?
16420000/?
16425000/?
16430000/?
16435000/?
16440000/?
16445000/?
16450000/?
16455000/?
16460000/?
16465000/?
16470000/?
16475000/?
16480000/?
16485000/?
16490000/?
16495000/?
16500000/?
16505000/?
16510000/?
16515000/?
16520000/?
16525000/?
16530000/?
16535000/?
16540000/?
16545000/?
16550000/?
16555000/?
16560000/?
16565000/?
16570000/?
16575000/?
16580000/?
16585000/?
16590000/?
16595000/?
16600000/?
16605000/?
16610000/?
16615000/?
16620000/?
16625000/?
16630000/?
16635000/?
16640000/?
16645000/?
16650000/?
16655000/?
16660000/?
16665000/?
16670000/?RACE:RippleSynchronizer.java:180, RippleSynchronizer.java:293
false true
ALL:41/7108780
WRDRaces:0
InvalidRace
RACE:RippleSynchronizer.java:197, RippleSynchronizer.java:293
false true
ALL:42/7108784
WRDRaces:0
ValidRace
RACE:RippleSynchronizer.java:293, RippleSynchronizer.java:180
true false
ALL:43/7108790
WRDRaces:0
InvalidRace
RACE:RippleSynchronizer.java:293, RippleSynchronizer.java:293
true false
ALL:44/7108791
WRDRaces:0
InvalidRace
RACE:PacketMonitor.java:138, PacketMonitor.java:270
true false
ALL:45/7108840
WRDRaces:0
ValidRace
RACE:PacketMonitor.java:142, PacketMonitor.java:272
true false
ALL:46/7108841
WRDRaces:0
ValidRace
RACE:PacketMonitor.java:152, PacketMonitor.java:274
true false
ALL:47/7108842
WRDRaces:0
ValidRace
RACE:PacketMonitor.java:194, PacketMonitor.java:276
true false
ALL:48/7108843
WRDRaces:0
ValidRace
Phase1 Time: 16.9960994s
Post processing starts...
Variables:479049
DynamicRaces:0
UniqueRaces:0
VALID RACES: 24
INVALID RACES: 24
DEF WRD ENOUGH: 22
FALSE POSITIVES: 6
Max writes:0
Avg writes:NaN
NotOne:0
PostProcessing Time: 3.1061397s
Reads:0
Writes:0
Read-Read-Races:0/0
Read-Write-Races:0/0
Write-Read-Races:0/0
Write-Write-Race:48/7108863
Write-Read-Deps:0
Write-Read-Dep-Races:0/0
ALL:48/7108863
Missing Edge Cases: 0
Free Counter: 0
Phase1:48/0
Phase2:0/0
